{
 "cells": [
  {
   "cell_type": "code",
   "execution_count": 266,
   "metadata": {},
   "outputs": [],
   "source": [
    "from __future__ import annotations\n",
    "\n",
    "import numpy as np\n",
    "import pandas as pd\n",
    "import matplotlib.pyplot as plt\n",
    "%matplotlib inline\n",
    "\n",
    "pd.set_option('display.max_rows', 100)\n",
    "pd.set_option('display.max_columns', 100)"
   ]
  },
  {
   "cell_type": "code",
   "execution_count": null,
   "metadata": {},
   "outputs": [],
   "source": [
    "Логистическая регрессия с нуля с применением градиентного спусука и стохастического градиентного спуска"
   ]
  },
  {
   "cell_type": "code",
   "execution_count": 267,
   "metadata": {},
   "outputs": [],
   "source": [
    "from sklearn.base import BaseEstimator\n",
    "\n",
    "class LogReg(BaseEstimator):\n",
    "    def __init__(self, gd_type: str = 'stochastic', tolerance: float = 1e-4, \n",
    "                 max_iter: int = 1000, eta: float = 1e-2,\n",
    "                 w0: np.array = None) -> None:\n",
    "        \"\"\"\n",
    "        Args:\n",
    "          gd_type: Type of gradient descent ('full' or 'stochastic'). \n",
    "          \n",
    "          tolerance: Threshold for stopping gradient descent.\n",
    "          \n",
    "          max_iter: Maximum number of steps in gradient descent.\n",
    "          \n",
    "          eta: Learning rate.\n",
    "          \n",
    "          w0: Array of shape d (d — number of weights to optimize).\n",
    "              Initial weights.\n",
    "        \"\"\"\n",
    "        self.gd_type = gd_type\n",
    "        self.tolerance = tolerance\n",
    "        self.max_iter = max_iter\n",
    "        self.eta = eta\n",
    "        self.w0 = w0\n",
    "        self.w = None\n",
    "        self.loss_history = None \n",
    "    \n",
    "    def fit(self, X: np.array, y: np.array) -> LogReg:\n",
    "        \"\"\"Fit the model on training data. Also, save value of loss after each iteration.\n",
    "        \n",
    "        Args:\n",
    "          X: Training data.\n",
    "          \n",
    "          y: Target.\n",
    "        \n",
    "        Returns: \n",
    "          self: Fitted classsifier. \n",
    "        \"\"\"\n",
    "        self.loss_history = []\n",
    "        \n",
    "        dimensions_x = np.shape(X)\n",
    "        rows_x, columns_x = dimensions_x\n",
    "        \n",
    "        self.w = np.ones((columns_x,), dtype=float)\n",
    "        \n",
    "        \n",
    "        for i in range(self.max_iter+1):\n",
    "            \n",
    "            previous_iteration = self.w\n",
    "            y_pred = 1/(1 + np.exp(-np.dot(X, self.w)))\n",
    "            Loss_function = self.calc_loss(X, y)\n",
    "            self.loss_history.append(Loss_function)\n",
    "            Gradient_L = self.calc_gradient(X, y)\n",
    "            self.w = self.w - self.eta*np.array(Gradient_L, dtype=float)\n",
    "            \n",
    "            if np.linalg.norm(self.w - previous_iteration) < 10**(-6):\n",
    "                \n",
    "                break\n",
    "                \n",
    "        \n",
    "        return self\n",
    "    \n",
    "    \n",
    "    def predict_proba(self, X: np.array) -> np.array:\n",
    "        \"\"\"Calculate probability of positive and negative class for each observation.\n",
    "        \n",
    "        Args:\n",
    "          X: Array of shape (n, d).\n",
    "             Data.\n",
    "        \n",
    "        Returns: \n",
    "             Array of shape (n, 2).\n",
    "             Predicted probabilities.\n",
    "        \"\"\"\n",
    "        if self.w is None:\n",
    "            raise Exception('Not trained yet')\n",
    "        \n",
    "        dimensions_x = np.shape(X)\n",
    "        rows_x, columns_x = dimensions_x\n",
    "        \n",
    "        predict_proba_returns = np.ones((rows_x, 2), dtype=int)\n",
    "        \n",
    "        predict_proba_returns[:, 0] = 1/(1 + np.exp(-np.dot(X, np.transpose(self.w))))\n",
    "        predict_proba_returns[:, 1] = predict_proba_returns[:, 1] - 1/(1 + np.exp(-np.dot(X, np.transpose(self.w))))\n",
    "        \n",
    "        \n",
    "        return predict_proba_returns\n",
    "    \n",
    "    \n",
    "    def predict(self, X: np.array, threshold = 0.5) -> np.array:\n",
    "        \"\"\"Predict class for each observation.\n",
    "        \n",
    "        Args:\n",
    "          X: Array of shape (n, d).\n",
    "             Data.\n",
    "        \n",
    "        Returns: \n",
    "             Array of shape (n,).\n",
    "             Predicted class labels.  \n",
    "        \"\"\"\n",
    "        if self.w is None:\n",
    "            raise Exception('Not trained yet')\n",
    "            \n",
    "        y_pred = 1/(1 + np.exp(-np.dot(X, self.w)))\n",
    "        \n",
    "        y_pred[y_pred >= threshold] = 1\n",
    "        y_pred[y_pred < threshold] = 0\n",
    "        \n",
    "        return y_pred\n",
    "    \n",
    "    def calc_gradient(self, X: np.array, y: np.array) -> np.array:\n",
    "        \n",
    "       \n",
    "        \n",
    "        \"\"\"Calculate gradient of loss function after each iteration.\n",
    "        \n",
    "        Args:\n",
    "          X: Array of shape (n, d), n can be equal to 1 if 'stochastic'.\n",
    "          y: Array of shape (n,).\n",
    "        \n",
    "        Returns:\n",
    "          Array of shape (d,).\n",
    "          Gradient of loss function after current iteration.\n",
    "        \"\"\"\n",
    "        dimensions_y = np.shape(y)\n",
    "        rows_y, = dimensions_y\n",
    "        \n",
    "        dimensions_x = np.shape(X)\n",
    "        rows_x, columns_x = dimensions_x\n",
    "        \n",
    "        y_pred = 1/(1 + np.exp(-np.dot(X, self.w)))\n",
    "        \n",
    "        if self.gd_type =='stochastic':\n",
    "            \n",
    "            n = np.random.randint(columns_x)\n",
    "            \n",
    "            grad = (1/(columns_x))*np.sum(np.dot((y_pred[n]-y[n]), X[:, n]))\n",
    "            \n",
    "        if self.gd_type == 'full':\n",
    "            \n",
    "            #gradient of Logistic Loss Function, calculated manually\n",
    "        \n",
    "            grad = (1/(columns_x))*np.sum(np.dot((y_pred-y), X))\n",
    "        \n",
    "        return grad\n",
    "                                      \n",
    "    def calc_loss(self, X: np.array, y: np.array) -> float:\n",
    "        \"\"\"Calculate value of loss function after each iteration.\n",
    "        \n",
    "        Args:\n",
    "          X: Array of shape (n, d).\n",
    "          y: Array of shape (n,).\n",
    "        \n",
    "        Returns:\n",
    "          Value of loss function after current iteration.\n",
    "        \"\"\" \n",
    "        dimensions_y = np.shape(y)\n",
    "        rows_y, = dimensions_y\n",
    "        \n",
    "        y_pred = 1/(1 + np.exp(-np.dot(X, self.w)))\n",
    "        \n",
    "        #in order not to put zeros into logs (as it will cause nans and infs in loss function)\n",
    "        #i added a small number to y_pred\n",
    "        \n",
    "        \n",
    "        log_y_pred = np.log(y_pred+1e-9)\n",
    "        \n",
    "        log_y_minus_one_pred = np.log(1-y_pred+1e-9)\n",
    "        \n",
    "        \n",
    "\n",
    "            \n",
    "        loss = -(1/(rows_y))*np.sum(np.dot(y, log_y_pred))-(1/(rows_y))*np.sum(np.dot((1-y), log_y_minus_one_pred))\n",
    "        \n",
    "        \n",
    "        return loss\n",
    "    \n",
    "    \n",
    "    \n",
    "    "
   ]
  },
  {
   "cell_type": "markdown",
   "metadata": {},
   "source": [
    "Генерация синтетических данных"
   ]
  },
  {
   "cell_type": "code",
   "execution_count": 268,
   "metadata": {},
   "outputs": [],
   "source": [
    "from sklearn.datasets import make_classification\n",
    "from sklearn.model_selection import train_test_split\n",
    "\n",
    "X, y = make_classification(\n",
    "    n_samples=10000, n_features=10, n_informative=5, n_redundant=5,\n",
    "    random_state=42)\n",
    "\n",
    "def normalize_data(X):\n",
    "    mean = np.mean(X, axis=0)\n",
    "    std = np.std(X, axis=0)\n",
    "    return (X-mean) / std\n",
    "\n",
    "X = normalize_data(X)\n",
    "\n",
    "X_train, X_test, y_train, y_test = train_test_split(\n",
    "    X, y, test_size=0.3, random_state=42)"
   ]
  },
  {
   "cell_type": "markdown",
   "metadata": {},
   "source": [
    "Обучение написанной логистической регрессии"
   ]
  },
  {
   "cell_type": "code",
   "execution_count": 269,
   "metadata": {},
   "outputs": [
    {
     "data": {
      "text/plain": [
       "array([0., 0., 1., ..., 1., 1., 1.])"
      ]
     },
     "execution_count": 269,
     "metadata": {},
     "output_type": "execute_result"
    }
   ],
   "source": [
    "LogReg_SGD = LogReg()\n",
    "\n",
    "LogReg_SGD.fit(X_train, y_train)\n",
    "LogReg_SGD.predict(X_test)\n",
    "\n"
   ]
  },
  {
   "cell_type": "code",
   "execution_count": 270,
   "metadata": {},
   "outputs": [
    {
     "data": {
      "text/plain": [
       "Text(0, 0.5, 'Loss Function Score (SGD)')"
      ]
     },
     "execution_count": 270,
     "metadata": {},
     "output_type": "execute_result"
    },
    {
     "data": {
      "image/png": "iVBORw0KGgoAAAANSUhEUgAAAXgAAAEGCAYAAABvtY4XAAAAOXRFWHRTb2Z0d2FyZQBNYXRwbG90bGliIHZlcnNpb24zLjUuMSwgaHR0cHM6Ly9tYXRwbG90bGliLm9yZy/YYfK9AAAACXBIWXMAAAsTAAALEwEAmpwYAABuIElEQVR4nO29aZgkV3UtunZETpVZQ1dVV7W61epudas1IwmpBQgMCBCjMfiBbLCNr/Ak29cDGBvbfPa7Nva1n69H7OsBsJkx2Exisg2SxYxAojXPPUvqsaq6a8o5hvN+nDgRJyIjMyNyzqyzvq+/rsqszDgRGbljxdp7r02MMSgoKCgojB60fi9AQUFBQaE7UAFeQUFBYUShAryCgoLCiEIFeAUFBYURhQrwCgoKCiOKRL8XIGPz5s1s165d/V6GgoKCwtDg3nvvXWKMzYU9N1ABfteuXdi/f3+/l6GgoKAwNCCip+o9pyQaBQUFhRGFCvAKCgoKIwoV4BUUFBRGFCrAKygoKIwoVIBXUFBQGFGoAK+goKAwolABXkFBQWFEoQK8goKCQh2czVfw5YdO9nsZLUMFeAUFBYU6+OKDJ/Grn7gfx5eL/V5KS1ABXkFBQaEOyoYNAHjs5FqfV9IaVIBXUFBQqAPLdgL8KRXgFRQUFEYKhsVHmioGr6CgoDBisGwe4B9VAV5BQUFhtGA4Es2JlRJWi0afVxMfKsArKGxAfPvgIhbWyv1exsDDdCQaYDh1eBXgFRQ2IH7+I/vxse/XtRFXcGDZDLpGAIYzwA/UwA8FBYXuw7YZKqaNUtXq91IGHoZlY9NYErpGePTkar+XExsqwCsobDAIXdm0WZO/VLBshoROuGzr5FBW0nRNoiGiS4joAenfGhG9vVvbU1BQiAahK1ctu88rGXwYFkNC03DFtkkcWsijYg7XXU/XAjxj7EnG2DWMsWsAXAegCOC2bm1PQUEhGkSAN0wV4JvBsm0kdMLlW6dg2gwHz+T7vaRY6FWS9WUADjPGVFZHQaHPEMzdUAy+KQybIaERLt82CWD4Gp56FeDfDOCTYU8Q0a1EtJ+I9i8uLvZoOQoKGxemo8EbSoNvCtOykdA07JzJIpfSh66SpusBnohSAF4H4NNhzzPG3s8Y28cY2zc3N9ft5SgobHgYppJookIkWTVtOBOtvWDwrwZwH2PsTA+2paCg0ASiikZJNM1hWAwJnYfJy7dN4rFTa7CH6M6nFwH+J1BHnlFQUOg9RJJVlUk2h+Vo8ABw2dZJ5CsmTqyU+ryq6OhqgCeiLICXA/hcN7ejoKAQHYK5V5VE0xSGZbsBfjqbBACsl81+LikWutroxBgrApjt5jYUFBTiwVBVNJFh2gyZJOfBCU1zHhue46a8aBQUNhiENGNYSqJpBtNmbmBPJvj/w3RhVAFeQWGDQVTPDFOg6hdMy0ZS5xJN0pFqhunCqAK8gsIGg+EyeBXgm0F2k1QMXkFBYeBhuhr88DDRfsGwbLdMUiRbzSE6birAKyhsMAgGag4RE+0XTKlMMqkrBq+goDDgMFw3yeFhov2CaUlJVjfAD89xUwFeQWGDwVSdrJFh2l6SNeH8r8okFRQUBhauF40K8E3hS7I6TH6YGsRUgFdQ2GBwJzoNkdTQLxgWc6WZZEIw+OE5birAKyhsMMgTnRgbnmDVD8gM3u1kHaI7HxXgFRQ2GGRpZpjYaD/AyyR5gE85TH6YktMqwCsobDDIVSBKpmkMuUzSTbIqBq+goDCokAOUGrxdH4wxxy7YaXTSlQavoKAw4JAlGlVJUx8ikHteNKqKRkFBYcAhz2JVAb4+LOc46U5g1zSCrpGqg1dQUBhcyBKN0uDrQ1z8BIMXPw9TJ2ukgR9EpAG4GsA2ACUAj6oZqwoKwwk5QCkNvj7ExU+USQJcphmmu56GAZ6I9gD4HQA3ATgIYBFABsDFRFQE8D4AH2GMDc8eDwnyFRPj6a4O3FLYoFAafDQIDV64SfKfaajueppJNP8bwMcB7GGMvZIx9hbG2M2MsasAvA7AFICf7vYiNxoW1st49h/dju8fOdvvpWxY7D92Dk+fLfZ7GV2BqcokI0Fo7UmZwesjxOAZYz/R4LkFAO/p9IIUgMX1CgyL4fjy8ExvHzW87d8ewAv3bsafvfGqfi+l4zBUmWQkhEo0ujZaGjwRzQL4SQCXOg89DuCTjLGm9JKINgH4FwBXAmAAfpYx9r2WV7tBIE6gimn1eSUbF2tlAyVjNI+/r4pmiEr+eg2vTDIg0YxKFQ0RXQbgEQDXATgArsNfD+BhIrq00Wsd/C2ArzDGLgVP0j7e3nI3BkSdbdkYnhNplMAYQ6lqDVW9cxyYPg1+eNhoryGOUy2DH57zohmD/2MAb2OMfUp+kIjeCOBPALyx3guJaBLAiwC8FQAYY1UA1XYWu1EgAoti8P1B1bJh2myovshx4EuyDhEb7TWCjU4AH9s3TBfFZknWZwWDOwAwxj4LLrs0wm7wqpsPEdH9RPQvRJQL/hER3UpE+4lo/+LiYuSFjzLEF1Ax+P6gVOUX1mEylYoDw/L8VZREUx9CgxdWBQCQSgwXg28W4AstPgfwu4NrAfwTY+zZzt//bvCPGGPvZ4ztY4ztm5uba/KWGwMVxeD7iqII8CN6/E3bxlhKB6AkmkYQWrseYPDDVHnUTKKZJ6J3hDxOAJpF4+MAjjPG7nZ+/wxCArxCLQRDqCgG3xcUqyaA0Q1+hsmQTelYL5tDlTDsNVyJRpOTrMPF4JsF+H8GMFHnuX9p9ELG2GkieoaILmGMPQngZQAea2GNGw5Kg+8vBIMfpi9yHBi2jWwqAaAysonkTiCsTDKlay4BGAY0q4N/d5vv/2sA/pWIUgCOAPiZNt9vQ0Bp8P1FoSIkmtE8/qbFMJZUEk0zuI1OskSj01DZBTezKrgCvIv1i87vfwPevQoAf88Yu6/R6xljDwDY14F1biiI5hPF4PuDksEZ2qg2ARmW7dpgjOpdSifgJlmlOvhha3RqlmT9MwBL0u+vBPAfAL4O4H91a1EbHaoOvr8YeYnGkpOso7mPnYDrRaMF3SSH55g10+C3Msbukn5fc0okQUS/2L1lbWwoBt9fFB2JxjCHh6nFgWnzJCugJJpGEI1OCV8VjTZSI/t8CVbG2POkX+c7vxwFQDH4fsOrohnN42+YIsk6uvvYCYQz+NGSaE4S0XODDxLR8wCc7M6SFLwkq2Lw/UDRGO0kq2EzZJIaiIZrgHSvIZKscqPTqEk0vwPg34nowwBEQvU6ALcAeFMX17Wh4ZVJDs+JNEoQEs0oJ1mTuoakpo1st24nYISUSQ5bFU1DBs8YuwfAcwHo4J4ybwVvcnqe85xCFyBOLMXg+4NRT7KaFkNC04aOjfYaVoibZFLXhsreoaldsOP7/r8AwKlnvwLc+lehS6goBt9XiDJJm3EJQy6TGwUYlo1kgpAcMl+VXiMsyZrUtaEyaGtmF/xepxYeRDQF4AEAHwVwPxHVHQai0B6UBt9fiEYnYDSrTAzLRlLTkNCGK2HYa9QvkxyeY9aMmryQMfao8/PPADjAGHsWuA7/211d2QaG0uD7CyHRAKOnw9s2g804K00piaYhwhqdEpoGy2ZgbDiCfLMAL/u3vxzA5wHuM9OtBSl4DL5q2rCHKKEzKpC9RkYtABpu+72mJJomMNwqGj+DB4bnzq5ZgF8hotcS0bMBvADAVwCAiBIAxrq9uI0KuTxv1BjkMMDH4EfsLkoEpqROSOraUFnf9hqWFV4HDwzPhb9ZkvUXAfwdgPMAvF1i7i8DtyxQ6ALkoF42LGQcYyiF3qBUlTX44fgiR4WbONQ0JDRSBKIBxOxaf5kkD/DDcmFs5iZ5AMCrQh7/KoCvdmtRGx0ya1Q6fO9RqJpI6Rqqlj1yAd5l8Alt6KYT9RqWbSOhEYhku2BHohmSSppmVTS/T0TTDZ5/KRG9tvPL2tgIMniF3qJUtTCVTQIYvQusCOhJjYZugHSvYVrMVyIJeAx+WI5bM4nmYQBfJqIyeCfrIoAMgL0ArgHw3wD+tJsL3IiQT55RCzDDgGLVwvbpMSyuV4YmmRYVcmXIsA2Q7jVMm/lsCgBPjx8VieYLAL5ARHvBk6xbAawB+DiAWxljpe4vceOhatquRKAYfG9h2wwlw8LUGGfww8LUosKQhlikEhryleGZTtRr8CY3P4NPJXjAH5bcRdNOVgBgjB0EcLDLa1FwYFgME5kEzhaqisH3GCXnguoG+BE7/q5Eo2tKomkCI5TBD1eSdbR6sEcEVdPGRIZfexWD7y1EiaSrwY9YADSl0r+kTkMTqPoBy2K+EklAroMfjvNCBfgBRMW0MZFxAozyhO8pRJPTprEUgBFm8AkNCUcGVAiHYddKNMNWB68C/ADCsCQGr6Y69RQug3c1+NFiuG6ZpKYhpSSahrDsWgYvAv6wWAZHCvBEdDER3UlEjzi/X0VEvx/hdceI6GEieoCI9re72I0CWaJRDL63EAF+U3Y0k6yyQ2JSp5EdS9gJ8DJJf4gcVQb/zwDeBcAAAMbYQwDeHPG1L2GMXcMY29fC+gYOjDG84R+/i/96+FTXtsEZPA8wisH3Fq5E4wT4kbMqkDzOk7rmTi1SqIVh2Q00+OG4MEYN8NmQAR8bsr6qZFi47+kVPHxitSvvb9sMps0Ug+8TghLNqGnUIqcgvGhG7QLWSVh2SKOTW0UzHMctaoBfIqI9cAZ9ENHNAKJQWAbgdiK6l4huDfsDIrqViPYT0f7FxcWIy+kfhFd4twZii4CiGHx/IBj8qNbBy3NGh83bvNcIK5McNokmUh08gF8B8H4AlxLRCQBHAfxUhNe9gDF2kojmAdxBRE8wxr4l/wFj7P3Oe2Pfvn0Df7YVnMaQSpcCrxvg04rB9wOeBs+raEaN4YqAnkqQkmiaQHjRyBg2iaZpgCciHcAvM8ZuIqIcAI0xth7lzRljJ53/F4joNgDPAfCtxq8abBQchtctBi9uodNJbgalGHxvIZwkN40ogxf7k9B4maRh8eEVsqGWAocR4kUjGPywXBibSjSMMQt8ghMYY4WowZ2IckQ0IX4G8AoAj7Sx1oGAYHjdCrxVqdMwk9AUg+8xhAQnciDVIWFqUeF50ZDnjDhi+9gpmJZd28kqjtmQVB9FlWjuJ6IvAvg0gIJ4kDH2uQav2QLgNocZJAB8gjH2lVYXOihwJZoudZgKSSCla0gn9a5JQQrhKBomUk4T0CjWiQsvmpRTRQNwVi88VhQ8hCVZ3WM2JAw+aoCfAXAWwEulxxiAugGeMXYEwNWtL20w0e0kq9xpmElqXduOQjhKVQu5FB+wktRp9DR4U9TBewFe2RWEw7AaJFmH5LyIajb2M91eyLDA0+C7w6wrMoNPKAbfaxQqFrIp/rUYxYEYogNTNDoBo1cK2ilspE7W7UR0GxEtENEZIvosEW3v9uIGEUVHoumWBi/00LRi8H1ByTAx5jL40QvwbhVNQKJRqEWYF03KPWYjFOABfAjAFwFsA3A+gC85j204FJwka7eSn1VTTrIqBt9rFH0SjTZyds1eFQ11RKJZWCvjD77wyEheJEIZvDaabpJzjLEPMcZM59+HAcx1cV0Di0LXGbwj0SQ0pBWD7zmKFctl8OmENjRMLSpEB6aukctO25FovnVwCR/53lM4tJDvyPoGCWFeNLo70Wk4vpdxOlnfQkS68+8t4EnXDQe3TLLrDJ5aZvD3P72MLz54suU1lA0LjEUPbKslA0v5SsvbGyQUDdPV4JO6NjTJtKgwbIaUroGIJLmh9X0Unb+FEZwMZVi2m6cQEMfNGCUNHsDPAvhxAKfBLQpudh7bcHAZfLfKJDvA4D9y1zH82X8+3tL218sGrvvjO/C1JxYiv+aPv/wYfvnj97a0vUFDsWIhKySaBA3NrXhUGKanK3dCgxcj/0Zx9J9lM5exy0joNDQX/qhVNE8DeF2X1zIUEFU03dbgU21o8GXDRrHFC9DZfBWFqoXjy9HH7S7lK1jKV1va3qChWJUC/AgOxDAlXTmZaD9hWHTKhkX58CjBCGl0ArgOP2pVNB8hok3S79NE9MGurWqAIU7kqmXD6sKH7Ab4Nhh8xbTclvu4EDNJ41xYqqY9MvXixaon0aRG0G1RbmpKdiBhKJi7ID6jhLAkK8C/m8Ny4Y8q0VzFGFsRvzDGlgE8uysrGnAUpRO5GxUu8lDkdEJvqWO2YtqomK1dgESAjxPYqqY9MtU+MoMfhDr4v7vzIP60RbktDDIr9Ri80uDDYNi1SVaA+/gMS5I1aierRkTTTmAHEc3EeO1IQb4VrRg2HNPBjqFGg2+BQYrSvrJhIZeO9zGVqy0EeMseiXLCqmnDtJlPoul3Fc13Dy11VN82JQOtTpRJFlyJZvQCvBmSZAV4bmZYun+jfvv/CsBdRPQZ5/cfA/An3VnSYEO+Fe1GqaQs0WQSOqqmHdvtT7DpYjV+gHclmhgMpWqORoAXstYgSTQlw+rosRVVNIBX092O3OAlWUfjDk7AthlshtAka1IbHokmapL1o85MVeFF8wbG2GPdW9bgolCxMJbUUTKsrpRKugxe5wwe4Iw8k9Qjv4dIALeiw7cq0bRyIRo0iIu3V0XTf4mmWLU6Kn/JVTSpDko0xRHT4E1ptGEQCX14GHxDDZ6IskSUBAAnoN8BIAng0h6sbSBRrJqYHee6TDdKJYUNqehkBeJX7AjGV2phfaUWJBqxvWFhNfUgehzGZLOxfgf4itlRImHakgbfkTJJy/l/tAK8yF+FMvghGpTSLMn6FQC7AICILgLwPQC7AfwKEf1Zd5c2eLBthmLVwmyuewG+alnQNYKukcvg40pBnkQT/0tXboHBiwDRbzmjXYiLW26AJJqiYXXUmtqwmJtc7cR0olFNshruaMOwOnhtaOYENAvw04yxg87PtwD4JGPs1wC8GsAPd3VlAwhRWz7jBvjOf/kNy9NI+8Lg3TLJeEnWuK8ZRAQlmkGoouESTQc1eMt2yyM7weBFYB+1OnghwYRJNCmdhqaKplmAly9TLwWXaMAYqwIYjj3sIIST5LQI8F1Ksgpm1SqDFyy8FQ2+2EoVjTkaAb5UI9H0t4rGtGw3gR3HOqLxe9ZW0bTTlelW0YycBu959gSR0Pp/4Y+KZknWh4joLwGcAHARgNsBQG562kgQTpKbx9MAujPVqWLaSDnMvRUGzxhzA22xnSRrzCoa+f9hhTheovKo352scjdy3ER7PVQtGxNJsX/teZtbNnPPl1GTaDwGH25VUDJGQ6L5BQBL4Dr8KxhjRefxywH8ZRfXNZAQJ7GQaLrBWA3LRtrRSMUXOg6D50OU+c+tSDRx6+Btm7kBYtibnQQLHUt6Ek21g+w5LuQ7sE6da6Ztu8xd/N/qRUzO8YyaROMlWcMkmuFJsjZk8IyxEoCaZCpj7C4Ad3VrUYOKYIDvSpI1TKKJsR05yPaiTFIODsPO4L06eCfASww3jMl1G0VfgLfAC9jag2lJXjSuRNPaBUwE9ZSujVwVjddRXs9sbDQYvIKEoivRdDPJ6nmFtCLRyEyvtSSro6dHZHXy9oZdgxcMXpZogP4Nd/DZYnToXKtatltFo2sEjVrfP3G85ibSKFTMvt3pdAONyiQTujY0Q7dVgI8BcULP5LgG3z0Gzz+WVpKscpANavDLhSo+d9/xhq+PWwcv/90oMHgiuBKZK2H0ab9qGXz7MC3mVtEATiK5xWAl7mjnJ9Mwbdb3noFOQiTXw9wkU7o2Go1OnYAzIOR+Ivpyt7fVbYgTeraLZZLVdhm8IUs0/tvmLzxwAu/41INYXK8/nKMc001S/lIPuwZfrFrIJnW3G1d8Dv0KXHKA79S5Zlq2z0CLDzVpT6KZn0j7fh8FCI09VKLRhmdOQCSrAiK6GMA7AeyUX8MYe2ndF3l4G4DHAUy2ssBBgjiBJzIJJHXqYplkZxh8UKJZK3vDGeacL2UQsTX4EWLwxaqJrOTd0+8By6UuOJdWLear7U7qrQcrl8FPZNzfRX5q2GE26mQdolGOUZ2oPg3gvQD+GUDkM42ItoM3RP0JgHfEXt2Aoeg2wiSQTuhd6mS1Me4EmXY1+KBE43p3N0iIxZVoDKt9Db5sWB0pAWwXslUwwF0DgfbqxNtdj0CnNHheRROQaCIE+LJhYa1suMEc8CRLweBHKdHaqNEpOUQMPqpEYzLG/okxdg9j7F7xL8Lr3gPgt9GgKYqIbiWi/US0f3FxMeJy+oNC1UJK17jTY1LrWplkWwzekG/r4wf4csw6ePlC0EoQWspXcPW7b8ddh5div7bT4AHe4zztlhG2i0I3yiQt5tOVozZzve+bR/C6//td//qcO9otkzzoj5LhWMNGJ314/OCjBvgvEdH/JKKtRDQj/jV6ARG9FsBCswsBY+z9jLF9jLF9c3NzUdfdFxQqJrJpzvC6xuBN25UGRLKvYwy+3Hz6TlyJxldF08JJf2qljIpp4/i56CMCuwU+zclj8Kk+J1lliaZT5xqvopEZfDQ2ema9jNNrZd+xEAF9blIw+BHS4Bs0OiWHaOh2VInmFuf/d0qPMXDjsXp4AYDXEdFrAGQATBLRxxljb4m/zMFAoWK5RlSZpNaVuayGxdzkHhEhldBa0uDH04maAB/FNySuVYGfwcf/gou7im7kM+KiWLVceQzozMSjdtcj0DkGbyNZw+CjSTQAsFKsYt5h7OKzmxsXSdbRY/BhVTTt5C16jah+8BfGfWPG2LsAvAsAiOhGAL81zMEd4Iwl5zD4TLJ7DF7W/TKJeBcSkYzblE3WrG89igbvvMa0GWybQQu5RfWtV250auGkF2vpxrGMi1LVcvVkYBCSrJ0tk7ScIRaJGg2++f6Jc3ClZLgBvli1kElqmBrjDVijqMHXswtmjB/PsOcHCVGraJIAfhnAi5yHvgHgfYwxo0vrGkjkK95A5kxS704VjVQmCQDppB7ryy3K6aazqfoMvk6Hq2UzVE1ulVAxbVQtGxmtcfKzXQ1eyEXdKDmNi4I0cBuQyiT7mGQlAhjrzPGR5/0KRGWj4gK8XKi6j+UrJnKphNsYNloMvvHAD4AfT73J96PfiKrB/xOA6wD8o/PvOuexSGCMfYMx9tr4yxss8BF4gsFr3amDN223RV5sp1UGH7QqaJZkFV9iwciibNdXJtkSg7d82+4nSlXLdZIE+t/JWqia2CQ+iw6QCS9oxa+iERLRctHjdMWKiVw64X4nWjG3i4KqaePkSm9zNA3LJLX+nhdxEDXAX88Yu4Ux9jXn388AuL6bCxtEFGQG36UkqxFk8Il4dwoiKG/Kpmrq4AtNArz4+01ZJ6hYzbdblf6mJQbvrGUQbA54jkUO8O3PLG0HpaqFaWeqeyfyPaLyo7aKJp4GL5Cv8LLSdEJHUqeuSTTv++ZhvPJvvuXaB/QCpnu3EybROB5FQ1ALHzXAW0S0R/xCRLsRox5+VCAn4dJdKpOs0eBjM3gnwI8la8rW1ptU0QjGv2ks5a4lynq9bbeRZO0zgy8bFkqGhcmMZ+jV7yqaYtXCRCaBhNaZpjpxoUpKBCJq047Yvo/BV033+5BNJbom0Xzn0BLWK2ZPPedF8E6ESjTDw+CjVtG8E8DXiegIAALvaP2Zrq1qQMEZvOfV3umgJKx3ZQaficvgfUlW202UGpbtBv96VTRifyYdWSBOgE/q1FIg9JKs/f2yHF0qAAB2bc65j3ViKHU7EJJROmaivR7c0j/ZiyZi0474fGQGX6iYmHLuMMbTia4w+Kpp44FnVtztyRfgbkJINGEj+9zke4Q7isX1CsbTCZ/010tEYvCMsTsB7AXw686/SxhjX+/mwgYRharpJpTSSb3jQUkwLH+SNT6DT+mau05xcZDZVTOJRmjwUaQJMZtyIpNs6Y7GTbL2uUxSBPgLpQA/CBp8LpVwEu2dC/A1XjRxkqxygK9aGHf091xaR7ELdfCPnFx19130cfQCZsOZrEKiaX7cbn7vXXjPfx/o7OJioCGDJ6KXMsa+RkRvCDy1h4jAGPtcF9c2ULBshrJheww+qXV8opMb4HU/g18tRS9Wqhi8CkYMrSg53Zkyu2om0Uy1wODH04mWGLxojunGdKw4OLKYBxAe4Ps1YNnH4Dsp0chJ1kQ0Z0RBZmSJRs5J5dKJrkgo9x5bdn9e72GVjtnATTKqRGPbDM+cK+LwYqHzC4yIZhLNiwF8DcCPhDzHAGyYAC/0bNcnpsUyybJh4fRq2ScFCAjPk/YYvIV0UnNvCYtVC7PwyzL1JJoaBh8zwLcShAZFojmyVMB5kxn3zgcYjDLJbEp3ei46wOBdh0SJwWsU6U5NXIBXAwFefB+6JdH84Ng53/Z6BZfBhyRZU26ZZOML43rFhM2AxfVy5xcYEc0mOv2B8+MfMcaOys8RUezmp2GGCIpyFY1hsdjNDh/73lP46zsO4IE/eDnSCb8uVw2pU46vwdtIJ3SPwTtfzHzFcNavRyiTTLjv1QxVy4KuEbIpfagbnY4sFrB7zn/RTfVZoik6dfmdYvAeK22nTJJLNIwxFKSy4WxKx5m1zgYyxhjufWoZV2ybxKMn13os0Qg5K3zoNtD8vBAXw4UG9tzdRtQqms+GPPaZTi5k0OFN+/EkGiB+YDq0kEfJsHA2X615TvhyyxJNKxp8Oqm5UpKQXYQUct5kpm69snh8KhuPwQsDtnYanfpZJskYw5HFvE+eATwpo59ukllXoml/DeFVNNSUiVrSMA8h0VRMG5bN/BJNhzX4o0sFnC1UceMl3KOql52yjSWaaAxeXAwX1yuw++Rd0zDAE9GlRPRGAFNE9Abp31vB/WU2DEQCSXjRCCOwuAH+5Cpv2AgL8KKmPBmsg48zk9WwOINP+ZtPBPuZn0zX/aK4dfBj0YeKV01et59OaEPb6HSuUMVa2cTuuXHf47pGoDZG2rWDqmnDtBkP8B2yxfCqaOIlWcXdQ0IjrBSrnL1X/JLleBc0+P2O/n7jJfMAeh3gbRCFNzoJAtYsybri5M5Mm/mS071EMw3+EgCvBbAJfh1+HcAvdGlNAwlxcmUlLxogPvM8scwD/FKh9ratWo/Bx9hGxfQnWUVgEF/ILZMZ3PvUcuhrBdufjFVFw+v2W2Xwg2A2JipodgcYPBEhpWstuWS2C/FZjDkSTSeCm9voFLOTVej/WyYzOLFSQr5iusRB3ClyBt/ZAPyDY+cwnU3iqu1TAHqtwbPQChpATrI2ZuVySenCegWz4+FDdrqJZhr8FwB8gYhuYIx9r0drGkiIJGtO8qIB4jFPxhhOrDRi8CLJKlkVJHiJHGPMHSXXCBXTQjqhubfO4ou4LgV4w2LO3/lzAEGrgigSjbigpBPxPHMEBiHJesSpcghq8AC/2LY60q4dFA0xXIZ3ioadL3ERluPhXjSN90+cF+dN8QC/UjTcC47M4OudV63i3qeWcd3OaaQTOlIJrbdVNDYLlWcASbprMstW9u05s1bGZVsnO7fAiIiqwf8SEW0SvxDRNBF9sDtLGkwIg65aDT56YDpbqLps/Gw+jMGLMknvCyKGfkRl8WXDRjrpJVnFhckbr8ZZRFjNcsngCVPxpY2swQuJJubdjG0z9wLUT4nmyFIBSZ1w/qaxmud4p2fvLz5eUl/nvkcdTLIGvWgsxzm0HuQAD3Bt2Z1u5nay6r51t4ulfAVHlgrYt4uPnRjvwh1CI5gWC02wAt4Fsll56YpU3tyvRGvUAH8VY2xF/MIYWwbw7K6saEBRrIgkq9foBMSTFmTDpLOFkCRrSKNT3LF9rkST8t9h5CsmMknNlV/CbvlLVRvZpC6VB0bwopGTrDEDvNBsExqF7t+n9j+Dx0+txXrPVnBkMY+ds7nQtvSUHv/C1QmUXAmEj4fsSCdriMe528zVgI0KErN1UgR4w03ae41OnXWUFPr79bumne0ket7oVF+i8dwkG2GlaLi5ukaD7ruJqAFeI6Jp8YszzSmqzcFIwNXgpTJJIB7zlAP8UgMGLzOsuGP7hERTk2R1apaFxBSWECsZFjIpL8BHK5MUDF6PHQgF25sdT6Fq2TVmUn/whUfxyXuejvWereDoUqGmgkaAV5n0PsB783/1jvkeiYatVGCiE9BYTxbSm2DwK8WqS3jE90Hc9XUq0XrP0XNIJTRceT7X33NdqrOvB8NioRd8IHqHMx+OksZkJoGFDpeQRkXUIP1XAO4iIlEa+WPgg7Q3DIJJJSHRxGFWx50E646ZbBMNvg0Gb9Spgy87AT5d/1a6bFgYS+qxTLaE+2U7DH4ml8aZtQoqpjcT1bYZSoZVY3ncaVg2w1Nni3jpZfOhzyf11qqD2kXREElWnedhOlJF04DBmzZQJwcoGLwX4A33eyACeycZvG0zfOWRU3j+nllXz5/ocYC3GjB4zy64WZmkgelsCumEPtgSDWPsowBuBnAGwAKANzDGPtbNhQ0aClUTqYTmfiFaSbKeXCkjm9Kxey6Hs6FVNLVWBfEZPK+D1zVCOqG5AbLgenfX/yKWqjzAJ3VeHhipisaRaESZJGPRE5JiDbO5WktccWEKWh53GieWS6haNvZsHg99PhWxEajTEJ8b96LpDIP3vGj8GjzQRKJxzr0tk7IGH6iicf7vxFzW/U8t4+RqGT96zfnuY+OZ3gb4hhp8IpoXzUrJwNRYEvMT6b4F+DgyyxMAlsVriGgHY6z7988DgmLFP68zHUPGEDixUsS2TWPYPJ7Gk6fXa57vjAZvuWsbS+lugFwPSDRBK2HAk2hEeWDUJGs2m/DJOuLi1wziCzs7zgO8fBETAaTbDP7wkuNBE1JBA/DPoh8afKEiV9Hwi2eUEYqNEOZ1FEmiMbyLzUQmgZWi4V4YcgEGX+xAEP7CAycwltTx8su3uI/l0gkUlnqXiG9UReN2sjZpXlopVrFzJguNgHufDi9N7jaijuz7NQB/AM7gLXDLYAbgqu4tbbAgWwUDrTP48zeNYXY8hbP5ak3po6fBy37w8ZK5wqoAALJJ3Q2UhYrpeK3UZ1olw8KYc8cQVXKpSFU0AA8iUQO8q8HnuDYgVySJwN5tBn90MbwGXiDqzNJOoyRJNOLzrJh2W7azXh18HYkGXLLSCL7zUnwumaSG6WwKy8UqcmndvUsEPKmmXZZdNW38x8On8PLLt/h8gcbTCXeeQS/QKMkatcN5uVDFpmwSmaSOM2uVyKXOnUTUJOvbwC2Cr2CMXcUYexZjbMMEd8CzbhVoJcCfWClxBp9Lo2rZNXW9YQw+HUPrZ8ybqQoAmZTuk2jGM55EE8bghQYPIHJnqpdkjZ+TKAQZvHQsRR14twP8kaU8JjMJzDgyURBJPZoZV6chSyBuvqfNUskwfxW35M+RaH71E/fhNz/9oO914nPJJHVMZ5NYLhru9CsRsDqlwX/n0CJWigZef8023+Pj6foeSkEwxvB/7zyI48vFltcRJclqNpC1LJthrWxiUzaF+Yk0qqaNtVLvZ9ZGDfDPAFjt5kI6hd/97EP44HeONv/DmJDnsQJSHXzE2/dS1cK5QhXbp8eweYIHk2CiVTDmMIkmyoVEvF5cFLKSRJN3NPhGTKsozSSNI9GkdU1imdGDkFjD5pAAL9h9tyWao0sF7J4br8uskn0qkxQDtzMJP4NvB40kGtFF/YNjyzi25Le3lQP8pmwKK8Wqm9MRcJP3bX5eX3jgJDZlk3jh3jnf4+PpJEqGFcmDfTFfwV/dcQBfeeR0y+uwGnayNpe1hMX3dDaJeSd3sdAHV8moAf4IgG8Q0buI6B3iX6MXEFGGiO4hogeJ6FEienf7y22Orz2xgLuPnu34++YDJ3TcMknhQbNtU8aVJILNTmFfwDiNTm6AdyWahMvU8xUTE2ne9q5RnUanquXemUSVaMSIQbHOOMHQS7L2T6I5slioK88A/E6mL2WSFRNjSR2aJIO02wxWz00S4HePa2UDS/lKjRmdd15pDoOv+obfAPycTWjUFoMvVk3c/ugZvOZZW30kB0DD6q+a93H+pp0h4IZl10+yRnCTFDYFm7JJt7mwH4nWqEnWp51/KedfFFQAvJQxlieiJIDvENF/Mca+38I6I2OtbHRlunuxYrkfFABoGk9ERu1kFR4026bGMJ7hh30pwOBFS3zQLhiIyuAF0/IkmtWSAdOyUTZs5NIJEFHdmmJZouHJxQiNTqJMUo+fdC5UTBAB0znefOVPsjoSTRcZfKlq4dRqOdSiQCCqnW6nUTQsqSS3MwxesF+9ToAXzD14bngavGDwnkQjIM6rdgL8HY+dQcmw8Pqrt9U8N+F8Z/JV03U7rQc379RGTX4jBq9pBF2jhp2swnVTSDRAfxh8pADPGIvNvhmvl8s7vyadf13NVlVMC2XD7kqAD2rwAGfXkRm80+R0/vSY+6UKlkoKb3X5CxiLwRtBBq/j9GrJZT1uzXIqUbeKxtPgozUuuVYFrTD4qoVcKuEFMOlY9qJMUhz/uYn6JlB9S7JKclkr+Y0wVC2GlK755CgvwDMcX+YBPvj9KZsWkjo/L6ezKayXTayWDB+DB8TQj9Y/r68+ehrnTWZwvWNP4H9vpwM7QqK1ZLRPDkyrfhUNwO+CGl34V0sOgx+TJJq1AWXwRPR1hARnxthLm7xOB3AvgIsA/ANj7O6Qv7kVwK0AsGPHjijLqQuRxOiGZwXX4P2HKxOYlXlipYSkRu4HKuPESgka8VpiUSoe1OAN5wvo20YDBl+smk4lg1//lsski1UL686wD68pRa+51WWMNxa5GnzUJKspGHx8likqk8IYai88atxa83T9r0G/yiSLEqFIdyrJGiI7JKW2+yMOgw9+f8qG5Z6Hmxz2fHKlhKu2b/L9XS5GIjQMJ1bK2LtlPLQU1Kv+av7+4txuxxfHtG2kkw3OiyYX/uWC0OBTGE8nkE31p9kpqkTzW9LPGQBvBND0SDPGLADXOEZltxHRlYyxRwJ/834A7weAffv2tUWVRGKjG6wvXzFdq2ABPu3e29avfuI+TGdT+OBbr695/YmVErZMZlzGNDWWrNXgTdtnUwBAshyoPdy3fPAeXLZ1En/0+isBeLfScoAvG5bH4DP152dyx0rESrLaNoNp84tSKwxe2CeEVSSJAG9YDIZjSdxpFALNOmHoWyerxOC949OmRBMiO8gSjbBNrpi2czHwDPWE95II8AvrFdeHRiCbas8T/lyhgl2z2dDnXIkmQoB3eyiM1tfSyC4Y4InWRlU0wv99OssV7fmJdMcnXkVBVInm3sBD3yWib0bdCGNshYi+AeBVAB5p8uctY63MA3ynJ8sYlo2qaddINMG5rMeWCjihl4IvB8AZj+xWODuewlLAcIzr2f4vjShBDLNKfeps0W3tB+QqGn8dvBjXl5MkmjCWBsCnwReLjb8gsrWCp8FHP/aiEsNLIkoMXlpfybC6EuCDfiphSOn98qLxNHivqa6981rkS2TIEs3Rpbz7eNGwMCk+U8Ny8zoiYAGek6RAu46P5/LVuuWqccowRWBvL8lav0wS4L0EjSUaAxp5F6b5yUxfGHykbw0RzUj/NhPRKwGc1+Q1c8JimIjGANwE3g3bNbgMvsOTZYJt2QKZpJdkLRsWlosGFtYrvsHEAqIGXmBzLh3K4FMhmfuJTLiTXr5iuvsMhEs0JcNyG0Q8579aiaYUEuCbyS0iwKdb1eArvPQ0lMFLP5e7lGgVn2vwwi0jqWt9GdlXrFoYS4rpYZ1LsgZ1ZWE8VrVsHF0suOe4XGVVNr3qKjnAjwcCfNh5FRVlw0Kharm2FUG45b0RNHjxuYZVikVFIy8aIIJEU6xiaizpyk3zE+m+OEpGpUX3Sv++B+A3Afxck9dsBfB1InoIwA8A3MEY+3KrC42CNSfYFQ0rlidK1PcVV2OBjDRO79Sqd/t1YMFvQ2DZDKdXyzh/2s/ggxq80LODCJtYbzle6uKuBfCXswE8wDPGR9Lx9+G312ESjTdBSK6iaRLgzTAG34JEE8Lg5QRZtxKt4hg06g6NmovoNEpV09WdO1UmaYT4q4iAf2K5hELVwuXOUAr5/OAGdvzvNkkVLEHC047jozhHZ3LhCe84nbLi3Cm2I9E0ZfCN7+xWigY2SRfD+YlMXxwlG0o0wm+GMXZh3DdmjD2EHnvGi0DMGA8W7bR1yxDa5I4ZfzldJqm72vipVU+aOXBm3VcJsLhegWExH4OfHU/h7qPBJGudAB/C4MWJLnfHBatoBBsXt4YiYGRDJBoRRAVTS+sRGLxkjpZ2E6UxJBqnljrh1FCHlUnyn7vM4NONNXjDYj1vMy9UO18maVh2TRJfzP89cIaTkivPn8L+p5brM/hcfQbfzlxWL8A3lmjiJFnbYfCmzZBswOCTutawTJIHeO9iOD+ZRqFq1TSIdRvNGPznxQ9E9NnuLqV9rElBsJMDgA8tcG1y7xa/46As0Zxa8a7OB8/kfX8nxvSdv8mrrpnNpbFcrPo680TTUBBhPhzrDnP3M3hHopE6WQFv2MCEw+DHQ26lwzT4Zsw1jMHHbXQSJ3smMFi62AMG70lvjatogObWsJ1GySfReFp4OwhzSBRJfWF+J/zX5e9P2bBdDT6X0t3XBI9bNpVoOaiKATjCtiKIpK4hk4w2m7bYAQ3etOzQgdsCzcokV0pVbBqTAnyfmp2aBXh5D3d3cyGdgKxHd7JB5uBCHtPZZI0+mJaSrKed269Lz5tw2ZCAF+C9CoHN4ykw5jVEAOFJMIBLK8EkqzjRq6btBsZaiUY0VPkZfC6dQMmwfAM2igGJJsoIPnnGZ9zRggBnWuNugPc3jclfzq5p8JJjYz24F64eyjSMMRSrnrldOqYtRj0YIRq86Mo8tJhHOqFhj9P0VfQFeK9Mkohc6SF45zOe1lF1ChLi4pzTk1CPwfP3jyYBuf5LbZA8w24s0TRrgFsuGL58xfwEJ3e9rqRpFuBZnZ8HEmtSgO8sg1/HRfO1fiUZaZTaqdUSNjkT4IMBXjQ5bZMZvDNhXW52qsfgJzMJtxJGQJZsxH4HrQoEG19cryCT1NwTNswy2NXgk61p8HHtky1noIdXKeIf2l2smu57dk+Dt5DStYYVOlGdAzuJimnDZvLFNp5ldD0YNnMlGQHxe9W0ceHmnFSOKF1gDcvnEDrtSA/B5HQ7hmMiH1UvyQpEH9snW023motr1MkK8PPCbGAXvFKs+jT4LZODyeCvJqI1IloHcJXz8xoRrRPRWi8WGAcyg++UbssYw8GFPC6an6h5jg9icJKsK2VsnRrDxVsmsJSvupoiwC1pJzMJTGS8WzZxIsuJVsPyklkywjR4WbIRMo24hQ+TaGS91Psi1sogmRgSTaWNJKu4AMsMvhJIsopj1C0NvlSt7W0IIulKNL0L8N6wD742XSMkdepIo1NQV5b7LnbP5VzZRS5T5XXw3nnpMfjwAN9KovVcoQpdI0xm6tsQRLVCEMfPtFnLd16NvGiAxmWSVdNGoWr5NfgJ0c06QAyeMaYzxiYZYxOMsYTzs/h9sleLjIq1sgFBsttJsMg4W6hipWhg73ztxB9eRSMYfBlbpzLYu4VfCASLZ4zhmwcWccOeWd9rBYOXZ7NW6zT0iFtTmY3Iks2qk2gNSjQZKcnqD/DC+c9/Gw7IjU46LJv5cgQ/OHYOz5zzLFgFg0877e9xuj7FF7WRBi+OUTcZfLaJd32yDxKN+FxkjTstnWutIixoJSXJ5sLNOe/iL11UK2YdBl8j0bQ+l/VcoYrpbKrhQJPxdCK0HySIQsidaVxYNmt6Z1cvL7NSEk1OXoCfHONDcXpdKtn57pE+Yq1kYs4JCmGdn61AJEwvCgvwkhfNqdUStk5lcLGTiD3oBPhHT67h9FoZN122xfdaYZHrY/BmrVUBwBm8YTEfO86HMXjTBpGnGwsGH/QNcQdvVxpLNIA/sP3qJ+7DP3z9kPt7cIYsr7yJ9oUKBvh0QquZ6BTmE99JFKtmTbNOEGlJwugVgiWrgHOH0yaDN6zaoKVJ3ke7N49LdfDhZZKAVwsfZPDitS1JNIVqQ3kGiN5IJd/xtWpfbFqsYZKVV9GEnxOiD2ZKkmiIqC+j+0YqwK+WDGx1BgN36rb+kFPTHqygATjrNG2GfMXEcpFv+7zJDCbSCRxwLgx3PHYGRMBLLvUPdZ7MJJHQyK/BW3aNRgrwgcOA/9Z3Xaqe8TR4Pq5P5Ark5KHM4LMh1qslhx3WBHgpsC0XDaxISWHDDAT4ZHQGn3cN0LxSQF8dvGG5CbduOUoWq35HxDDInZ69QlhjHc9RtGtVEH6HKGSaC+dySOp8gLocGMsBBu9KNAENftdsDhoBv//5R2MP2zhXqN/FKhB1Lquvh6JFomfYtXKWjISmoVrnnBCFE9MB18vN42nfHXsvMFIBfq1suJPfOxfg8xhPJ3BeiIGYKB0TNqvnTY2BiLB3y7gr0dz5xBlcu2Mam8f9DRyaRpjJ+ZudxADrIISHjKy7yye6G+ANb1wf4AVrwB/gx0OSYZ4Gz7cfDPAV00LVtH3bDTL4VITaeQGXwafCJZpCxey6Bl+sWE17JWSvll4hrHwznYjuXFoPhhmeOBT7KHzxcymvv8OyGQyLuVU0ALB1KoOkTpgcCwT4zTl84K3X4/i5Il7/99/F/mPnIq/tXKGKmTolkgLRk6xegr6Vc8e2GRgD9AZukqkE1WXwKwEfGoFN2aSvEKQXiGpVkCMizfn5YiJ6nePxPjCwbYa1kuEG4o5JNAt57AmpoAE8jVs0Qm1zLi6XnDeBgwt5nFot4ZETa3jZZfM1rwW4Di97wjcqkwT8ssx62XSDsaj/lwduA/5b/HGpC1cEjqAGP5b0RrAFq2LExUXWQOVGJ4CXjUYN8PkaDd4LYJbN5SjhU9MtiSbMAjqIVIPqoP9+7Ax+//MPd3xdRVeDlxh8jGNbD4YdfoeY1DXM5FIuM+eNcH43z4yUZH3T9Rfgi7/6Q6H9Ay+5ZB63/crzMZFJ4Cf++ft4+Hi0QXBn85VIEk1UBi8IVSvWCYZjItYwyappdatoxF3u1Jg/RE6NJbEyiAEewLcAZIjofAB3AvgZAB/u1qJaQaFqwmacRQOdY30HF/KhCVbAs/L1GDwP8HvnJ3CuUMWnfnAcAPDygP4usHk8VVMmWc+LBoBr+wvwADmbSyOd0PwMXvoiygw+OMAYCEg0VT+bTQc0eDfAS9JQ1axl8FGGhABeEHOraCQJQtxNZFO666fTDZSqVlMNXrbTDeIrj57Gx7//tMvYOoVwiSb63VE9mFZ4d2ZSJ1woTbXKpT0GXw5UV4mfL9tav8biovkJ/OsvPA+GxXDvU81ZPJ8mZTaXaNIJVEy76d1UoWph84RI0McneqI/pJmbZD050nWSDOzPprGkr9KvF4ga4IkxVgTwBgD/lzH2/wC4vHvLig9x4GZzKaR0rSN18KtFA4vrlboBXgTTo2d5gN/qXFwudippPnTXUeyYyYYmaMVag2WS9bxogCCDNzCRSWByLOlLssoSTUL3yhcnQjR4Xx28NOwDQE1nqgjs8hoqwSRrMnoQEhq8WEta0uDFusZSCYwl9a5p8IWq2bSKJtVAohF66iMnOlsxHJZk7YhEI1kAy9i2aQzX7tjk/s5tfx0Gb4ppTvHU3PMmMyCCr1y4HpYLzWvggeh19qWqhTlH7mmJwYvRhg2qaFK6VtcueKVkIKFRTX5nygnwdoP6+U4jcoAnohsA/BSA/3Ae652hQgQIT5bJsQSy6c4EhUOL9ROsgNeAcmypgE3ZpPuFFJU0K0UDN122pa6Hyey431GyXqNTmBe2MOqazCTcfQ9KNIAXJMKqaPIBDV7+Egc1eMHg8w0kmqiDugHvS+qvg/caVPg6dYwldZ+zZCdRrFjN6+AbBHhR8vbQiZXOrqvqz08AHZJoQqpoAODfb70Bv/OqS93f5cEd4qKSTjQ+TkHoGmEmW2uJHYazTYzGBMJyUUGYlo2qZbsSTStxQDD44GwGGYlGZZJOk1Pwez+V5d3rUUo9O4WoAf7tAN4F4DbG2KNEtBvA17u2qhYgGPzkWBLZZOu2pTLcEsm52iYnQEqyni267B3gI+CE/nZTHf0d4Fn1QtVCqWp5wzMaMXg5wJdNjGcSLisABIMPBHiHocpJVl0jZJJaTZmkzBiD2rNg8MWqZ3EQlGjiMPhCxYRG3vpkb33x2QmJppFVwUe/dwzv+NQDkbYpgzGGomFF1uDDLlwiwD9yIprOHBWFsDLJwHCZVsCraGqDViqh+diqbEZXMVpj8AC3HTiXbx7gmxmNCUSpsxdkQJTYtnInHza7NohGVgVBozEBERPC7MS7hUifGmPsm4yx1zHG/o+TbF1ijP16l9cWC0KmmMwkkU0n2prmInBoIY9MUvPZ/MoQuuS5QtUtzwR4zevFW8YxkUng+gtnQl8LeLNAn1ku+nxdgghjLutlh8HLEk2gigbwdNxw57+ABt9AolkLqeCpSbJGnOMq3iOXSviSuobFHAuDgETTILD918OnccdjZyJtU0bFtGHZLHIVTbAkzraZyzwf7nCAL1UtaATfxTqdjH5s68Ewa71owpBzRj0C3iD0dBMpKwyzgRxTPTQzGhOI4gkvGPtmtx+mlSSrw+AbHKtGbpLLxWpNiSQA13yslzp81CqaTxDRJBHlADwG4Ekiemd3lxYP4qBNjSWRTXWIwS/ksWduvO6VXE48nTflL6N8x8svwZ+/8aqG3XAvuIh3t371kdMuGwizKkgndKR0zR/gKyYmMklMZpL+OvgA0xJrHA942QfbvksBvxGv0Ykfx7ASzarFA1FCkmjiNDrJspE89ENOMjZLsh5cyGO9bMYOfkVJBmoEV4MPvP9ysQrLZtg6lcEz50qujtwJ8GlOCd8tfkc0eJshmWhueZxLJ2qTrDElGoA7pp6NcFzO5ZsbjQES0WkgcYhzelM2CY2iV9M9+MwK/tshCpYTuFt1kwx6wQtMOUFfdLr2AlHvuy5njK0B+FEA/wlgB4Cf7taiWsGaLNGkOqTBL+TrJkgB/23rtkCAv2HPLF79rK0N33/r1Bj27ZzGlx86VSN3BDEeMBzLl00nyZqQyiRrJZpsiAbPH0/4LoLlQJJV3AkEk6xi2+K5lI9lxtHgLV+ruzf0wwvwY0k+7aneZ7lcqLqJzijJPBluKWKzKppEeBWNKG+98RIuwT1ysnMsvmSYCJse1omJTo1YqQC/+DsOpW1INGFDbcJwrsgtRoJ140GE9W8EIfcQ5FKJyAz+r+84gHfdxkteo5RJJnVeJhlmZrZSNHxWwQIDy+ABJJ269x8F8AXGmIEBc5dcK/GTZCKdaHv4L8BPohMrpboVNICf1Zw3FS7jNMNrr9qKJ8+s47FTvBKjHuOXmzwMy0bJsJwkK2fwjLGaKhrA03FrJRq9hsE30uDlwSLiQmNYfmuFOI1OIkks4DJ403YDejal84t1HeZ6aNHz3Y8iBcioN4YxiHp2wUJ/f8klcwA6K9MUKlbNutrtZLVsBps1DloC4phbNgstk4yKmVwKqyWjaVnjuUIFm8aSDRkzEFGiCZbYRgzwhxbyWFyvoFg1pSRrc5fRsFr45WK1pkQS8DT4lUHT4AG8D8AxADkA3yKinQAGyk1yrWxiIp2AplFHGPz9T68AQKiLpIB80gcZfFS85llbQQTcdt8JAAjtZAWcuaxOQBaBecJJsprO+L6KEVJFE5JkBZzhDAFTJj+DDy+T5D97dwzykPA4SdZiNVyiqRiWe3HOpRuXScqDVeIy+GAnbT0k6yRZxZ3DRfPj2DGTjdzQEwXFquV6+Qu0K9EYDXI8QYhjUjIsV4NvJcALs7hm8lUUmwIgmlulfOHOBfJM9SDIHMAH2RsRkqyJOtVVRxbzqJh2aOf75KAyeMbY3zHGzmeMvYZxPAXgJV1eWyyslgxX48qm9LYYPGMMf3vnAcxPpPHii+fq/p182xrU4KNifjKD5+yawVcePQ0AoZ2GgH+qkzdEO+GeNGtlgzP4ZLhEE9Tgg12B9Ri83OgkTng5ySpfUFJ6nCSr5euEFMeybNi+OvBMgyTrQWn2bRQpQEYpJoMPlsQJBr95Io1nnT/VNoP/6qOn8Z2DS2CM1ZFouO9Rvfb4ZjAjlP4JuH0SFdPtTQjLDTWDa4ndJMCfzVcx26REEog2l1V4z4wlBTloHgcOS3eCT50tusnTRseqnkfRp/Yfh64RfviqWnk2k9SRSWqDF+CJaIqI/pqI9jv//gqczQ8M1kqG6yWdjaG9heEbBxbxg2PL+LWX7W1YZZH2+XO0JtEAwGuv3uauNwqDFwF+IpNw93mtZDaWaGrGq+m+YxTU4GsanSoGtjhVP64Gb9Vq8HGSrONpmf0LiUZKsiYb32YfWshjxwyfkhUlmefbfoRxfYBURRO4cC3mK0gnNEykE3jW9ikcX2490Xr3kbP4xY/di7d84G7c9NffxIEz+RCJpj3bYpEkjlZF41kGV9qQaMJmHoQhKoPXNcJYUm+owcsltrmQ0ZRhECM5AeCpswX3YtjIiyasw9mwbHzm3uN4ySXz2BLC4AFg01iq453PjRD1svxBAOsAftz5twbgQ41eQEQXENHXiehxInqUiN7W3lIbY7VkuBqXCF5yAuT2R0/jvd883PR9bJvhL77yJHbMZPGmfRc0/Ft50nw7A75ffeV5EHeDqTpVDjLjzrsSTdI1fForG87knaBEw58PenfnpPczLBuGxfwBPsSLZqszNNxj8FaNBm9YLFKnXk0VTcJfRZPSeW121mGuYTruwTN5XLdzmrtyxnTp85KsjT833bHTrUmyrlcwN5EGEeFZzhzTVlh8qWrhdz77EC6YGcNf3HwVcukEFtdrfVnSCe8OpxWcdIbCNytFBPy2v612ssrbCuZHvvLIadelFYhmNCbQzFFS1MFn0zrGUolITXKHFvJIaITJTALHzhbdu6RmQ7cB+Eolv/bEApbyFbz5+vpxY1O2t3YFUbtR9zDG3ij9/m4ieqDJa0wAv8kYu4+IJgDcS0R3MMYea2WhzbBWNrB7M0+I5tIJWM40F8FoP3PvcXzv8Fn84ot21+0sBYD/ePgUHju1hve86Zq6FS0CmsaHXITpbXGweTyNG/bM4ruHziKlhwec8UxC6iblJ8h4OuEOODlXqMK0WQ2Dv/L8SVy7Y1NN2zX3G+EXweCwDyC8k/Vyx39krUEVDcBZZkZrHDhrk6zOBcWwUaqa7lrE/yXD8unHa2UDp9fKuHjLBKZzqRaqaESZZPOvAB/uUMvgRa31ldu8AP+iBpJeGP7mvw/g2NkiPvHzz8XzL9qMm6/bjsdPrbs9EgLiDqdVT/jvH+GeMNfvqt+XISBbArRbJgn4GTxjDL/x7w/g+Xtm8YG3Xg/bZlguNveCF+BEp/4xKLlGbQnkUjpOOdp6IxxcyGPX5hzG0wk8fa7gedE0yFcInxr5vPj3HzyD+Yk0bryk/jkwOZYcyCRriYh+SPxCRC8A0PDIMcZOMcbuc35eB/A4gPNbXWgzrJVMl8ELJipPdTpXqGK9YvrcG4MwLRt/fccBXHreBF539bZI280kNGzb1Lo8I/Daq/j26jGl8XTSlUZcDV6SaIQmHNRK33Dtdnzuf76g5v3ERbBi2jXj+gB+AhP5k6yTY0lfNQ+fQOVdLKOO7TMt23WLFEgHGLxgkW51TUCmEbfVe+fHMZtLNfxcwyBu86PceSX12vGFiw6DB3h9887ZbOyO1vufXsa/fPsIfvK5O/D8izYD4E1yl2+brAnw8gWwFdx95Cx2zGQjnavu0I+qhbLBLawbTVqqhymnMka++C7lqygZFr5zaAmlqoWVkgGbNa+BF+DnX/0AKZfYjgVkyHo47BgK7pzN4thS0W10atbJCngB/vRqGd94cgE/tm97wwtDrw3HojL4XwLwUSKacn5fBnBL1I0Q0S4AzwZwd8hztwK4FQB27NgR9S1rsFoyXLlCyBFFw8K08/w5R/c6ulSo+fIIfOvgIo4uFfDet1wX+YTeMZvFFdvan174xmu3QyfCs3dMhz4/kUmgatmomJanwacT7slUL8DXgzzVqVz1D/sAeKBJS3NZ18omJjMJh0HxE7SWwcsss76btNBFcyEMXmjwIsi4F+tggHcqaPZuGcfseArnulQmCfBjGlZFI39WV54/hQecyqsoMC0bv/PZh7BlMoN3vfrSpn/vXgBbYPC2zXD30XN45RXhrqZBeGP7OIMPJu6jQtMI01l/N+szziCQimnjrsNL2DnLcyixAnzDJCuvJNM1curgGydZK6aFY2cL+OGrtoKI8KUHT7p3AVGSrEKv/8y9z8BmwI83kXWnehzgo1bRPMgYuxrAVQCuYow9G8BLo7yWiMYBfBbA251mqeB7v58xto8xtm9uLt7trUDVYaGCzYoSM3nsmEiAHV3K176BgxPL/Kbk2p2bIm/7c7/8Arz9povjLrkGqYSGH7/+grqsQa4BljV4YUS26GjQUVvKxZf4nqPn8O1DiwBq2awwDxPDPiYyCV+ytxosk4w43i7vWgX7LWgBrjEXq6ab/MxKEo2MQ4t5pBMatk9nMZtLtyTRpHQtUtlg0HfEshnOFao+onD51kmcWClFHlf3Hw+fwoEzefyv117uG8ZeD64/fwsM/onT61gtGXjuhbOR/l6cG8WKVTOPNS6Cd1fHl70b//9+fMGVb6JU0Yi1NZJoClWvAilYSBCGY0tF2IyXu+6cycJmwNElfhFqXCbpSTSWzfDv+5/B8/fMYuds49qTQdXgAQCBAP0OAO9p9PdOc9RnAfwrY+xzsVcXEcKLRZRJ5lJ+1mfZzDXaP+J4t4dhMV8FETDTpKNORjOdvlOQHSXzTsliJsnH82VTemwGP5Pjx+qX//U+97Etk/4vWcpprvGqdpK+XEAlMIEqOCSkHsSFt14dfFEyPsvUCfAHz6y7NhLByVhRwOexRgtcSSd5LHC2UIHN4FrSAsD8hKc3B7uGg2CM4b3fPIKL5sfxyivOi7QG9/i00Ox099GzAIDn7m6uvwPe94cz+Nru6Djgd1dygOfB88UXz+FrT5zBC/dyaSoqg58IdHQHIWweAE5YhOdQvWAtSm0vmh938w2ibLLRxV+c92XDxm9+6gE8c66E33vNZU3XPzWWRLFq1dz9dgvtWP421DCIZzI/AOBxxthft7GdpnBtClwG752gALfvFAU1RxbrB/ilfAUz2VRDDa1fEAx+vWxivWw4CVb+EUyNJd1hvlFtXV+4dw4fuGUfdI0wOZbE3HgaFzglhwJCmpDLMscD1Tc+Q6yILDMf0mTkSTS2bx7rWB0N/uACr6ABOEtcr5iOXXK0/S9UmjtJCqQCEo24mMoMXq4Y2THrP45BfPPAIh4/tYa/uPmqyFKgV0UTX6L5/pGzuGBmDNunG69LQATIYrV9Bj+TS/lyE8+cK2E2l8KPXL0N3zywiG8f5HePUap7ADQtfSxJ8l7O3Q+z7l3SoYU8iIA9c+PueSkCfLOBHwDw/37+ETx2ag3vfOUleNWVja1JAG8Q92rJqCsVdxLtRLJmtXAvAPereSkRPeD8e00b26sL2WgMkDrxnKAgGISukTteLwxL65Wa2amDgnGJwXOjMS84TWaSWIrJ4JO6hpddtgU3XjKPa3dM1wR3gAc2rvnz4yskoXp18MHmqDCslw385e1PAgC2Sy6dwTLJRhp8sWri+LJnIyE6JuPINCXDjFzaGkyyCslBPldmQipG6uGfvnEYW6cyeP010WsOxIUrLoO3bYZ7jp6LLM8A/HNM6uRU0dgtlUgKbB73G44dXy5i+/QYXnLJHIiALz14CkBzHxoBudggDL5zR9z9NZBpDi7kccF0FpmkjtlcCrmU7ibwG/UMiOceO7WG337VJfiVl1wUaf2uZXCPDMcaUhgiWkd4ICcADdPxjLHvoAnL7xRE2Z5Isrp1vIEAf8W2STx+aq3uLdtSvoLNE9HlmV5iwpnLul7mEo1cYjg5lnAvXK0mxMIgNPh6DD44JNwNQnVY5uJ6BW/90D144vQ6/urHrsbeLZ4NhKYRUrrGNfiK6dbvh2nwhxf4vgobiRmpoSZqwxln8NECfCowni2UwTtraHaRue/pZdx99Bx+/4cvi3WL7lbRxEyyHlhYx3LRwPN2Rw/wgNcsWDaslkokBWZzKayXvburE8slXLZ1ErPjaVy7Yxr3PrWMiUwi8rEYT+tusUHY3Zo810AUWzSyKzgsjeQkIuyczbm+UI18e+Yn09AIeOcrL8Uv37gn0tqB3huONTyqjLEJxthkyL8JxtjATHQKMnjhECiy4WJG4rU7pmFYzE2mBrGUrw4BgzewXq5l8IJhxp280wgpp4rGY/AJH4MK6oj1GPyZtTI+vf8ZvPGf7sKRxQL+5ZZ9eON122u2l3YGbxcNz2lSyANygBe6qZi0tXk8WnCVISdym2HLZAZPnfXu/IQPjXyueBJN4zW89xuHMTWWxE88J17FmFdGGo/Bf/+wo783mEsQhlxKd+vg25JonOOyXOCj6o6vlLB9hl+ExTD6qDXwQHPDsYL0uQqSUK+SxrRsHFks+Bxjd0ryWiOJZs/cOB7+w1fGCu5A7w3HBk9sbgFBDV7M2RRanfjSCc32SJ1KmqV8JXI2v9cIVtHImqI8vb2dhFgQQoN375CcJGu+asK2WW2ZZECDf+CZFbzqPd/Cc//0TrzzMw/Bshk+eevz8JJLwqdcccdEf5JV/F/2Bfg8kjph54y/xC6Oo6R8K98M1+2cxrGzRTewL65XXDMrgWwqgUxSCy3XXC0a+OQ9T+NN7/sebn/sDP7HDTubJmKDSLfI4O8+eg7nbxoLleAaIZtOuEnWdiQa8X1aylewmK+gatpuLuAmZxh91AQrANdnfblOgAxj8PUqaZ5ZLqFq2YEA71XBNMvFxf0MAbiTnnrF4AeGhbcDeVwf4LWfC9a3HAjwR5cKuPES/3sUqyaKVWtwJRpp2EG+YuLCzd6JOCkH+E5KNIEk62QmiYl0AozxHoNmGvyXHzyJI4sF/O6rL8WLL57DpedNNOwi5mMEeYVBNiDRyF/SQwt5XLg5534Bwzomm6FYtZp6wQuI8+a+p5bxiivO41JeyJ3ebC5ds4Yji3m85u++jbJhY/dcDr/58ovxCy/aHXmdAhlX/orO4EX9e70LaiPknKE55RiJ6zDMSndX4uIkci9758exe3MuVqPgvFPptbBeDp3VUKx60lvYuSPj4BlxJ+hJhTKDb2Zf3Ao2jfHj0SsGPxIBfq1sIJXQ3FvJlM4bHURN8rkCrzrZOpXBRCYRmmhdWq9NnA0S0gkNCY2QL5t8XJ9PoqntCO0EUgmNJ3UdiWY8k3C3u1YyaoY4e4lA/oU6ulTA7rkcfunF0W5jM0ndldPcTtZEbaLsxHIJF0gVIZNjCe5HE0OiKVTMyBr8ledPIakT7n2aB3i5i1UGH1HnX8MTp9dRNmy876evwysurz+AvRk8Bh89wB9ZKuBcoRpbngE8O+mKUetQGgez0t3VcpHv+wVOgCcifPznnxvrrlOYeC2shd+t+XsoavthZIh5AnvmPLIkB/gozptxMZHh9iIrg6DBDwvWJKMxAG5teNFNslYwnUuCiLB7cy40wItGobkBDfBE5DYZrZcNTPiSrN2RaOQkay6lQ9fIvZMQenejMkkR4KMik9TcAC9uszWNarzQF9bLmJ/0z8CNOuBZIDhkvPG6dFx5/hTue2oZAJdoNoeU9c2EeOKcXi0D4B4wrQZ3QK67ji7RiK7RPQ2G1tSDmOrUfqOTd3f1zDm+Hrlcc9umMbcKKgpEv8GZtXLo87LtdTMGf+hM3iF93vfHJ9FEcN6MC00j35jNbmNEArzpY7GA6GJzGHzRcMvYLtycC62FD0ucDRrGMwnnVteuSbIKtPNlDIKXSfIkq/gSiFyAYKo+N0lJojEsG0+fK/qkpGbIJHQsF/iJL7tfynNZq6aNpXy1xuBtdjwdWYNnjKFQNSPXwQPAdTum8eDxVWf74Qw+LMCfWS8jqVPoEOY4EFVGcRi8uLhsbWFWATejczT4Nu4K5bur48slbB5Pt3WOjqcTyKZ0t+9DRtXkrqgiB5dNNU6yHlrkM5dlbJ3MuOdxoyRrO5gaS/bMMngkAvxqgMED8M1jPFeoYMb5gl24eRwnVko1TMgN8AOqwQO8Blh8acd7weBFkrXkVe14DL7i/k1w2xXDxjPnijBt5jp8RkEmqbsBUlRAADxpLj7LhXW+/8Gu29lcrTxSDxXThs2aWwXLuG7nNKqmjQePr2C5aNTR4LnvimxTvbBWwfxEpi32LhDHbx8ATq2WoRFaaqjhYy+tUAvqOJDvro4vl3y9D62+35bJTCiDlwfFAI0ZPGOspoIG4BfSHTNZaISWDNaioJd2BSMR4Nccp0MZspPcckFi8I5kcOysn8ULDX5Qq2gAbi52SgR4ibWL+n+g81U0FdPGesVwA/u4U48vkon1kqziLunCmBKNPFPTfVxi8Gcc7XXLVJDBR7cMlgeKRMW1TqL1dmfyVjiDTzteOl5AOb1abnnaVxDphB6rTPL0aglzE+lIfjtB5FI61koGTJu1fVco7q6eWS7GruYJw9xEOlSDLxp+C4x6RnUAsLBeQb5i+vR3gZ0z2a7IMwJTY0mlwcfBqjTNSUB2kuMTY/jzux3J4GhAplnKVzA1luyZt0wrGM8kXOYSJtHoGnXUZiGd0FF13CtdicbZrtDKgwM/AN7oJPIcu2NINLJRmhzgx5K6a1Ug9j8o0cTxoxHJ96hVNABP7m2fHnNHK4Yy+JB6/DPr5Zq7jVaRTsRn8K0Og8+mE64c1A6DB/idzeJ6BSdX2mfwAP8sxJ2cjKBDqOZMgAqTaA4viARr7R3mpVsn3HLGbqCXjpKDG81iIJhkBTwGX6paKBmWO+VcaMJB0zFe+ja48gzAZRlhTyonWcW+d5K9A3KjkykxeH+SVb4gEvEBKBXLxpGlAmZyKbduOQpkrXcsEOA9Bi8kmgCDz6WQlwZUNEKcYR8yrts5jWfO8Sa50CqakBmkC2uVuuPb4iITY6g5wO8etra4bbnCqN3KrNnxFJ48sw7DYp0J8BNpnFnzS2GAJNEEiEIYgxd+M7tDAvyvvmQvbvuV2hkKncLUWBKrqtEpGhhjmB1P19wGi4lFwgdefPly6QS2TKZrKmnq1TYPEuTSyPEQBt/xAO9W0YQkWUMkGrGGimHjyGI+VoIV8Nfwy12mstx2eq2MlK7VJC3j+NG44/pijlkU9fBAeLXVjGtXwOWDvNOz0KkAn07odW0gwtCOPJT1OX22d17N5FKutHRBRMOzRpifTKNkWFgPlD+6d2bSuZNN1wvwBeRSeujd1VhKx/kdGOJTD0KDD16guoGhD/BEhP9+x4trzH7GkgkUK6ZbOiebGV0YUiq5lK9icw/c3dqBzNrl0i5RW9vJGniAB2+b8aYMUaWka7wENYzBA3CHhBxdKsSSZwA/g88FJRrB4FfLmJ9M1yQtZxp4wRiWja8+etr9QsUZ9iHjWmnARziDF12bfA3e3UaHJJoYDH69bGC9YrZUQQP4j3+7GrxMnDol0QC1tfBi/qp895dNhg/9OLyYx5758Y4kv+NiaiwJ02YNPXI6haEP8PWQS+soGhKDH5cD/DiOLOZ9V9Cl9crA1sALyLq7XEWjaYTxdKKjXayAF7xNm9Vs262D14MBXsfZfAUL65VYCVbAzxR9Ek0gyRo2A1fIa0shw7f/7Z6n8Ysfuxf3OROXCiF+9FFw6XkTyKV0TKQToUEvqMHXk5NaRSahR+5kdXMVrTL4lJy4by/Ay1YEnRhvOT8hArxfhxcSjVxiW5fBL9SWSPYKopu1Fzr8yAb4sZSOYsVybQpkBn/xlnEsFw23lrbs3O4NgwYvMBGo+5/MJLsi0Xjb8+4YxjMJrw4+sM1UQsOTp3kLeJwSScDPFH0STVJ3v7xn1so1FTSAZ9cbxuBvu/8EAOCQY1JWCmF6UZDQNTx7x3To9vmadaQTWtcCfDqpuSP7zhWq7nEOwym3Br61gJrzTdtqP8kK8CalTvRpeHYFAQbvVkfJHkG1Ab5YNXFytRxaQdMLTLqGY92vhR8Jq4Iw5FJ8hqnItsss4optfLTsoydXsWUyMxRNToBXGplwujtlTI4lO96YIQdvuRRzIpN0yyCDJXjphIYnHY+POF2sgBdIUs5MTYGxFA/wjDGcXivjxhBvlbAKFgB46mzBZe6HnTW7M2FjJlkB4I9/9Mq6ToZExGvhXYnGKensmAbPO3pvu/843v2lx1CqWnjwD14RGjRPtdHkBIRP22oV4rPpRIkk4B3PYC28cI/1STSpBM7mi76/E+du3xh8Dw3HRpbBC331+HKJTy2SGOhlW7m50KMnuO9z2ACHQYRg8Fxz9wfz+Ym0Lwh3AnKAF370/OdE6N8APAgxBhABO2J+oTNuB6I/oIgqmnyFG8KdN1X7OU2kE0jq5Jv/CQBfeOAkiPjxEaVxbpI1RqOTwIWbc3jW9qm6z89IA8DPrJUxnk747rzaQTqh48CZPH7j3x9E0ulqFcMpghANcfMt6v/+aVttBnjn7qoT+jvgdbOeCWjwhZDcSlaS9wQaVdD0Am6A70ElzcgyeHGLf3y5hOls0teVNpFJYtds1jX2F9OQBj7JKkoVM7Uf2//+0SvR6aS8fJdQT/8Pk2gA/mWOGxhEkjXYgDSW1GHazB3YHMaI3Y5Jya6AMYbP338Cz71wBrPjaXd0XCuNTlExk/MmGJ1ZK7ccYMOwfXoMY0kdv/2qS3DDnlm86j3fxsGFdVx5fu0F59RqGZvHUy3r51lfmWSbEo3D4DsV4IHwWvhiaJlkombE3+HFAjTyG4v1Eq4nfA8Y/AgHeMHgi6HjwC7fNolHXAYvJJrh0ODH07VNGJ26/ZXhD/B+DV4gFZJkBXgiO/b2HIkm2IAkbrnF0I16kkfQrveh46s4slTAL754N06slPFfD59C2bBQqJpIJbSuzN7dnEu5dwr1EsKt4jdefjF+7aV7MZbSYVg2kjrhwJl6DL7UVgdtJyWaiUwSf/ljV+P5e+JNlWqE+ZBu1lLVxFhS95G5bEp3pRuBw4t5XDCT7ahvUxyoJGsHIAL8ieVS6ECBK7ZN4elzRayVDZdxDbxEE/CD6TZSERh8kN2J18QtkeTvVUeicX4/usS11HpBM2jXe9v9J5BKaHjVlVuxZy4HmwFPnS2iVI0+ri8uZMOxM2vljunvAM93iGOR1DVcuDmHA3USradWyy0nWIGAVUQHqrNuvm57RypoBOYnMzgTwuCD504uxavp5Iq5flbQAPx4pnStJ57wIxzgeRAqVK3QAH/5tkkAwGMn17C4Xqlb+jZIcA2/OqTpNkNK947HZKDu3v2bEA0eiJ9gBbxAMhYi0QDAUWcSV30G7wVX07Lx5YdO4qbL5jE1lnS/0IcX8yhUrMjj+uJiZjyFkmGhWDW50VgHJZogLt4ygQML4QH+9Fq55QQrwD9Hkehux02yW9jiMHg5cIdZQI+l+IAa0Whl2QxHlwp9q6ABuJw41SPDsa4FeCL6IBEtENEj3dpGI8gJtHAGzwP8oyfXnGHbg83eAS/RGabBdwNy8B6PqcHH7WIFGidZAeDY2SImM4m65Y0zuTROrJTwo//wXbzu77+LpXwVr7/mfADeBefwQt4ZCtGdoCVKAg8vFFC17I5KNEFcvGUCz5wr1TTylKoWVopGWxKNmKkAdNaCulPYMpmp6WYthHyunqMk/7uTKyVUTLuvDB4QfjTdL5PsJoP/MIBXdfH9G0L+oMMC/PxEBnMTaTwmAvyA6+8AZ7jy0I1uQwRrMexDoLEGLxh8/C+QF+DDNfhjS4WGksdrr96KGy+ew+RYEjO5FF5/zTZ3XF02lcD5m8ZweDEfa1xfXIiKkcdO8YRuJyWaIC52Rs0dDOjwp9faK5EUEJU0ne6v6ATcWnipVJLP8q2dCyGeA/pfQSOwqUeGY12LFIyxbxHRrm69fzPIzQ5hSVYAuHzrJB49uQrTZtjbwtSbXoOI8CNXbcUL9mzuyfZE8J4IOHUKBq9R7WDibCqBsaTeksmVK9HUYfAL6xVcct5EzesErt0xjQ+89fq6z++ey+HwYgGZpNaVChqASzQA8PgpLp10N8Dzc/bAmXVcfcEm9/FTq7za6LzJ9jTvbFpHSte65oveDrxu1goumufnRKlq1Xyu3tAPEeBFDXz/JBqAW1088MwKLJt1ZfarwOBdmjsEWaKZrcPOr9g2iUMLeZxeLQ98glXgPW9+Nl79rK092ZaoagneMYjfw6yVf/6FF+IDt+xrKSgIrTeYAJUDfjsB86L5cRxezCNfsXydmp2EkGgeO8krtDrlQxOGnbM5pBIaDpzx6/DtTHKSkUt13v6iUxDHVU60Fqu1n6uIAwVHojm8mMembDL0rr6XeN3V23BqtYyvP7HQ1e30/dMjoluJaD8R7V9cXOzY+8oSTT0Gf8W2KZg2Q75iDk2A7yU8Bh8M8JzRhw2S2D6dxfMvau0OQ0g0wdtsOenaTsDcMzeOYtXCU2cL3Uuy5gSD5wFeMM1uQNcIF82N15RKii7WdgeN5NL6QOrvANyZvHKzE5/HGpBokv6h7aKCph8mYzJefvkWbJlM46Pff6qr2+l7gGeMvZ8xto8xtm9ubq5j75tJ6BCfYb2rtUi0AoM9qq9fENprPYmm09qskGjqlUkC9Usko0Ak1sLK6TqF8XQCKV3DesXEbC7V9QEyF28Zx8EAgz+1ypv72g3OuVSiIyWS3cB4OoFcSvfVwhcqZo1EI+r5CxUTx5YKuP/pFTwrpDGs10joGn7yOTvxrQOLOBZwtu0kBvPT6wDENBegfoDfMZN1g5Vi8LVIJcIZvDhmwQRruxhPJ/CcXTO4RtKTAT+Dn28nwM97umu3GDwRuZJgO2uNir1bJnBytYy1spewO93GJCcZz9o+hau2b2r7fbqFLYFa+PAySYfBGxb+8EuPIpXQ8D9v3NPTddbDTzznAiQ0wse7yOK7WSb5SQDfA3AJER0nop/r1rbqQXyJ6wV4TSNcvpWzeBXgayECfHDebSMNvh0kdA2f+qUb8KKL/XdynWLwc+Npd+3d0uAB73zrpv4ucElIJQ1vcmr/4vL2my7GP/zktW2/T7fAZ7PyAM8YQ9EIa3Tin/cXHjiJbzy5iLfftLcnF94omJ/M4JVXnodP33vclZA6ja4FeMbYTzDGtjLGkoyx7YyxD3RrW/WQTenIphrriKLhadC94PuBehq8uO3t1fxaudGm3dpuIdPEtQqOAxHgu1kDL+CVSnoyTScHfQ8yuB8Nl2iqlg3LZjUe/+Jz/toTC7h4yzhuef6uXi+zIf7H83ZitWTgSw+e7Mr7j6xEA/AAXy/BKvDqK8/DDbtnN8QXIi4SuoZfeOGFeOUV5/keT+oab7fuUYDXNEImqUEjr0qlVYgA34pVcFS4/uc9CPDCgExYNJcNC2cL1ZZnsQ4TtkymcWatDMZY6DxWwJ/P+aPXXxlaGNBPPOfCGVy8ZRwf/f6xrozwG1mzMYB/uM0+0OfunsUnb+2cCdKo4fd++PLQx8fTyY5r8I0wltQxNZZs2yBM6PDdSrIC3nzYXjB4TSPs3TLuSjQi6bgRCMv8RAZlw8Za2Qy1CgY4GZnJpfCivZvxvN2D9z0nItz6oj14+PgKqpbd8bGbIx3gb3n+Llh29wfbbkRMZBI9Y/AAD/CdsJMQDL5bSVagtxo8AOydn8A3Dyzia0+cwe2PngHQ+iSnYYLoZv21T97vst8w6e0/fv2HBjrHdvN123Hzddu78t4jHeCFD4lC5zGdTYbaFncLk2PJjviJ79s5jWsu2IQrz59s/sctYtYN8L1h0ZeeN4HP3nccP/vh/UhohH07p7u6f4OC63ZO49k7NmFhrQzGgGedH171sxEudvVA3dB9WsW+ffvY/v37+70MhQg4eGYdSV3DrhZMxVrBE6fXMJ5OYPt0f4Y0xMHiegUf+M5R/NYrLu6K53wQK8UqvvjgSVyyZQJXbd/U1QSywuCBiO5ljO0LfU4FeAUFBYXhRaMAP1gpZQUFBQWFjkEFeAUFBYURhQrwCgoKCiMKFeAVFBQURhQqwCsoKCiMKFSAV1BQUBhRqACvoKCgMKJQAV5BQUFhRDFQjU5EtAggjvv9ZgBLXVrOIEPt98aC2u+Nhbj7vZMxFjoOb6ACfFwQ0f56HVyjDLXfGwtqvzcWOrnfSqJRUFBQGFGoAK+goKAwohj2AP/+fi+gT1D7vbGg9ntjoWP7PdQavIKCgoJCfQw7g1dQUFBQqAMV4BUUFBRGFEMZ4InoVUT0JBEdIqLf7fd6ugUiuoCIvk5EjxPRo0T0NufxGSK6g4gOOv9P93ut3QAR6UR0PxF92fl95PebiDYR0WeI6Annc79hg+z3bzjn+CNE9EkiyozqfhPRB4logYgekR6ru69E9C4n1j1JRK+Ms62hC/BEpAP4BwCvBnA5gJ8gosv7u6quwQTwm4yxywA8D8CvOPv6uwDuZIztBXCn8/so4m0AHpd+3wj7/bcAvsIYuxTA1eD7P9L7TUTnA/h1APsYY1cC0AG8GaO73x8G8KrAY6H76nzf3wzgCuc1/+jEwEgYugAP4DkADjHGjjDGqgD+DcDr+7ymroAxdooxdp/z8zr4l/188P39iPNnHwHwo31ZYBdBRNsB/DCAf5EeHun9JqJJAC8C8AEAYIxVGWMrGPH9dpAAMEZECQBZACcxovvNGPsWgHOBh+vt6+sB/BtjrMIYOwrgEHgMjIRhDPDnA3hG+v2489hIg4h2AXg2gLsBbGGMnQL4RQDAfB+X1i28B8BvA7Clx0Z9v3cDWATwIUea+hciymHE95sxdgLAXwJ4GsApAKuMsdsx4vsdQL19bSveDWOAp5DHRrrWk4jGAXwWwNsZY2v9Xk+3QUSvBbDAGLu332vpMRIArgXwT4yxZwMoYHRkibpw9ObXA7gQwDYAOSJ6S39XNTBoK94NY4A/DuAC6fft4LdzIwkiSoIH939ljH3OefgMEW11nt8KYKFf6+sSXgDgdUR0DFyCeykRfRyjv9/HARxnjN3t/P4Z8IA/6vt9E4CjjLFFxpgB4HMAno/R328Z9fa1rXg3jAH+BwD2EtGFRJQCT0B8sc9r6gqIiMD12McZY38tPfVFALc4P98C4Au9Xls3wRh7F2NsO2NsF/jn+zXG2Fsw+vt9GsAzRHSJ89DLADyGEd9vcGnmeUSUdc75l4Hnm0Z9v2XU29cvAngzEaWJ6EIAewHcE/ldGWND9w/AawAcAHAYwO/1ez1d3M8fAr8dewjAA86/1wCYBc+0H3T+n+n3Wrt4DG4E8GXn55HfbwDXANjvfOafBzC9Qfb73QCeAPAIgI8BSI/qfgP4JHiuwQBn6D/XaF8B/J4T654E8Oo421JWBQoKCgojimGUaBQUFBQUIkAFeAUFBYURhQrwCgoKCiMKFeAVFBQURhQqwCsoKCiMKFSAHxIQ0SwRPeD8O01EJ5yfV4josX6vr10Q0S4i+sk+bn+OiO52LAJeGHju7USUlX7Pt7Gda4joNS28bhsRfSbC3/0nEW1qaXF9BBEdI6LN/V7HqEEF+CEBY+wsY+waxtg1AN4L4G+cn6+B36+lZyCOTp1DuwD0LcCDN9c8wRh7NmPs24Hn3g5ugNUJXAPey1ADx2grFIyxk4yxm5u9OWPsNYwblCkoqAA/ItCJ6J8dP+3biWgMAIhoDxF9hYjuJaJvE9GlwRcS0R8S0ceI6GuOF/UvSM+9k4h+QEQPEdG7ncd2OT7l/wjgPgAXENFvE9HDRPQgEf1Zo20T0YeJ6O+I6C4iOkJEImj9GYAXOnclv+Fs59tEdJ/z7/nO6zUi+kdnX7/sMNabneeuI6JvOtv8qmj9DuzvTiK609mnO4loBxFdA+DPAbzG2f6Y9Pe/Du6P8nUi+rr0+J84+/t9ItriPDZHRJ91jtkPiOgFgW2nAPwRgDc523mTc/zfT0S3A/hog/3eRY5/OBG9lYg+5xzfg0T059I2jhHRZulzCjsvrnf2/3tE9Bck+ZJL77OViL7lrPMRcu5qiOifiGi/857vDmz3T5333E9E1zqfwWEi+iXnb2503vM2InqMiN5LIQSBiN5CRPc4234fxbDHVQig311d6l9LnXB/COC3nJ93gfvGX+P8/ikAb3F+vhPAXufn54K3/Ie914MAxgBsBneu2wbgFeDDfwmcCHwZ3Mp2F/gdw/Oc178awF0Ass7vM422De6F/WnnPS8Ht34GpI5V5/csgIzz814A+52fbwbwn87rzwOw7DyWdNYx5/zdmwB8MGR/vwTgFufnnwXweefntwL4+zrH+xiAzdLvDMCPOD//OYDfd37+BIAfcn7eAW4xEXwv33ac438vgLEm+70LwCPSexwBMAUgA+ApABfIa0Xj8+IRAM93fv4z8b6Bdf4mnC5xcH/2icDnqwP4BoCrpO3+svPz34B34k4AmAM3jhOfcRncNVMHcAeAmwPrvsz5jJLO4/8I4H/0+zs3rP/q3hIqDBWOMsYecH6+F8Au4g6UzwfwaSLXkC5d5/VfYIyVAJQclvoccJuEVwC43/mbcfCA8zSApxhj33cevwnAhxhjRQBgjJ2LsO3PM8ZsAI8J9huCJIC/d9i1BeBi5/EfAvBp5/WnJVZ9CYArAdzhbFMHbwcP4gYAb3B+/hh4gI6LKvgFD+DH++XOzzcBuFza50kimmDcy78Rvugcf6D+fgdxJ2NsFQCI52B2wm8rC4SfF5vAg/VdzuOfAPDakPf/AYAPEje7+7z0Pj9ORLeCO19uBb9IPyT2w/n/YQDjzn6vE1GZvLzAPYyxI866Pwn+ecq5hZcBuA7AD5zjOIbRNhnrKlSAHw1UpJ8t8C+FBmCFcZ2+GYJ+FQycuf9/jLH3yU8Q96UvyA+FvL7ZtuX1htmhAsBvADgDPtVIA2d+jf6eADzKGLuhzvP10IpXh8Ecegl+vMX3SANwgxSso0I+nvX2O4jgZx72XQ47L+odPx8YY98ioheBD135GBH9BYBvA/gtANczxpaJ6MPgdxDB7dmBbdvS+sLONRkE4COMsXdFWadCYygNfkTBuG/8USL6McBNiF5d589fT3wG5iz4bfQPAHwVwM86bBxEdD4RhQ1cuN35u6zzdzMxty2wDn5LLzAF4JTD1H8anJEDwHcAvJG4Fr/FWS/AjZjmiOgGZ5tJIroiZDt3gTtUAsBPOe/XDMG11cPtAH5V/OKw8LjvVW+/OwLG2DI4q36e89Cbw/6OiHaCSyv/DO5oei2ASfCL0apz7F/dwhKeQ9wJVgOX0YLH/04AN4tzjfis0p0tbEcBKsCPOn4KwM8R0YMAHkX90Yb3APgPAN8H8MeMV2zcDn77/j0iehj8NromMDHGvgJ+a76fiB4AZ3hxti3wEACTeOLyN8C111uI6PvgMoVguZ8Fd+B7BMD7wCdcrTI+vvFmAP/H2eYD4DJREL8O4GeI6CHwAPq2JusCeC7ivyQ5qB5+HcA+J4H5GIBfCvmbr4PLOA8Q0ZtCnq+3353EzwF4PxF9D5wxr4b8zY0AHiCi+wG8EcDfMsYeBJfsHgXwQQDfbWHb34Oj+wM4CuA2+UnG2GMAfh/A7c5ndAe4FKTQApSb5AYHEf0hgDxj7C/7vZaoIKJxxljeueO4B8ALGPdSV4gAcfycn38XwFbGWJQLXbvbvRG8OCBM81foApQGrzCM+LKTtEuB33Go4B4PP0xE7wL//j8FXpWjMIJQDF5BQUFhRKE0eAUFBYURhQrwCgoKCiMKFeAVFBQURhQqwCsoKCiMKFSAV1BQUBhR/P94BmhR2ktS6AAAAABJRU5ErkJggg==\n",
      "text/plain": [
       "<Figure size 432x288 with 1 Axes>"
      ]
     },
     "metadata": {
      "needs_background": "light"
     },
     "output_type": "display_data"
    }
   ],
   "source": [
    "# Stochastic Gradient Descent\n",
    "\n",
    "Loss_function_score = []\n",
    "\n",
    "for i in range(1,100):\n",
    "    \n",
    "    X_train, X_test, y_train, y_test = train_test_split(X, y, train_size=(i/100), random_state = 42)\n",
    "    LogReg_SGD.fit(X_train, y_train)\n",
    "    Loss_function_score.append(LogReg_SGD.calc_loss(X_test, y_test))\n",
    "\n",
    "plt.plot(range(1,100), Loss_function_score, label='Loss Function Score')\n",
    "\n",
    "plt.xlabel('The percentage of the training sample')\n",
    "plt.ylabel('Loss Function Score (SGD)')"
   ]
  },
  {
   "cell_type": "code",
   "execution_count": 271,
   "metadata": {},
   "outputs": [
    {
     "data": {
      "text/plain": [
       "Text(0, 0.5, 'Loss Function Score')"
      ]
     },
     "execution_count": 271,
     "metadata": {},
     "output_type": "execute_result"
    },
    {
     "data": {
      "image/png": "iVBORw0KGgoAAAANSUhEUgAAAXgAAAEGCAYAAABvtY4XAAAAOXRFWHRTb2Z0d2FyZQBNYXRwbG90bGliIHZlcnNpb24zLjUuMSwgaHR0cHM6Ly9tYXRwbG90bGliLm9yZy/YYfK9AAAACXBIWXMAAAsTAAALEwEAmpwYAABSG0lEQVR4nO2deZwcdZn/P09XX3PnmEkyuUkIl9wEBEFAVl1B8EBUXFF0fYknHuuxuru/dd11Xd1Vd11dFVC8VlkVPBAVQUQOw5VwhEACCbnPyWSSOfusen5/VH2rq6uruqv6mO7pPO/Xa17ps77f6sk89fTnuYiZIQiCILQfkWZvQBAEQWgMYuAFQRDaFDHwgiAIbYoYeEEQhDZFDLwgCEKbEm32Bpz09/fz8uXLm70NQRCEGcO6deuGmXnA67mWMvDLly/H2rVrm70NQRCEGQMR7fB7TiQaQRCENkUMvCAIQpsiBl4QBKFNEQMvCILQpjTUwBPRLCK6lYg2EdFGIjqvkesJgiAIBRqdRfNVAHcy81VEFAfQ2eD1BEEQBIuGGXgi6gVwIYB3AAAzZwFkG7WeIAiCUEwjJZoVAA4C+C4RPUFE3yaiLveLiOg6IlpLRGsPHjzYwO0IgiC0Bhv2jOLRbSMNX6eRBj4K4EwA32TmMwBMAviU+0XMfCMzr2bm1QMDnsVYgiAIbcUX79yED/74cTR6HkcjDfxuALuZ+RHr/q0wDb4gCMJRzb7RNIbGM3j+wERD12mYgWfm/QB2EdHx1kN/AeDZRq0nCIIwUzgwmgYA3P98Y2XpRufBXw/gR0S0HsDpAD7f4PUEQRBamslMHuOZPADg/s2NNfANTZNk5icBrG7kGoIgCDOJA2Om9z7Qk8Cj20aQzulIxrSGrCWVrIIgCNPIfsvAX3nGImTyRkOzacTAC4IgTCPKg7/itIWIa5GG6vBi4AVBEKaRA2MZAMDy/i6cfcxsPLB5uGFriYEXBEGYRvaPptGdiKI7EcWFqwbw3IFx7LeyauqNGHhBEIRp5MBYGvN7EwCAl64yizsfaFA2jRh4QRCEaeTAWBoL+pIAgBMHe9DfnWiYTCMGXhAEYRo5MJbB/B7TwBMRLlzVjwe3DMMw6t+2oKWGbguCILQzhsGmRGN58ABw3UUr8PaXLG/IemLgBUEQpomRqSzyBmNBb8HAn7Cgt2HriUQjCIIwTahsGRVkbTRi4AVBEOqEYTAu/9oDuHPDPs/nh8aVgU96Pl9vxMALgiDUiamcjg17xrBx37jn8/tHzSInMfCCIAgzjKms2SVS98mI2T+WBpHZaGw6EAMvCIJQBRv2jJZMZEpnDQBAzjA83zM0lkZ/dwIxbXpMrxh4QRCEkDy7dwyXf+1BrN1xuOjxqZzpwed1fw9+ugKsgBh4QRCE0IymcgCAQxOZosensjoAIK97e/D7R9NFKZKNRgy8IAhCSJTGrgy6Im3dz/lo8EPjmWkLsAJi4AVBEEKjNPZJl4Ev58Fn8jpGJrNi4AVBEFoZ3dLYU1bWjGIqZxl4Dw9+yOoDLxKNIAhCC5O3PHg/icYryKomOc2TIKsgCELrojz0VIlEY2XReKRJqlmsC/rEgxcEQWhZlIfu9uBTOSsP3sODV31oRKIRBEFoYXK6t0SjNHmvIOvQeAbxaAR9HbHGb9BCDLwgCEJICmmSriBr1j/IqnLgiajxG7QQAy8IghCSnE8efCrnH2TdPza9RU6AGHhBEITQ6JYE4w6ypmwPvlSiGUvl0Nc5ffIMIAZeEAQhNEqCUb1nFMqj9wqy5nQDMW365BlADLwgCEJo8pUkGg8PPm/wtHWRVIiBFwRBCEm+kkTj4cHndUY0Mr0mt6FDt4loO4BxADqAPDOvbuR6giAI04Hy4CczxRJNqkyrgmZINA018BYvY+bhaVhHEAShhC1D41jQ14HuRP3MnfLQlUFXTJXJg8/pBqKiwQuCINQHw2C87n/W4Jt/2lLX4yoPPaezXfQEFCQaryBrXm8/DZ4B3EVE64joOq8XENF1RLSWiNYePHiwwdsRBOFo4vBUFhOZPJ4/MFHX4zo9dGegtVyQNWcYbWfgz2fmMwFcCuADRHSh+wXMfCMzr2bm1QMDAw3ejiAIRxMHrBa9Ow9N1fW4To3dGWidqhhkbSOJhpn3Wv8OAfgFgHMauZ4gCIKToXGzwdeOkUkYPlOWqsHpoSvdXTcYmbxhPV+8FjO3V5okEXURUY+6DeCVADY0aj1BENqfobE0/vuezWAOZqzVkI10zsDQeKbCq4Pj9NCV1552BFzdQValybdTodN8AA8S0VMAHgXwG2a+s4HrCYLQ5vz26X34yt3PY6/VercSyoMHgO2HJuu2D6eHrgy8+rcrrpXMZFUef3SaPfiGpUky81YApzXq+IIgHH0cmswC8E5D9OLAWAZEALOpw5+7Ym5d9lEcZDUlGuXB93bE7OlNilzeNPhtpcELgiDUE2XgvdIQvRgaT+OY/i7ENGqYB59yefA9ySgMRpHmr4Z0x6Nt4sELgiDUm5EJy4P3SEP04sBYBgv7OsAM7KhjJk1eZyRjEaRzhkOiMT353qTZMTJnGEhENPv1ANqrVYEgCEI9OTRpBkq90hC9ODiewYqBLkQ1wo6R+nrwPckY0rkMpixpRuXA9yRNs6o7PXhdafAi0QiCIHhSkGgqe/DMjKHxNOb1JLF8bhd2DE8Fzr6pRN4w0GsZ8imrH03KlmgsD14vNfDxdgmyCoIg1JuREBr84akccjpjfm8CzMB4Jo+RySzmdidq3oduMLotQ+7OountMM2qMxCrNPvp9uDFwAuCMCPI6waOTOXs25VQmSzzepLoiJue8/ZDU3Ux8DndQEKLIBmL2NJMQaIxDX/eS6KZZg1eJBpBEGYEI1NZ+7Y7z9wLVdg0vzeBZXO7AAA766TD53VGVCN0xqN2cFVJNHaQ1enBN6nQSTx4QRBmBEqeAcJ78PP7EiACtg/XJ5MmbzA6IoSOmGZLM0GCrG3TqkAQhPZkaDyNn67dNe3rqhRJIJgGf9Dy4Of1JpCIaljY14EddcqFz1udITvjmmcevHuP6nbLZdEQ0XFEdA8RbbDun0pE/9D4rQmC0Ir870M78Mlb12PCNc1o75EULvjiH7FrpL6dGxWHnB68Kw/eMBjffmBr0Z4OjKXRm4wiGTNz0Zf3d2JHnfaW1xlahNCZiGJSefDZPJKxiO2lO/eobreiB38TgE8DyAEAM68HcHUjNyUIQuuyecjsrZ7NFxvZ7cOT2H04hS0H69t7XXFootAszJ0Hv2n/OD73m4345RN77MeGxjKY35u07y+b21W3YiezMyShM6YhpTT4nI7OeNRuR5D3SJNsxVYFncz8qOuxvOcrBUFoe7ZYBr6kY6KlObsNf71wavDuPPisdf/JXUfsxw6MpzGvt5Axs2xOJ0YmsxhN5Wrei26YA7Q741pRmmRHTLO9dOceC90kW8+DHyailTCnM4GIrgKwr6G7EgShJcnpBrYNmzp21m3gLcOeaZCBL5Zoij34nIeBHxrLYH5PsQcP1Gf4R043EI0QOhwafCqroyOu2Tq7c4/5FjbwHwBwA4ATiGgPgI8AeG8jNyUIQmuy49CkbbjcMonSmTOuQdT1YmQyi9mdVo55Sb918/6WoQmMpnKFKlaHRLO8v9M8hxCpkndu2IcXf/4PyOSLz0k3VJpkcRZNZ1yzc92dn0+hXXALpUkSkQbgfcz8cmtoR4SZx6dna4IgtBpKngG8ZBLToDXMg5/IYn5v0q5QdeK8v373EbxoYR9yOmNeT0GiWTrHMvAhPPiHt47gwFgGkxkdiahWtJ4WiSARjdh58FNZHcmY04MvfA5KtpruVgVlV2NmHcBZ1u1JMe6CcHSz+YDTwLs8eL3REk0haOrOonF69E/uPGIP+nAGWTvjUczvTeC5/cHNmJKj3Bcz3TDMIKvDg0/bHnxpkLVZrQqCXE6eIKLbiehtRHSl+mn4zgRBaDk2l/Hg1f1GBlnnW0HTUg++kKXy5K4j9rBtZ5AVAF52/Dz8YeMBTGaC5YmoHvLuc7LTJOMa8gYjmzfbBnfGvYOs+RZuVTAHwCEAlwC4wvq5vJGbEgShNdkyNGEPrXB70Tlboqm/Bp/XDRxJ5WyPvPTiYq598qI+y8BbHrwjyAoAb1y9GFNZHb95unKeSE43sPtwyns9q9CpI26q3KmsjlSJRFNa6NRyrQqY+Z3TsRFBEFob3WC8cHACx83vxoY9Y8jmvb3oRkg0h6dyYAYGesyWA+4Ar1r77OWz8eSuI3h8x2EApR78mUtnY8VAF362dhfetHpJ2TV3jUzZ7Qbc3xh0o+DBA8BULl8aZJ0JrQqIaDER/YKIhojoABHdRkSLp2NzgiC0DnsOp5DJGzhxQS8ALx3c8uBztRv4Fw5O4L7nD9r3VQ78nK44YpGIPQLPvfbZy+cAAP6w8UBRFauCiPCm1Uvw2PbD2FqhIEvp70CxB8/MyOmMmNPAZ3VMZfOuQqfmtwsOcjn5LoDbASwEsAjAr63HBEGYgTAzPvx/T+De54ZCvW/zkBmcPHHQNPB+xUb1kGi+/cA2vO9/19ketJrkNKcrjphGJR68WvvkRX1IxiIYnsgWpUg6ufKMRdAihJ+t2112D34GXjnmWiSCDusCMpnJI50ziiUaj0rWWAtq8APM/F1mzls/3wMw0OB9CYLQIA5P5fCrJ/fi4RcOhXqfCrAWDLw7i6Z+layZnI6prI4XLC9befD93QlEtUhJHry6n4xpOGVRHwDYAVk383qTuPi4Afz88d1lu1I6h3R7TWeKaoSuhKlyqyKsoiCrsxeNzogQEGnBVgXDRHQNEWnWzzUwg66CIMxAlDThrkStxJahCczrSWBudxyAfxZNPTR4tbf1u0cBmDnwQMGDd/eDdwYxz1g6G4DZJtiPN65eggNjGTywedj3NduGJ0Gkjl84J/WtIqaZlaxAodNlR8w7TTKnG9OuvwPBDPxfA3gTgP0wWxRcZT0mCMIMZKtPbnclNg9NYNX87kK3RHeg06ifRKP29vTuIwBMD5kImN0ZRzRS6sHnHN0aT18yC0BpgNXJJSfMw9yuOH7uaE7mZvvwlF0c5TW8Q7N60Zj7MyUks1WBdy+aljTwzLyTmV/DzAPMPI+ZX8fMO6Zjc4Ig1J+tBy0D78qCKQcz44WhCaya12N7qKW9aOpXyao88vV7TA9+ZDKDWR0xaBFC1EODV2vHtAjOXDobEQKWzO70PX48GsFx83twYDTt+Xw6p2PvaAqr5vUU7Qdwtv4ldMZKJRr1+TgHfuQNY9oDrECwLJrvE9Esx/3ZRHRzQ3clCELD2DYcXqLZP5bGRCaPlfO6C3nwvr1o6mHgzWM8u3cMOd0oGpYd0yIlEk3eMEAEaBHCgr4kfn39BbjqrPLJfrFoxPcz2DkyBWbguPndRfsx11IefEGiOeSUaDzz4Jsj0QQZ2XcqMx9Rd5j5MBGd0bgtCYLQSPy6QZZDtShYNa/b9lB9K1lDSj9eZB2dKTcfmMDwRBZzukztPxqhEokm6zKgL1rYV3GNuEa+MpX6lnPcfOXBlxr4mFOimShINCpTpkSimeYAKxBMg48Q0Wx1h4jmQGa5CsKMRDcY261mW7kQUopqMrZqXrenxmzer18la043sHh2BwDg6T1HTA9eGXgt4pnBE9aAxrSIr4FXGTTHzlMevLP1r/kezZrJCjglmigiEULEVYyV1w37c5tOghjqLwNYQ0S3WvffCOBfgy5gdaRcC2APM0uLA0FoInuPpGzvOEyQdefIFLoTUcztTtj9z/36wdRHomEcO68bo6kc1u8exchkwYOPaeTRJsFALBrOgMY8LhSK7cOT6O+Oe2YMOeerRiwj75RozOeKi7FyVnvh6SZIq4IfENFamL1oAOBKZn42xBofBrARQG8V+xMEoY6ovHItQoEGVyvG03n0dZi92AuFPD6VrHUJshpIRCM4xeotc3iqoMFHI6XSSk7n0I28YlrEN2d/6/Akls/t8mwcpoKnar3OuIZhS6JRkk0sQtCdaZJ5Y9pbBQNlJBoi6iSiGABYBv1uADEAJwQ9uNXS4NUAvl3jPgVBqANKfz+mvytUQdJEJoduq6jHT4OvZyWr0tRPWdyHZ/aOgRllJZqcbiAe0kOOlwmybh+exPL+goF3flbOQifA1N3VRU21RtAiVDzRqUkefLlLyp0AlgMAER0L4CEAKwB8gIi+EPD4/wXgkwB8/ycR0XVEtJaI1h48eNDvZYIg1IFtw5PoSUQx2JcMFQwdT+fRkzQNPBF5Fhspj74elaymwY7g1EWz7MeKJBqPStawGrdfkHUyk8fQeAbH9HfZXrfzglLw4E2Drbx25223vm+O+GshDx7AbGbebN2+FsAtzHw9gEtheuVlIaLLAQwx87pyr2PmG5l5NTOvHhiQDgiC0Ei2HpzEioEuJKL+AUYvJjJ5dCcLim5Mi5QEaXP1lGjyZmHQqYsL2TBzbQMf8ZjJyqFb8XqdA1D8LcdLjiqM3zPNp2oZDDg1eHIFWcPvrx6UM/DOT/ASmBINmDmLMh65g/MBvIaItgP4PwCXENH/VrlPQRDqwLbhSRxjSQ+hDHw6b0s0gJWq6DP4ul4afCxKWDy7A7OsOawFDd5bogmbZx6LegdZVQbN8rldnnKUPUDbeq7L8toT0Yjdaybq6njZiq0K1hPRl4joowCOBXAXADiLnsrBzJ9m5sXMvBzA1QD+yMzX1LhfQRCqJJ3TsedICisGussGGL0YzxQkGsBbv1ZGUDe4bBOvICgNnojs5mHlJJqqDLxmngNzsZHfbnnwy/s7QUSIaxF73ixQXOgEFGQZp1Tj7nhpZtG0loF/N4BhmDr8K5lZTao9CcCXGrwvQRDqjFN6iPt4r36Mp3PoScbs+179YJwefa1evNLgAWD1sjnojGuY3amyeEolmmqCmHGPilMAGJnMoScRRaclvcRcWn2ht3uxRNPpkGq0CBW3KtCNphQ6+aZJMnMKQEkwlZnXAFgTZhFm/hOAP4XcmyAIdUQZ+BUDXVjzwqHAQdacbiCdM4okmljUoye7w6hn8wa6/Ht9BViz0JzrPRetwGtPX2gb1JhHmmQ2X50H7/XerK7b7RgAlLQnLsxXtTx4S3dPxgrv8QqytppEIwhCG6HaBJvZIf5l+m7UgOoiAx8plWjq5cHrBkM3CgY+GdOwvL/Lft6r2VjeCB/EVEa80sUi5iPRONMkgWIPPqq50iT11kuTFAShjdg6PInBviQ649FQGvx42jLwriwav7moQG258Pb0o6i3QTQlmvpo8IBHV0ydizx498VQnbez0AkoZNCo54o8eEM8eEEQXPx07S58f832uhxLZdAAsDT4YAZ+wvLgexLFHqr7/XmdbSNXiwevjutX+RnzqMKtppLVK8cdMD14p4GPuT6rQpqklUVjfS4dZYKseZ1tSWc6qdiqgIiOA/AJAMucr2fmS3zfJAhCXfjF43swnsnh2pcsr+k4zIytBydx+amDAAp9WJgZROUNj/LgnUFWr5a9Wd1AVyKKVE6vqR9NYTqTt8H2GtmX0w3EfTx+P9Q3BHcufMbVVsCtpxc8eEuiiZVm0UQjkaIgazW9cupBkGZjPwPwLQA3Aai9BlkQhMCkcrrd3KsWxlJ5jKZyRR48oOSI8oZxIpMD4JZoqMQw5nUDszrjGJ7IIKvXQaLxNfClHny+ikpRrz4zgJWi6Qyyur4xuAudPCUajZB2yFTNahccxMDnmfmbDd+JIAglpLI60nXozjiVKw6UqoBkVi+WI7ywNfiEq5LVQ7vuSlgSTQ17VrEBv6BpzFVEpNaumwafN5BwHMstZ+VdrQqUNNNR5MG7JZrmtAsOsuKviej9RDRIRHPUT8N3JggCUjkdU9l8zcdRBlcZc1t/DqCV2xp80qnBF2eWAKYn3GVlktRFg/e58EQ1AjNKJZDQefCljcSA0oteJYmm086Dd3rw7iBrc2ayBvHgr7X+/YTjMYbZeEwQhAaSyulI5erTnREoGM2YT4qgF14efNynmlS9prYsmvIavFNa0SKafTusAXXKVE6yeQO9JXKUV5qkv0QTc6VJVnMBqgdB+sEfMx0bEQShlLQl0RgG231OqkF5qcpr9ZMnvJhI5xGh0iCiu0e6wQWdvh4evL+BL61ArSbP3FeDd2fRaBFM5AvfokoKnWyJxtmrpxAI1g0GM5rSTTJIFk0MwPsAXGg99CcANzBzroH7EgQBsL33TN4o0njDogyuW6IJkgs/kTEbjTmzbWLR4jx4ZSS7ErUb+KxeXoNXhtL5DSKrhx+o4YxDODEzcpzeuI8GrxVLNB2OSlZnMzZ3//jpJMgn8k0AZwH4hvVzlvWYIAgNJKcbtpGoVabJug28jzzhhdkLPlb0WCxCRYZR7bOnDgY+5/q24UYZ5pyrurRqD75imqRLonEVOs3uiiFChW6XQHG1rfpsmjHRKYgGfzYzn+a4/0cieqpRGxIEwWTKkR5Zs4G3jHEiWizRBNHgndOcFO52AcpI2h58Dfu1NXjfIKvlwVuZNIartUFQfDV4V06924PXDQNEhW6S83qSuOP6l+K4+d1Fe1T7U59Nq3rwOhGtVHeIaAUkH14QGk7aYSRrzYUvaPBq4pC3POGFc5qToqSZllE/iaZiHnxEDeHgorWrTZMsTfcs9uDjWnHfnZxRWpV60sLeojRIZ7VtzpU3P50E8eA/AeBeItoKgGBWtL6zobsSBKHIqKfrJNEkYtVp8KoXu6K0W6JpzNTwi0Zq8G7DXMi6CSvRWBc5d5qkK8haOp2pclGVs9rWPSBkOgmSRXMPEa0CcDxMA7+JmTMN35kgHOU4ZZnaJRrz/XYWTYg0yYl0HkvndBY9FnNVk+YdXnciGm6YiJtKvWiiriyafAWP3w9lxN3fYryyaNxB1kp9ZbyCrC2VB09ElzDzH4noStdTK4kIzPzzBu9NEI5qUo2QaNyFTkEkmkypROPu6FjoAGka+Lp0k/SVaIr3ntWrk0C8PgPDYKv1sLtdcHGhUyU93dkuWF0Im6HBl/PgLwLwRwBXeDzHAMTAC0IDSTuM+lSdDXxh2EWQLJrSIKu7WVnOIUPEo1qNWTTlg6zuLBolgcTrkAfvLghTt90evFZJorGajTGzfSFsKQ+emT9j3fxnZt7mfI6IpPhJEBrMVB01+JI8+GiwIKua5uSVJgkUBm3kHdWniWiktl40lfLgVRaNrcGrwqNqg6yFi1zWQx4qbf1buSrVeRHKV6jMbSRBVrzN47Fb670RQRCKqacGn/GpZK3Ui8ZrmhNQquEXZBJCIlYfiaZcP3jzdcUSSNh2vF5BVvc3HcCqSjUYhiW56AFy7p2pnM7PZropp8GfAOBFAPpcOnwvgGSjNyYIRzsN0eA1d6FTeQPvNc0JKKQqFmSSwvETUa0uQdZy/eCBQh68/fqQWSpEhJhWXLDl/pwAx2dlGEhENCtNspJEU/iGU8iiaSGJBmbWzOUAZqFYhx8H8O4G7kkQBLjy4OtQ6BTTyO5nE7TQyWuaE1B6gSgEElWQtXEDP+xeNC4NvhoJJKZFir7FeHWydMotiahZ6BQki0btLd+KHjwz/wrAr4joPGZ+aBr3JAhtSTZv4DO3b8AHL1mFRbM6Kr6+3nnw7ilFAEpa/rrx9+CVDu4uNiLEa8yiqdgPXvOXh8LiDqB6STSxEs2f7SpWP5xxAjX5qlU1+PcS0Sx1h4hmE9HNjduSILQn24Ynccuju7Bmy3Cg1yuvPRmL1EWiKR4kHazQSU1zKgmy2l5tcTl+rC4evPltw2+UoF8efDW9XmKuvvaZfKk8FLUvhoXukJWMtf35GOz4bFqzVcGpzHxE3WHmwwDOaNiOBKFNUXJHOqDxS+V0xKMRdFtzTmuhxMCH1eA90iSd788bziwarcaZrOV7u7vz4J3yUFjiriImzzRJzR3UNSp78I6Ol/aIvyZo8EFWjBDRbHXHmuYUpMWBIAgOlIEP2ogrldXRGdeQjGl10eCdRkuLECIUQoP36EUDwLMlbiIWCdTjxo9K4/fcGrxTHgqLWZHr0OBVSwcPOUs9l9e54lpRx0Wh2lYK9SCIof4ygDVEpFIj3wjgXxu3JUFoT1TKYVD5IpXV0RHT0BnX6qLBJ6LF/eTdFZpe+HnwUVeKYc4uNqq9kjVbyYN3Z9F4yCpBcbch8PLg3d9WdCOABm9567rBrdmqQMHMPyCidQBeBrMXzZXM/GzDdyYIbcZEOqQHnzMNfEdMq7mS1d3jHLC6JFbS4D2mOan3Aj4efI2FTrm8UbYq1Z0Hn68hiBlzfQZZj4uFuyAqZxjojpU3nVFHjMLuH9+iHjwAbAJwWL2eiJYy886G7UoQ2pDxkB58OqcjGbMkmpoNvF4yxNqdQeKF1zQnoNiAAe5mYzW2KtCNskVLvpWs1Ug00eIga/k0yYIHXylN0jlWsNp2xvUgyMi+6wF8BsABmH3gCWYvmlMrvC8J4H4ACWudWx3tDwThqENJNEHlllROR0dcQ0dcw+HJbE1ru4OsgMoBr5wm6c6gUe8FnKmKhWKe2puNldfgoyVBz+onJiVcefDulg6Ad3viIL1oACvI2sRWBUE8+A8DOJ6ZD4U8dgbAJcw8Yc11fZCIfsfMD4fepSC0ARNVaPCd8Sg6Yhr21iHIWtpugAJ48KWNxgCvhl+qmyTZaZKqEVk1ey0bZFVZNEY9PHgqkpO8KlndA8p1o3IvmuIga/MKnYJcUnYBGA17YDaZsO7GrJ/KresEoU2ZCOnBT2UtD74eWTQeGnxMiyATIMjqLnICSgdfOxt+JWIamAvaeFjMiUr+xjDqyqKpth+8ek/lbpKllbPhgqyt2apAsRXAn4joNzC9cgAAM3+l0huJSAOwDsCxAP6HmR/xeM11AK4DgKVLlwbctiDMPOwgawgNviOmIRnXkMpWr2kD3hJN3CVPeOE1zQkoP1VJXUgy+fKeuB+V8+CVwS2Vh8LiLnTyGvjtzrt394v33KNd6GQ0tVVBkE9kJ4C7AcQB9Dh+KsLMOjOfDmAxgHOI6GSP19zIzKuZefXAwEDgjQvCTKMqDd7Koqk5TVL3MPBBgqzpfCCJJqeb/VmIyB4LWO3g7Vy+vAFVTcJy7olO0fAGNEihU0lRV4BCp5ijlYPaZ6XAbCMIkib52VoXYeYjRPQnAK8CsKHW4wnCTCRsFk3KJdFUq2kD/hKNsxe6357dRU7qvYC3V5uIFjz4qvaqG+iNlwZ2nUQjEU95KCwxjSqmSRZ656s0yeCFTnndqNh6oZEEyaK5Fx7aOTNfUuF9AwBylnHvAPByAF+sdqOCMNMJ68GncwaSMTOLRmm58Sq8VMAvi4Yq5sF7TXMCSnXwbN6wH1MFVdUa+EoavFq/pB98VZWs3s3GnMdyV7IGKXRy9qIJMqS7UQTR4D/uuJ0E8AYA+QDvGwTwfUuHjwD4KTPfEX6LgtAehMmiyevmoIgOKw8eKPSmqQZPDT6qYSyV832PmubUnSj1puOuzJK8UfiGoDz4anvCV9LgAdPoOvvBK3koLCXdJHVGPBopOlahLYNzveBpkrkAM1wbRRCJZp3roT8T0X0B3rce0pRMEGzCePAqa6YzrtlVpKmsjr6O8tKFHxkvDV4rnyY56dOHBvAoNsoXjFjclmiq1OAr5MEDpp6dd1SyVptj7lXJmnAdy27LoDsmOlXw4DXnwA+jVB6bLoJINHMcdyMAzgKwoGE7EoQ2ZTxEFo3dKtjS4J2PhYWZPQ2XW57w269XmmRJkNUwHBp8bRJNNkD2jTN+4JSHwmJ68M6ZrHpJFW3cJdHkda7YubLQQ56LLn7TTRCJxunB5wFsA/CuxmxHENqTnG7YBi8doE9L2kqLLJJoqmxXoGSURMyj2VgZI+w3zUm9F3AWGzmCrHYWTQ0afIVYQ1QjWzKpxUN2d5P0C0arfan1AgdZDQM5owU1eNVvhpmPmc4NCUI7ouQOomDShfLWO6wgq/OxsHhVZwKl3qub8h688moLqYoxO8haq0RT2YN3SjS1eMimlm8O1I5EyApkext49TqDEThNMqebM1mrjZ3USrlVf6luENFtjd+KILQvyhue0xkP5NnaBj4esSWaanPhvcbQAd7tgj93x7P4zK82WHv2nuYEmAaOyDvwqCSa6oOsQSYmFfbulIfC4m5DYMpD5HpNoTVy0M6V7jTJZuTAA+UNvHNHKxq9EUFoZ5SBn9sdR1Y3YFQo41dyTDLm0OBrlGiCBFkf3nYIP3h4BzYfGPftBa8oMrI629p1vA558EEMqHNGarUGPu6SXzJ5A3FX33wiQjRiflbqglbJg3cGWXMBNPtGUW5V9rktCEJIlEQztysBoLLxS9tZNFF0xM0/03pLNF4a/FRWBzPwP/du8Z3mZL/fKZPoht2nvRaJhpmD5cFHIkUzWaudllQYXVg4Dy85RQWk8wGrUp1B1iCafaMoF2Q9jYjGYHryHdZtWPeZmXsbvjtBaBOUNzy32+zrksnrtrbuhRrw4c6DrwY/icarVcFURgcRcPtTe+39+Xrwjvfn9fpUsuoGg7myBOIMjgbJS/c/jqvtsUe2UWE9LgzvCODBKwkrX8M3jFrxXZWZNWbuZeYeZo5at9V9Me6CEILJjGmc+7uDefBFQdYaNXivHudAIdWQufAFfSqbx2UnDyKqRfCztbs9pzkpohFHqqLuqGS19ltNFo1dlVohKBnTIo5vD1zx9f7HKR49mNUNz5426mJYaBxWeb2Y9flkW1SDFwShTqiA5VyrM2MlY13Ig48UsmjqrcG75Am17tK5nXjL2UuQN9hzmpP9focX7VnJWsXgbfWeyhp8xG7i5ZSHwlL4DAoevFfKpXkxCy7RmHska+BH9UHgWhEDLwjTwITlwc8N6MGnnRKNFfSrdi6r8k5LC51UhWbBuOV0Rldcw3UXrURMI88MGkVUi3hWskYteaKabpL2yLwKmrWp/5fKQ2Epmbfqp8FHXRJNgPWiEbIqWSs3J2sUQWeyCoJQA6oX/JyQHnxHTEMkQkjGInVPkyyq0EwUviF0xKNYNKsD1124AvtHM/BD6dJAcaoiUWGqU1hygT34QoA3qxvoqTAE2w87TTLv8OCjpZKUyhhSWTTBPHizX04zs2iCtCroApBiZoOIjgNwAoDfMbN/lyJBEIqYzOaRjEXsgGUQDT6uRWzDUMtUJ988eJc8MZUzL0JKc//EX55Q9rjOVgfu4qRqB2+rwqlgEk19KlmBwreYjEcePGBeDPNOiSaAR66KsVS74GYQ5FO5H0CSiBYBuAfAOwF8r5GbEoR2Y9wanKHK+Ct68FkdyVjhz7MjplWtwZcLsgIF46YkIL+gqpuoU4PXi2WIagdv2xp8pSBrnSpZSzR43bBjCEXrWQHpQhZNgCCr/Z7mtSoIsiox8xSAKwF8jZlfD+Ckxm5LENqLyYxl4FUKYYUMEzXsQ5GM1+DB6+b7Ei7pIe6SJ6Yyhdz7IKgyf8BKVXR68LHaJJrK/eAd+n8NlazuQiczB98jyKoVFzoFDrJaEk2zgqxBfpNEROcBeCsKTcZEuxeOerYMjeOhrSNYPKsDS+d2YvHsjhIjqpjI5NGViNo57ekK3q0a16eoZWxfuTx4oBBgnMoWSzSViEWcEg0XGca41lgN3jmyL0jvGv/jeGTR+HjwzlYFM0WiCWKoPwLg0wB+wczPENEKAPc2dFeC0MIYBuPmP2/Dv9/5XEkqYH93HPN7k1g1rxtfvOpU2+BPhPXgc7p9MQDqpMFX6JI4Zfe/CWjgo2R3xnT3W0lEtSrz4AMGWR0j+9zyUBgKQdZC62GvteNaBFPZfCiJxqy2NS8KLdsumJnvA3AfABBRBMAwM3+o0RsThFZkz5EUPnnrU/jzlkN4+Ynz8enLTsCRqSx2HJrCrpEU9o+lsWn/GH755F789QXH4NTFswCYWTSDfcnAHnw6VyzRdMQ1u91BWPw1+OIAo5JougJKNKaRNfeUdxUbmRJNFRp84CArFaU2VpulUpi3avYHyhvenR9jGtnDO9T6lVCZPrVU2tZKkCyaHwN4LwAdZm/4PiL6CjP/R6M3Jwitwp4jKXzrTy/gJ4/tghYh/NuVp+Dqs5fYRUBnLZtjv/bp3aO44usPYu+RNE5dbD42mc2jOxlOg3dKJcmYhuGJbFV7t/vBVxhkEVqi0SLIWpWwWVexUa1pkpX6wRdn8HANWTSFz8CvIAwwNf9s3gjcqkC9x5zJ2rx2wUEu1Scx8xgRvRXAbwH8LUxDLwZeOCr46h824+v3bgYAXHXWErz/4pVYMqfT9/WDs5IAgP2jKfuxiXR4DX5WZ6HIqC4avFuicVWcpsJKNFalpu7RQjcR1TBaZt6rH8ElGioO8FZZyeqUqWwD7yPRFAVZA7UqoKa3Cw5i4GNEFAPwOgBfZ+YcEUl3SeGo4I71e/Gff3gerz51EH932YlYNKuj4nvmdMYR1yLYN5q2H5vI5NGTiNrGI4gH79TgO+Oa7WGHJZs3DUzEZWTcGSSTmXBpksqLznlUd8YbXugUsRqTcYk8FAZnmqRfMNrcT7hmY+Yeyeom2ZrtghU3ANgOoAvA/US0DMBY2XcIQhuw49AkPnXb0zhj6Sz815tPD2TcASASISzoS9oGXo3r60pEEYkQ4tFI6CyaZA158OUyQ8znTaOVyuZBBLs1QiWUDq4KjuqTBx9Mg1dplKqZV7W9aAq1AOxI0fT+rMIXOhV+z5XSPhtFkCDrfwP4b8dDO4joZY3bkiA0n0xexwd+/Di0COFrbzkjdBqeaeBNiUYFR1UVayIaCZRF4w6yBpnl6kXWp7+K0rntLJqsbrdGCIKSLZSGX1LJWk0WjY+c5EZ5xMqA1iMPvqwHHzXjDWGbjamLcst68ETUR0RfIaK11s+XYXrzgtCW5HQD//jLZ7Bhzxi+9MbTsHi2v97ux0KHB++ejJSMaRW921S2NA8+62hXGwa/DonuPixTOT2wPAOoQh72HGNXa6GTV8veorUtA5uu0YCqbx25fMHAe10sYmqik2oXHDBNUsU1Wrld8M0AxgG8yfoZA/DdRm5KEJrF5gPjeMM31+Ana3fh/RevxCtOml/VcQZndeDAWBqGwZjMFg+vruTBGwYjkzeKPXg7OBveaGZ8JBp3mf5UJh+4ihWwNHiHYYy6JJpsFRJN8EIn83nVXqHaPHg1mCNryWiAnwbvahccYL2YRnZgvJUrWVcy8xsc9z9LRE82aD+CMO0cmsjguf3jeHjbCL513wvoimv4xlvPxGWnDFZ9zMG+JHI6Y3gyY3eS7Cry4P0NtZIdijR4R094vwlLflTS4J0STRgPPmY1/FJGL16HIGtQDV4Z2FSNBpSI7E6RhRRNb4kmH7IXTVSLOC5ArWvgU0R0ATM/CABEdD6AVIX3CELLs/vwFN7+nUexdXjSfuwVJ83H519/CgZ6EjUde7DPDMjuO5K2Z5s6NfhyKY/2uD4vD76KVMlMJYnGMlpu3b8SKrNEGcZiD968iDGz78AQL8oFOovWjrg9+OoNaFyLIJdn37756vhF7YKDePARKkg0rRpkhVnk9AMi6rPuHwZwbeO2JAiNJ53T8f4fPY6D4xn8w6tPxAkLenH8gp6aDbtisM/Mhd83mraNQndAD14F5tytCoDq5rJmdcMeo+fE3WxsMpMPp8FHzFRFL+3aOdXJrz+PF4WAbaVmY5YGXwcDqsbxletkqbJ00iE0dS1CUNMQW7YXDTM/BXMAd691f4yIPgJgfYP3JggN47O/fhbrd4/ixredhVe+aEHdj18w8CnbaDo1+HKeeDpXKtF0xE2jU02qZDave3qlJRp8VrcnTgVBvb8gkxRr8ID57SGUgdcNEJnGsRxRlwZfbSUrUBjg7VcQBhSMfiobvNDJ+ZpWbhcMwDTszKzy3/+m0uuJaAkR3UtEG4noGSL6cNW7FIQ68rO1u3DLozvx3otWNsS4A+bkpng0gv2j6UIWTTygB+9h4JO1ePA+GrwWIUSoYOBTYbNoLCPsJZOobwzZkDp81mqtW0nWidlrm59tLR58IA1eK76YBfHgnRe8VtbgvQjyaeYBfIyZHyeiHgDriOhuZn62yjUFITTMjDs37Mf/PrIDI5M5jKdz2D+axnkr5uLjrzyuYesSEQb7ktg7mrYzU7oSptGr5MGnPAZvqGNU5cHrBmb5VHoq4wZUF2Q192QZWYeXqr4xhA20+vVjdxPVir/R1KzB62zv1bubpBXUtc81WKGTomUlGh8qtipg5n0A9lm3x4loI4BFAMTAC9PChj2j+Jc7nsUj20ZwTH8XVg50ozdp6uzvuWhlw4tPBvuS2D+awoLeBJKxwvi9So24lJeY9AiyVu3B+5xr3GqiBVSTJlnswTsbhKnJVWEHbwftnV6aRVOjB5/XC0HWAB58JQnJvaeWm8lKROPwNuQEIFjNduFYywGcAeCRMO8ThGq5Y/1eXH/LE5jdGcfnXncyrj57ybT/kQ32deDRbSM4dp6O7kShcViyQuMwe/i1V5C1Kg3eW6IBCgFGZg5d6OTORS/y4KPVe/BBvPF6ZtHEomS3PAD8u0mq9aIRCpQZ5LwItJwHz8w99ViAiLoB3AbgIw4N3/n8dQCuA4ClS5fWY0nhKGcyk8e/3PEsTlnUhx++68Xo64hVflMDGOxL4sBYGmPpHLoTBcMZ1IMvzoMv9iDDUM7Ax6wUQTOlMXgnSaC8TKICq2ENfDYfbLxdzJ1FU0MQ026aVi7I6lgviPcOFHvtzdLgG7qq1YXyNgA/Yuafe72GmW9k5tXMvHpgYKCR2xGOEm647wUcGMvgM1e8qGnGHTANfN5g7Dg0aWfQAAE8eI+2vbXkwfv1ogGU92rY/XI6PdIp/XBLNF5ZNGGDrLkye3VSkkVTobVBOZRMVS5NMu6QaIIaa2cDtFZuVVAVZH6H+Q6Ajcz8lUatIwhO9hxJ4Yb7t+I1py3EWctmN3Uvqthpy9BE0ZQk5cEze4eyvPLgkzVINJmcvwYf0yLI6IZtKDtDVMnaEk0uX3QfKMgcYTtKBtXgYy4NvhYP3s6DL+vBF76tBM3YaXcP/nwAbwNwCRE9af1c1sD1BAFf+N0mAMDfXnpCk3didpQEgHTOQI/Dg1cphH7yhfLSnXp4TIsgplFVEk1GNzwDh4Cq4jTs41aTJlnomFhcyQpU7nvvJqgGrwx6PbJoYlYWTaFNQqkBV1690uCDHXfmpklWxGpt0JzvJcJRyR83HcCvn9qLD11ybODe7Y1koWMPXYliDx4wDXzSQxJJ5Uwj4jYKySoGbzNzoCCrLdGECbJGXTKJq5skUIUGr4fT4FM1NhtT71UefDzqnYPvrGQN+m3BqdW3cqsCQWhpdhyaxBd+twm/27Afx/R34T0XrWz2lgAAsztjthzjbBCmjHompwMeMYJU1igKsCqqGdunpi2Vk2hyOjty70NINC4vOloUZDVvh95vmZROJ7YGX4dujTGlwZdZO+ao2g1q4IskmlYdui0IrQoz41v3bcV/3v08tAjhb15xHN790hWhMkEaiSp22n5oqsjAV0ohTOXyRTnwio54+KlO9sDtmJ+BJ2TzDg0+ZLMxc7+lXvSszjgA4PBUuEHhOd3w3auT0n7wNQZZdQNZXS+bbQSYF7M5XQFHGooHLwjVkdcN/OPtz+DHj+zEq08ZxD9ecRLm9yabva0SBvs6Sgx8skJGjHvYh6IjptmGOCjlAocAEI9qGEvlbE843MAPJdGUBll7k1HEoxEcnMiE2m9ON4oyjvxwB3hr60Wj0iS5zDedwsVsJqVJioEXZhyprI7rb3kCf9h4AO+7eCU++ZfHh2pJO52opmN+GrwX7nmsio54eA2+MIbO23DHLf15ytLgO0JINHGtWKJxGjEiwkB3AgfHwxn4oBp81JWiWUsRm7PQyW+SVKF3frD9me9p4UInQWg1DIPx2w378J93P4+tw5P47GtehGtfsrzZ2yrL4CzTwLvz4AH/FMJUzvCUmarR4MvNGQUK3qsylF0hR/YBppH16gDZ3x3H8ER4iSaIN+7W/2sxoHFNsydTlYtVKAJ78A7dveVaFQhCq8DMuGfjEL5013PYtH8cq+Z14+Z3nI2XHT+v2VuryAIrF95Lg/cbop0uI9GMpXOh1s/qqhCoTLMxR5pkuIEfhSwaL6+2vzthz6UNSvW9aGrz4NXIPr9vOtX0lWnpVgWC0ApsPjCOf77jWTyweRjH9Hfhq1efjstPXRjYi2o2Cz0kGi8PfuehKTyzdxRD4xnsHJnCSQt7S46VrCLImqmowZtZNJOZPLQIhdKynbp0zOP3MdCTwPo9o6H2m8sHzIMvqaKttZukUbaK1vm5VJUHL1k0glAgndPxH79/Dt9bsx1dcQ2fueIkXHPusqYFq6rl/GP7cf0lx+LFx8yxH1NZIk4P/g3fWmPr1REC3rK4tC9TLUFWv0In1S5YtQoOE8uIOYKsXvn8/d0JjExmYRiMSECjmNXZs1VAydqRQiuEIANCyh5Li8Bg80IV9/G0Y1UYeOXpRwiBz7/eiIEXWo7NB8Zx/S1PYNP+cfzVi5fi4688HnO64s3eVlUkYxo+9srjix+LFnvw6ZyOg+MZvPP85Xj/xcdiTlfc02DN7oxhZDIbas5ppoIGr4KsqZC94AHn2DyjqFumor87Dt1gHJ7KBp4Ulc3rgb5FRCIELULQjeBBTz/U+yfSeczu8u5dFK2iKlV9q2mW/g6IgRdajJ8+tgv/ePsGdMWj+O47Z4bOHha3B39o0gxEHj+//EzY/u4EMnkDE5k8epLBmqgFCrLmDatVcDhz4DTEXp5vv3UuwxPBDbyZpRI0iGkZ+Bq9Y7XeZDaP+b3e+6wqyGq9p5YUzlqZWd93hbZm3Y4RfPK29Thr2Wz87iMvbUvjDjj7tJge/LAlzfRXMILq+TCZKZXz4C2JJpP3DOyWo2jmqMfxB6z9hkmVDNqLBigY3SCSTjnUxW8yU7nQybwdzMBrtgffvHiRGHihJTAMxj/fsRHzexO46e2rMa+n9YqW6kVSefCW8R22ioH6y3jvzucPhSgeKjfEAii0KpjM5u2RgkGplOdd8OCD7dcwGPkQkosynLUOtFYXv8lM3ndtzZKE1O0gxOq0v1oQAy+0BLc/tRdP7TqCT/zlCaGlgpmGu9OibeC7y8cZ1PNBDSZQWaJRj4+l8qGKnIDizBC/NEkg+H5zRvm9ulGG0y8wGhTnOL5ya0dDaur12l8tiIEXmk4qq+OLd27CKYv6cOUZi5q9nYajRQgxjZC2gqxKcqkk0diSRx0lGuVljqZyoYZ9AIVAp3mc0uP3JqOIa8HbFeTKtOv1wvaQaw2yOoy6X7YRUPgMw6ZJNjPIKgZemHaGxtK45dGduO/5gxgaT+OmB7Zi32ga/+/yk5qWTjbdJKKa7cEfHM+gJxH1TDV0MqcrDqKCZq/YPjyJf7r9GeT10sKpTIVmY8pojaZy6Awp0QBOr7b090ZEGOgJ3q5AjcwLK9HUWkTk9LDLBUTVhSBsN8lmavDt/V1YaCk27R/Dtx/Yhl89ucf21hSXnrwA5zhyxdudZCxie/AHJzIV9XfANBizO+Mlksedz+zH99ZsxzXnLsWx84pHKdt58JpPhaZltCYy+dBpkoA1EapMcVKYdgU5PZyBVxJRvdIkKx2roKkHz/IBmlfkBIiBF6aBsXQO/3rHRvxk7S50xDT81TlLcfU5S3FkKoeN+8awc2QK77loRbO3Oa04Pfjh8Ywtv1TCNJjFBn7fkRQAYNfhlK+BD5IdUk3sI1bBiw7TrsAOCIf24Otn4Mtp8LGQHrm9vxrmxdaKGHihodz3/EF86rb1ODCWxnsuWoH3XbTS7hUOAOetnNvE3TWPhMODH57I4PgFPRXeYdLfnSjxiPdaBnTP4VTJ6ysGWR3GLWyaJFCQIfw9+ASeDtiuwNbgAxpEJZXUKoGENvAhm401M4tGDLzQENI5HZ//7Ub84KEdOHZeN37+/vNx+pJZzd5Wy1DkwU9kcX5gDz6Bp3YfKXpsr+XB7/Yy8LpelOLnxmnQwqZJAs7Ao7cRG+hJ4FDAdgWhJZo6efDOzyCQRBN6f+LBC23EtuFJfPDHj+OZvWN41wXH4BN/eXzFAOLRRjIWQSavI5PXMZrKVcygUfR3J0qCrEoC2XOk1MBncuXb7zoNWtg0SaDgPcd9vO4w7QqyoYOs6ttDrUHWYFk04SUa8eCFNuOO9Xvxt7euRywawXeuXY2/OHF+s7fUkiSiEWRyBg4FTJFU9PfEMZnVzalPcbM//IjV6mD34amS12fLdEgEio1j2DRJ8/3ljViYdgW5kBp8vTx4pyRUX4lGafCSJinMcHSD8W+/3YgP/vgJnDDYi99+6KVi3MuQjGnI5PXARU4Kd/GQ8t6TsYivBl/OaDmNaTUSTbRMHrxzv0FSJQt58OFaFdTqIRdp8GXWriRHuSlk0UihkzCDOTKVxTu++yhuuH8rrjl3KW5597lYOKuj2dtqaRLRCNI5wzbU5ZqMOSkUO1kG3pJlzlgyG0PjmZKJT+WmFAHF3mU1Eo26ePjJJAMh2hUUNPhwHrKfPBQU5+dT7uISDZkmKb1ohBnPs3vHcMXXH8QjW0fwxTecgs+97pTApeZHM7YHPx5SolEevOURqwyas5fPBoCSlMSMbgSqzgTCDdxWBPXggxh4lSYZVNKol8YdPk0y2HpEZsVyM2cYyF+iUDW/enIPrvzmn5HLM37ynnPx5rNLh1QI3igP/mBID36u3Y/GvDAoD/6s5WaRmFuHryTRFAVZa9HgfbzUMO0KchXaKpSuXa88+MZo8OZrI0018BJkFUJjGIwv3rkJN9y/Fecsn4P/eeuZgQ2UYOLU4LsDtClQzHU1HNs7msbcrjhWDnQBKM2Fr6jBO+QN51jBoCjj5WeUiQj93fGGaPB2M69aJZpoMA9erRNGcolqFOqCUG/EwAuhyOR1fOJn63H7U3vxtnOX4R+vOGnGjdFrBQoafDZwgNV8n4beZLRg4I+kMDgriQW9SWgRKsmFr6jB1yjRFHLD/Y3YQE9pcZYXoTX4OrXjDRpkLRQuBTfYcS3SVMlSDLwQmPF0Du/54TqseeEQPnXpCXjPhStCzfAUCiSipgd/cDwdWH9X9PckHFk0KSyb24WoFsGC3mRJLnxWN+z+817Ei4Ks9a9kBcq3K/iP32/Cgt4k3nbe8oIG38ReNPXU4AHgX19/MlYMdFe/uRoR10sIxI5Dk3jjtx7Co9tG8JU3nYb3XrRSjHsNJGPmoOf9o1UY+O6EHZzddySNRVbG0qLZHd4STVAPvgoNPh7QwHsFWSczedx0/zZ8/6EdABx58IGDrPWpFHVW+pZNk4yGG/gBAK86eRDHzQ/WhqIRNMzAE9HNRDRERBsatYYwPdz97AFc/rUHsW80jZvfcTauPHNxs7c041FDP/YeSYeOXwxYBnM8ncN4Jo/BPnP61eJZHVUHWePRSFV9y4MYWWe7AidrXjiErG5gy9AERqdyodsFxwJcXIISJGBbWG/mODaN9OC/B+BVDTy+0GCYGV++6zm8+wdrsXxuF+64/gJceNxAs7fVFijZJKsbVXjwcRycyNiyx6DlwS+e3YH9Y2nbEwbMmEk86u+ZK4+1Gv0dCFZs5GxX4OTe54bs20/sOhx64Ee5XvRhcV7oKr2mma0HwtKwnTLz/QBGGnV8ofF858Ft+Noft+BNqxfjZ+89D0vmdDZ7S21DwmF0+3uCB1kBU/IYT+exfXgSALDQ8uAXze6wZR9FJYlGGbRq5BnA4fmWMYzOdgUKZsafNg3hpav6ESHg8Z1HQmvwQfT/oKjPqFzNQNhCp1ag6ZciIrqOiNYS0dqDBw82ezuCxb3PDeHzv92IS09egC9ceao0C6szzglL1QRZAWCD1Ya34MGbF2BnJk2lXjRahBAhoLOKFEnAIVuUMXpexU7PH5jA3tE0Xn3KIE5Y0Isndh4O3U0yXsdujeozCtLWoZkj+MLS9J0y843MvJqZVw8MyNf/VmDL0Dg+9OMncMKCXnz5TacdNWP0ppMiD76KICsArN8ziggB8y2Dr4KtTh0+ky9fyQqYBrVaiSYaIJNFxRicufBKnrn4+Hk4c9ksPLHzCNI5o2xr45K166rBVz5WNYVOzabpBl5oLf68ZRjv/N5jSMQ03HTt6qqm/AiVcaYuBp3mpFB580/vHsW8nqRt6AZnJUFU3Da4UpAVMD3TaqpYgUInxnI6uLogPX9g3H7s3k1DOHGwFwv6kjhz6WxMZPJ4dt9YKG/clkzqGGSt50SnVkAM/FGOYTBGp3J4eOshvOXGh/HWbz8CXWfc9PazbI9QqD+1avAAcGgyi4WzkkXHnNeTsCUaZjYlmgoGMB6NVFXFChRy0cut0dcRwytPmo8b7t+Kh144hNFUDmt3HMYlJ5jf2M9cavbRWbd9JJQ3Xli7jkHWAAM/wqRJNpuGuWdEdAuAiwH0E9FuAJ9h5u80aj3Bm4PjGWzcN4ZUTkc6p+PIVA6bh8bx/P4JbB2ewMhkFip7rb87js9ccRL+6sVLiwyQUH+UB98V10J/S3KmVQ66LsKLZhVy4fMGg7lyXnlMi1RV5AQE96K//KbT8PpvrMH7f7QO77loJXSD8bLj5wEAls3txNyuOA5NZjG3K/jFrl6VrEDlrpjmc/WThKaLhhl4Zn5Lo44tFDOezmHdjsMYGstAixCiGmHnoSn8YdMQntp1pOT1Pckojp/fg5efOB/93QnM7oqjvzuOl584v2pPTgiHuoD2V9HDJxnT0J2IYiKTtzNoFItnd+KJXYcBVJ7Hqjj/2H6ctqQv9D6A4LnhPckYbnr7arz26w/iC7/bhL6OmD3CkYhwxtLZ+MPGA6GMp63B16EVQEyLIK5Fyhbvqb2JBy80BGbG1uFJbBmawK6RKewcmcJTu45gw94x6K4iEiLgtMWz8LFXHIezj5ljNbSKoCcZw7yehFShNhnlwYcNsCr6u+OYyOQx2Ofy4Gd34LdP74NucMHAB/CuqyVMR8dj+rvwtb86E+/87qO48LiBIq//zGWzTAMfonFYrI4DNWIaBfimo9YTD16oA5m8jq0HJ7Fx3xjWvHAID24exv6xQo5zTyKKEwd78YGLV+LFK+Zi2dxOGAaQNwzM6oxjToivu8L0krCCmmEajTnp705g+6GpIg0eMIud8gZj/1jazvZIlOlFUythZYuLjhvAT99TWlOhdPiqPPh65MFHtcrB6Kh48EINpHM6Htk2gj89N4Q1Ww7hhYMTyFueeV9HDBcc248LVvXj5IV9WDKnA30dMfHEZyjJaK0evPk+twd/yiJTavnAjx7H37/6RADB+6tXQ7SKzJLVVu96J6ctngUtQqH2GqSTZVDiGlWUmZbP7UJfRwzze2dOa2wx8E1ENxjrdhzGw1sP4eGth7Bux2E7b/mcY+bgFSfNx3ELenD8/B4cO697RnkOQnmStgdfpYG3Mm8GXR78qYtn4VvXnImP/fQpXHvzowCCN++qBpXBUutFpCOu4aTBXoTxV6IBMniCEgvQ1ve0JbPw1GdeWfNa04kY+Caw90gKP127Cz99bBf2jqZBBJy4oBdvffEyXHhcP85dMVcqR9ucrkQU//K6k/Gy46sr7jt5YR8Wz+5Af1fpBeJVJw9i5UA3rvvhOmwbnmxoRpTdI70OXvRnX/uikpmyZdeuYx78mUtno7sNEwza4owu/eoDmMrmkdcZusFgMAgEIiBChEgE0IgQ8XIPCCCgotTBzGAAYI8nyfNmEbrBSOcMpPM6RlM5AMAFx/bj05ediJeu6sesTtHLjzbedu6yqt979TlLcfU5/iMSV83vwS8/cD5+8thOvOTYuVWvU4nFszsQj0aq/ibiROnwQelNxsx/O2o3Y+++cEXNx2hFiNnLYjWH1atX89q1a0O/729++iR0gxGNRKBFAAKBYeYAGwwYbBp+g7nIkJc12oB9obDxuBg4P79yn6RGhGTMrBgc6EngtacvkuZdQluQzulN+cbJzHh852GctaxU0z+aIKJ1zLza67m28OC/8qbTm70FQThqaZacSERHvXGvxMxJ6BQEQRBCIQZeEAShTREDLwiC0KaIgRcEQWhTxMALgiC0KWLgBUEQ2hQx8IIgCG2KGHhBEIQ2paUqWYnoIIAdId7SD2C4QdtpZeS8jy7kvI8uwp73Mmb2bGrUUgY+LES01q9Et52R8z66kPM+uqjneYtEIwiC0KaIgRcEQWhTZrqBv7HZG2gSct5HF3LeRxd1O+8ZrcELgiAI/sx0D14QBEHwQQy8IAhCmzIjDTwRvYqIniOiLUT0qWbvp1EQ0RIiupeINhLRM0T0YevxOUR0NxFttv4NN+tshkBEGhE9QUR3WPfb/ryJaBYR3UpEm6zf+3lHyXl/1Po/voGIbiGiZLueNxHdTERDRLTB8ZjvuRLRpy1b9xwR/WWYtWacgSciDcD/ALgUwEkA3kJEJzV3Vw0jD+BjzHwigHMBfMA6108BuIeZVwG4x7rfjnwYwEbH/aPhvL8K4E5mPgHAaTDPv63Pm4gWAfgQgNXMfDIADcDVaN/z/h6AV7ke8zxX6+/9agAvst7zDcsGBmLGGXgA5wDYwsxbmTkL4P8AvLbJe2oIzLyPmR+3bo/D/GNfBPN8v2+97PsAXteUDTYQIloM4NUAvu14uK3Pm4h6AVwI4DsAwMxZZj6CNj9viyiADiKKAugEsBdtet7MfD+AEdfDfuf6WgD/x8wZZt4GYAtMGxiImWjgFwHY5bi/23qsrSGi5QDOAPAIgPnMvA8wLwIA5jVxa43ivwB8EoDheKzdz3sFgIMAvmtJU98moi60+Xkz8x4AXwKwE8A+AKPMfBfa/Lxd+J1rTfZuJhp48nisrXM9iagbwG0APsLMY83eT6MhossBDDHzumbvZZqJAjgTwDeZ+QwAk2gfWcIXS29+LYBjACwE0EVE1zR3Vy1DTfZuJhr43QCWOO4vhvl1ri0hohhM4/4jZv659fABIhq0nh8EMNSs/TWI8wG8hoi2w5TgLiGi/0X7n/duALuZ+RHr/q0wDX67n/fLAWxj5oPMnAPwcwAvQfuftxO/c63J3s1EA/8YgFVEdAwRxWEGIG5v8p4aAhERTD12IzN/xfHU7QCutW5fC+BX0723RsLMn2bmxcy8HObv94/MfA3a/7z3A9hFRMdbD/0FgGfR5ucNU5o5l4g6rf/zfwEz3tTu5+3E71xvB3A1ESWI6BgAqwA8GviozDzjfgBcBuB5AC8A+Ptm76eB53kBzK9j6wE8af1cBmAuzEj7ZuvfOc3eawM/g4sB3GHdbvvzBnA6gLXW7/yXAGYfJef9WQCbAGwA8EMAiXY9bwC3wIw15GB66O8qd64A/t6ydc8BuDTMWtKqQBAEoU2ZiRKNIAiCEAAx8IIgCG2KGHhBEIQ2RQy8IAhCmyIGXhAEoU0RAz9NENFcInrS+tlPRHus20eI6Nlm769WiGg5Ef1VE9cfIKJHrBL/l7qe+wgRdTruT9SwzulEdFkV71tIRLcGeN1viWhWVZtrIkS0nYj6Q77nViJa4Xj/046/kZdYj68iojuI6AUiWmd1V73Qeu4dRHTQ+p1vJqLfq/dZz3+JiC6p53nONMTATxPMfIiZT2fm0wF8C8B/WrdPR3G/lWmDTOr1f2A5gKYZeJjFMZuY+QxmfsD13EdgNrCqB6fDrEUowWqU5Qkz72XmqyodnJkvY7PBWFtDRC8CoDHzVsfDL1N/I8y8hoiSAH4D4EZmXsnMZwG4HmbPHsVPrN/5KgBfAPBzIjrReu5rOApaPZRDDHxroBHRTVY/7LuIqAMAiGglEd1peS4PENEJ7jcS0T8R0Q+J6I+WF/Nux3OfIKLHiGg9EX3Wemw5mX3GvwHgcQBLiOiTlvf0FBF9odzaRPQ9IvpvIlpDRFuJSBmtLwB4qeV9fdRa5wEietz6UR5ZhIi+YZ3rHZbHepX13FlEdJ+15u9V6bbrfJcR0T3WOd1DREuJ6HQA/w7gMmv9DsfrPwSzv8m9RHSv4/F/tc73YSKabz02QES3WZ/ZY0R0vmvtOIB/BvBma503W5//jUR0F4AflDnv5WT1/7Y8z59bn+9mIvp3xxrbiajf8Xvy+n9xtnX+DxHRf5Cjr7jjOINEdL+1zw1kfashom8S0VrrmJ91rft565hriehM63fwAhG913rNxdYxf0FEzxLRt8jDQSCia4joUWvtG8i7ve1bUbky9a0AHmJmu1KdmTcw8/e8XszM98KcZ3qddX8HgLlEtKDCOu1Ls6u6jsYfAP8E4OPW7eUw+76fbt3/KYBrrNv3AFhl3X4xzJJ9r2M9BaADQD/MznMLAbwS5n92gnkhvwNmK9rlML8xnGu9/1IAawB0WvfnlFsbZi/rn1nHPAlm62bAUXFq3e8EkLRurwKw1rp9FYDfWu9fAOCw9VjM2seA9bo3A7jZ43x/DeBa6/ZfA/ildfsdAL7u83lvB9DvuM8ArrBu/zuAf7Bu/xjABdbtpTBbRLiPVbSO9fmvA9BR4byXA9jgOMZWAH0AkgB2AFji3CvK/7/YAOAl1u0vqOO69vkxWFXeMPur97h+vxqAPwE41bHu+6zb/wmzkrYHwADMxm/qd5yG6UFrAO4GcJVr3ydav6OY9fg3ALzdY3/3ATjF9Tt6Gma19iPWY18B8OEyf0clv3OYbXZ/57h/E4A3NPtvvlk/vl8phWllGzM/ad1eB2A5mR0kXwLgZ0R2Q7mEz/t/xcwpACnLSz0HZpuDVwJ4wnpNN0yDsxPADmZ+2Hr85QC+y8xTAMDMIwHW/iUzGwCeVd6vBzEAX7e8ax3AcdbjFwD4mfX+/Q6v+ngAJwO421pTg1nO7eY8AFdat38I00CHJQvzggeYn/crrNsvB3CS45x7iaiHzV785bjd+vwB//N2cw8zjwIAmTGYZShuCwt4/7+YBdNYr7Ee/zGAyz2O/xiAm8lsVvdLx3HeRETXwexcOQjzIr1enYf179MAuq3zHieiNBXiAo+yJasQ0S0wf5/O2MJfADgLwGPW59gB7yZhgzBbIzt5GTMPe7wW1nq/gPl/+HlmvtLvZa77QzAdnqMSMfCtQcZxW4f5RxEBcIRNnb4S7n4TDPM/+r8x8w3OJ8jsKz/pfMjj/ZXWdu7Xq50pAHwUwAGYU4kiMD2/cq8nAM8w83k+z/tRTa+NHFvuHczPW/0dRACc5zDWQXF+nn7n7cb9O/f6W/T6f+H3+RXBzPeTGYx8NYAfEtF/AHgAwMcBnM3Mh4noezC/QbjXM1xrG479ef1fc0IAvs/Mn66wxZRrbS+egfmt01yI+fVEtBpm73g/zkDxFLCktdZRiWjwLQqbfd+3EdEbATsgeprPy19L5gzLuTC/Rj8G4PcA/tryxkFEi4jIa2DCXdbrOq3XzQm5tmIc5ld6RR+AfZan/jaYHjkAPAjgDWRq8fOt/QJmI6UBIjrPWjNGZiDOzRqYHSYBU6N9sMK+vPbmx10APqjuWF542GP5nXddYObDML3qc62HrvZ6HREtgymt3ASzI+mZAHphXoxGrc/+0iq2cA6ZnVwjMGU09+d/D4Cr1P81MmeNLvM4zkYAx1ZY68cAziei1zge8w2WE9FFMPX3mxwPHwdT0joqEQPf2rwVwLuI6CmY3ozfaMJHYWYbPAzgX9jM2LgL5h/IQ0T0NMyv0SWGiZnvhPnVfC0RPQnTwwuztmI9gDyZgcuPwtReryWih2H+kSkv9zaYHfQ2ALgB5oSqUTbHL14F4IvWmk/ClIncfAjAO4loPUwD+uEK+wLMWMTvHHKQHx8CsNoKYD4L4L0er7kXpozzJBG92eN5v/OuJ+8CcCMRPQTTYx71eM3FAJ4koicAvAHAV5n5KZiS3TMAbgbw5yrWfgiW7g9gG4BfOJ9k5mcB/AOAu6zf0d0w5Rg3v0Hh4u6J9U3qcgDvJTOg/5B17M85XqYC3s8D+DuYevtGwJ6lcCzM7pxHJdJNcoZDRP8EYIKZy31tbSmIqJuZJ6xvHI8COJ/NXuhCANTnZ93+FIBBZg5yoat13YthJgd4af5hj9UB82J5PjPrtR7PZ43XAziTmf9fI44/ExANXmgGd1hBuzjMbxxi3MPxaiL6NMy/3x0ws0lmFMycIqLPwJwvurNBy0QBfLlBx54RiAcvCILQpogGLwiC0KaIgRcEQWhTxMALgiC0KWLgBUEQ2hQx8IIgCG3K/wd7FaNWwUBzGAAAAABJRU5ErkJggg==\n",
      "text/plain": [
       "<Figure size 432x288 with 1 Axes>"
      ]
     },
     "metadata": {
      "needs_background": "light"
     },
     "output_type": "display_data"
    }
   ],
   "source": [
    "# Full Gradient Descent\n",
    "\n",
    "Loss_function_score_2 = []\n",
    "LogReg_FGD = LogReg(gd_type='full')\n",
    "\n",
    "for i in range(1,100):\n",
    "    \n",
    "    X_train, X_test, y_train, y_test = train_test_split(X, y, train_size=(i/100), random_state = 42)\n",
    "    LogReg_FGD.fit(X_train, y_train)\n",
    "    Loss_function_score_2.append(LogReg_FGD.calc_loss(X_test, y_test))\n",
    "\n",
    "plt.plot(range(1,100), Loss_function_score_2, label='Loss Function Score')\n",
    "\n",
    "plt.xlabel('The percentage of the training sample (FGD)')\n",
    "plt.ylabel('Loss Function Score')"
   ]
  },
  {
   "cell_type": "code",
   "execution_count": 244,
   "metadata": {},
   "outputs": [],
   "source": [
    "#I calculated ROC-AUC and PR-AUC for SGD only, because calculation for the FGD would take too long.\n",
    "#If necessary, one can change the settings to 'full' Gradient Descent\n",
    "\n",
    "#Default Threshold is 0.5\n",
    "\n",
    "Pos = np.count_nonzero(y_test)\n",
    "Neg = len(y_test) - Pos\n",
    "\n",
    "\n",
    "tpr_list = []\n",
    "fpr_list = []\n",
    "\n",
    "precision_list = []\n",
    "recall_list = []\n",
    "\n",
    "\n",
    "negative = 0.0\n",
    "positive = 1.0\n",
    "\n",
    "for i in range(1,101):\n",
    "    \n",
    "    y_prediction = LogReg_SGD.predict(X_test, threshold = i/100)\n",
    "    \n",
    "    tp = np.sum(np.logical_and(y_prediction == positive, y_test == positive))\n",
    "    fp = np.sum(np.logical_and(y_prediction == positive, y_test == negative))\n",
    "    \n",
    "    #an additional step so we do not get nans and inifinities (they won't allow to draw PR curve)\n",
    "    \n",
    "    if np.count_nonzero(y_prediction) !=0:\n",
    "        Precision = tp/(np.count_nonzero(y_prediction))\n",
    "    else:\n",
    "        if tp == 0:\n",
    "            Precision = 1\n",
    "        else:\n",
    "            Precision = 0\n",
    "        \n",
    "    Recall = tp/Pos\n",
    "    precision_list.append(Precision)\n",
    "    recall_list.append(Recall)\n",
    "    \n",
    "    TPR = tp/Pos\n",
    "    FPR = fp/Neg\n",
    "    tpr_list.append(TPR)\n",
    "    fpr_list.append(FPR)\n",
    "    "
   ]
  },
  {
   "cell_type": "code",
   "execution_count": 272,
   "metadata": {},
   "outputs": [
    {
     "name": "stdout",
     "output_type": "stream",
     "text": [
      "0.5781533716997428\n"
     ]
    },
    {
     "data": {
      "text/plain": [
       "Text(0, 0.5, 'True Positive Rate')"
      ]
     },
     "execution_count": 272,
     "metadata": {},
     "output_type": "execute_result"
    },
    {
     "data": {
      "image/png": "iVBORw0KGgoAAAANSUhEUgAAAYIAAAEGCAYAAABo25JHAAAAOXRFWHRTb2Z0d2FyZQBNYXRwbG90bGliIHZlcnNpb24zLjUuMSwgaHR0cHM6Ly9tYXRwbG90bGliLm9yZy/YYfK9AAAACXBIWXMAAAsTAAALEwEAmpwYAAAia0lEQVR4nO3deXhV5bn38e9NIMwkyCwQggoCFgQJoFhnW4faY53qVAe0pdah9e2kr563PZ31tafHWmstpYAz1aqVtlZb21osiBAkjE7IlABKGMIMme7zx1rQ3ZhhE7L2zt7r97muXNlrr2evdS+i67fX9Dzm7oiISHy1SXcBIiKSXgoCEZGYUxCIiMScgkBEJOYUBCIiMdc23QUcqp49e3phYWG6yxARySgLFy7c7O696puXcUFQWFhIcXFxussQEckoZra2oXk6NSQiEnMKAhGRmFMQiIjEnIJARCTmFAQiIjEXWRCY2TQz22RmyxqYb2b2gJmtNLMlZnZCVLWIiEjDojwimAGc28j884Ah4c9k4BcR1iIiIg2I7DkCd59tZoWNNLkQeNSDfrDnmVm+mfVz941R1SQiki41tc70OavZsbeq2csoKjyCU4fW+0zYYUnnA2X9gdKE6bLwvY8EgZlNJjhqoKCgICXFiYi0pPc27eT7f3wLALPmLeOm047OuiCo75+i3lFy3H0KMAWgqKhII+mISMapqQ12Xb+8ZiznHNc3zdX8u3QGQRkwMGF6ALAhTbWIiBy27XuqWL1ld73zVm/eleJqkpfOIJgF3GpmM4EJwHZdHxCRTPalJxYy9/0tjbbplJuTomqSF1kQmNlTwOlATzMrA74NtANw94eBF4HzgZXAHmBSVLWIiKTCzn3VHD8gj9vPHlrv/A7tchg/+IgUV9W0KO8aurKJ+Q7cEtX6RUTSoUeX9pwxrHe6yzgkerJYRCTmFAQiIjGnIBARibmMG6FMRCRdVmzYwWPz1lBVU//jTKXb9tCra/sUV3X4FAQiIkn4+9ubuPXJNwHI75Rbb5vOuW058ajWd1dQUxQEIiJNeHzeWr71wjKG9+vGtOvH0adbh3SX1KIUBCIiDaitde596W1+OXsVZw7rzc+uHEPn9tm328y+LRIRaQH7qmr46tMlvLj0Az53YgH/9enjaJuTnffXKAhEROrYsms/X3i0mEWlFdx9/nA+f8pgrLldhmYABYGISIL3y3cxafoCPtyxj4euOoHzRvZLd0mRUxCIiITcnc9NfYPK6lqemnwiJxR0T3dJKZGdJ7xERJqh1mHj9n1ce1JhbEIAFAQiIh+RxZcD6qVTQyLSqlTsqWTmglL++d5maj21AxKmeHWthoJARFqFdz/cyfQ5a3h+URn7qmoZ0a8bndunfhCXCYOP4ORjeqZ8vemkIBCRtKmtdf729iZmzF3DP1dupn3bNlw0pj/XTSxkeL9u6S4vNhQEItKi3J31FXspKa3gg+37Gmy3a381zy9az9ote+jbrQPfOOdYrhxfwBGd6+/HR6KjIBCRw7JrfzVLSitYVFpBSWkFi9ZVsHnX/qQ+O3ZQd75xzrGcc1xf2mXpU7uZQEEgIkmrqXXe27STknX/2um/u2nnwYusR/XszKlDezJmYD5jCrpT0KMTDd2A08YsK/vtyUT6K4hIg7btrmTBmq0Hd/pLyirYXVkDQH6ndowemM95I/sypqA7xw/Ia7B7ZmndFAQi8hFLy7Yzfc5qfr9kA1U1Tts2xogju3HJ2AGMKchn9MDuFPbolNX978SJgkBEAKiuqeXl5R8yfc5qitduo3NuDldPGMQFo/rxsf55dGiX+ls5JTUUBCIxV7Gnkqfml/LY62vYsH0fBUd04v9dMILLigbQrUO7dJcnKaAgEImpdz7YyYy5/3qAa+LRPfjOhR/jzGG9yWmjUz5xoiAQiZEDD3BNn7uaOSu3HHyA6/qTCxnWVw9wxZWCQCQGdu6r4uniMh59fQ1rt+yhX14HvnnusVw5roDueoAr9hQEIlmstta556W3eWLeWnZX1ugBLqmXgkAki5Xv2s+U2av4+DE9+ea5xzJqQH66S5JWSF8JRLLYgSd+PzWqn0JAGqQgEBGJOQWBiEjMRRoEZnaumb1jZivN7M565ueZ2e/NbLGZLTezSVHWIyIiHxVZEJhZDvBz4DxgBHClmY2o0+wWYIW7Hw+cDvy3meleNhGRFIryiGA8sNLdV7l7JTATuLBOGwe6WtBzVRdgK1AdYU0isbJi43YA9KCwNCbKIOgPlCZMl4XvJXoQGA5sAJYCX3H32roLMrPJZlZsZsXl5eVR1SuSVZ5dWMYXH1vIMb27cPbwPukuR1qxKIOgvu8gXmf6HKAEOBIYDTxoZh95zt3dp7h7kbsX9erVq6XrFMkq7s79r7zL155ZzLjCI3j2SxPp0aV9usuSVizKICgDBiZMDyD45p9oEvCcB1YCq4FhEdYkktUqq2v52jOLuf+V97jkhAHMmDSevI7qQVQaF2UQLACGmNng8ALwFcCsOm3WAWcBmFkf4FhgVYQ1iWSt7XuruG7afJ57cz23nz2EH182ity2ukNcmhZZFxPuXm1mtwIvAznANHdfbmY3hfMfBr4HzDCzpQSnku5w981R1SSSrUq37mHSjAWs3bKb/77seC4ZOyDdJUkGibSvIXd/EXixznsPJ7zeAHwyyhpEst3i0gpufKSYyuoaHr1hAicd3SPdJUmGUadzIhnsz8s/4MszF9GzS3tmTp7AMb27prskyUAKApEMNe2fq/neH1cwqn8eU68bR6+uujNImkdBIJJhamqd7/1hBTPmruGc4/pw/+Vj6JirgeWl+RQEIhlkT2U1X5lZwl9WfMiNHx/MXecP1/jCctgUBCIZYtPOfXz+kWKWrd/Od/7jOK6bWJjukiRLKAhEMsB7H+7k+ukL2Lq7kinXFHH2CHUZIS1HQSDSypVu3cPFv5hLh3Y5PP3Fkxg5IC/dJUmW0WOHIq3csvXb2bmvml9cfYJCQCKhIBDJEF066ABeoqEgEGnlauv22SvSwpIOAjPrHGUhIvJR75fv4t6X3qZDuzb07toh3eVIlmoyCMxsopmtAN4Kp483s4cir0wk5uav3srFD81l9/5qnvrCiRzRWaO4SjSSOSL4H4IBZLYAuPti4NQoixKJuxdK1vO5qW/Qo0suz998MmMKuqe7JMliSV19cvfSYFjhg2qiKUck3tydh159n/tefocJg4/gl9eMJb+TjgQkWskEQamZTQQ8HGDmy4SniUSk5VTV1PKfzy/jN8WlfGb0kdx76Sjat1UfQhK9ZILgJuCnBAPPlwF/Bm6OsiiRuNmxr4pbnniT197bzJfPPIb/84mh1DkKF4lMMkFwrLtfnfiGmZ0MzImmJJH4mfxoMcVrtnHfpaO4rGhg0x8QaUHJXCz+WZLviUgzrdiwgyvGD1QISFo0eERgZicBE4FeZvbVhFndCMYgFpEW1LaNnu+U9Gjs1FAu0CVskzj+3Q7g0iiLEhGR1GkwCNz9H8A/zGyGu69NYU0iIpJCyVws3mNm9wHHAQefcXf3MyOrSkREUiaZk5JPAG8Dg4HvAGuABRHWJCIiKZRMEPRw918DVe7+D3e/ATgx4rpERCRFkjk1VBX+3mhmnwI2AAOiK0lERFIpmSD4vpnlAV8jeH6gG3B7lEWJiEjqNBkE7v6H8OV24Aw4+GSxiIhkgcYeKMsBPkvQx9BL7r7MzC4A7gI6AmNSU6KIiESpsSOCXwMDgfnAA2a2FjgJuNPdf5eC2kREJAUaC4IiYJS715pZB2AzcIy7f5Ca0kSy2+791Swp205JaQX7qmrTXY7EWGNBUOnutQDuvs/M3j3UEDCzcwm6sM4Bprr7PfW0OR24H2gHbHb30w5lHSKZoLbWWVm+i5J1FSwq3caidRW8++HOgwPTF/boxGlDe6W3SImtxoJgmJktCV8bcHQ4bYC7+6jGFhxeY/g58AmCcQwWmNksd1+R0CYfeAg4193XmVnv5m+KSOuxedf+gzv9ktIKFpduZ9f+agC6dWjL6ILunHNcX0YX5DN6QD7dNR6xpFFjQTD8MJc9Hljp7qsAzGwmcCGwIqHNVcBz7r4OwN03HeY6RSKzbP123li9tcH5ldW1rNi4g0XrtlG2bS8AOW2M4f268pkxRzJmYHdGF+QzuEdn2rTRoDPSejTW6dzhdjTXHyhNmC4DJtRpMxRoZ2avEvRw+lN3f7TugsxsMjAZoKCg4DDLEmmeH774FnPf39Jom355HRhTkM+1Jw1iTEF3PnZkHh1z1Wu7tG5JDV7fTPV95fF61j8WOIvgltTXzWyeu7/7bx9ynwJMASgqKqq7DJGUqK5xxhV2Z+p14+qd38aga4d2Ka5K5PBFGQRlBLefHjCAoHuKum02u/tuYLeZzQaOB95FpBVq26YNeR21s5fsktSQSGbW0cyOPcRlLwCGmNlgM8sFrgBm1WnzAnCKmbU1s04Ep47eOsT1iIjIYWgyCMzs00AJ8FI4PdrM6u7QP8Ldq4FbgZcJdu5Pu/tyM7vJzG4K27wVLncJwYNrU919WTO3RUREmiGZU0P/RXAH0KsA7l5iZoXJLNzdXwRerPPew3Wm7wPuS2Z5IiLS8pI5NVTt7tsjr0RERNIimSOCZWZ2FZBjZkOALwNzoy1LRERSJZkjgtsIxiveDzxJ0B317RHWJCIiKZTMEcGx7n43cHfUxYiki7szf/VW/vb2Jqpr639UZe3W3RzVs0uKKxOJXjJB8BMz6wc8A8x09+UR1ySSMvuqapi1eAMz5qxhxcYd5Oa0IbdtwwfKowbkpbA6kdRIZoSyM8ysL8EgNVPMrBvwG3f/fuTViUTkwx37eHzeWp58Yx1bdlcytE8XfnTxSD4zur+6hJDYSerJ4rD76QfM7O/AN4FvAQoCSbmaWqektIL9VTXN+vy+6hpeKNnAH5dspMads4b1ZtLJg5l4dA/M1BGcxFOTQWBmw4HLgUuBLcBMgoHsRVJmx74qnl5QyqOvr2Xd1j2Htawu7dty7UmFXDdxEIN6dG6hCkUyVzJHBNOBp4BPunvdvoJEIrWqfBePzF3DbxeWsbuyhqJB3fnaJ4fSt1uHZi3PzBhxZDe6tI+ymy2RzJLMNYITU1GIyAHuzuz3NjN9zmpefaec3Jw2XHB8PyZNHMxIXawVaXENBoGZPe3unzWzpfx799FJjVAm0ly3/6aEF0o20LNLe24/ewhXTxhEr67t012WSNZq7IjgK+HvC1JRiMgBKzftYlxhdx7//ATat9UdPCJRa/CGaXffGL682d3XJv4AN6emPImrvI7tFAIiKZJMFxOfqOe981q6EBGA0q17qNhTle4yRGKlsWsEXyL45n+UmS1JmNUVmBN1YRIf7s68VVuZPmc1r7z1IWbGpJML012WSGw0do3gSeBPwI+AOxPe3+nuWyOtSmJhX1UNs0o2MG3Oat7+YCfdO7XjptOO5pqTBtEvr2O6yxOJjcaCwN19jZndUneGmR2hMJDm2r2/ml+8+j5Pzl/H1t2VDOvblXsvGcmFo/vToZ2uC4ikWlNHBBcACwluH018/t6BoyKsS7LYrMUbePDvKzlrWG9uPGUwJx2l7h1E0qnBIHD3C8Lfg1NXjsRBdU0tAPdeOoqeXfR8gEi6JTN4/clm1jl8/Tkz+4mZFURfmoiIpEIyt4/+AthjZscT9Dy6Fngs0qokK1VW1/L8ojIen7cOgLZtdDpIpDVIpuetand3M7sQ+Km7/9rMrou6MMke5Tv38+Qb63j8jbWU79zPUb06c+8lI8nvlJvu0kSE5IJgp5n9X+Aa4BQzywHaRVuWZINl67czfc4afr94A5U1tZx+bC8mnTyYU47pSRsdDYi0GskEweXAVcAN7v5BeH3gvmjLkkzm7kyasYBX3ymnU24OV4wfyHUTCzm6l8b7FWmNkumG+gMzewIYZ2YXAPPd/dHoS5NMVVXjvPpOOReM6scPLhpJXkcdQIq0ZsncNfRZYD5wGcG4xW+Y2aVRFyaZb3i/bgoBkQyQzKmhu4Fx7r4JwMx6Aa8Av42yMBERSY1kbh9tcyAEQluS/JyIiGSAZI4IXjKzlwnGLYbg4vGL0ZUkIiKplMzF4m+Y2cXAxwn6G5ri7s9HXpm0avuqanjvw131zquqrU1xNSJyOBobj2AI8GPgaGAp8HV3X5+qwqR1u+dPbzNj7ppG26gnUZHM0NgRwTTgUWA28GngZ8DFh7JwMzsX+CmQA0x193saaDcOmAdc7u66CJ0BduytomeXXO65eFS983PaGCce1SPFVYlIczQWBF3d/Vfh63fM7M1DWXD4BPLPCYa6LAMWmNksd19RT7t7gZcPZfmSfh1zczh7RJ90lyEih6mxIOhgZmP41zgEHROn3b2pYBgPrHT3VQBmNhO4EFhRp91twLPAuEOsXdKkqqaWsm17MdRNhEg2aCwINgI/SZj+IGHagTObWHZ/oDRhugyYkNjAzPoDF4XLajAIzGwyMBmgoEA9YKfTjn1V3Pz4m8xfs5W7zh+W7nJEpAU0NjDNGYe57Pq+Lnqd6fuBO9y9prERqtx9CjAFoKioqO4yJEXWV+zlhukLeL98F/ddOorLigamuyQRaQHJPEfQXGVA4p5iALChTpsiYGYYAj2B882s2t1/F2Fd0gzL1m9n0owF7Kuq4ZEbxnPyMT3TXZKItJAog2ABMMTMBgPrgSsIejE9KHEYTDObAfxBIdD6/PWtD7ntqUV075TLE5+fwNA+XdNdkoi0oMiCwN2rzexWgruBcoBp7r7czG4K5z8c1bql5Tz2+hq+PWs5H+ufx9TriujdtUO6SxKRFtZkEFhw3uZq4Ch3/244HkFfd5/f1Gfd/UXqdEfRUAC4+/VJVSwp4e788MW3+NVrqzl7eB8euHI0nXKjPIAUkXRJpvO4h4CTgCvD6Z0EzwdIFlu2fge/em01V44v4JfXjFUIiGSxZP7vnuDuJ5jZIgB332ZmGmw2y+2prAbg06P6kaNhJUWyWjJHBFXh078OB8cjUK9iIiJZIpkgeAB4HuhtZj8A/gn8MNKqREQkZZLphvoJM1sInEXwkNhn3P2tyCsTEZGUSOauoQJgD/D7xPfcfV2UhYmISGokc7H4jwTXBwzoAAwG3gGOi7AuERFJkWRODY1MnDazE4AvRlaRiIik1CEPQh92P60uo0VEskQy1wi+mjDZBjgBKI+sIhERSalkrhEk9jBWTXDN4NloyhERkVRrNAjCB8m6uPs3UlSPiIikWIPXCMysrbvXEJwKEhGRLNXYEcF8ghAoMbNZwDPA7gMz3f25iGuTFNq6u5LFpRUsWreNRaUVLC6tAKBd20O+n0BEMkwy1wiOALYQjCt84HkCBxQEGaqyupa3Nu5g0bptlJRWsKi0grVb9gDQxmBon658atSRjCvszpiB+ektVkQi11gQ9A7vGFrGvwLgAI0bnCHcnbJte1lUWkHJugpKSrexbMMOKquDfgN7d23P6IH5XDGugNED8xk1II/O7dXltEicNPZ/fA7QheQGoZdWYtf+apaE3/IXhTv+zbsqAWjftg0j++dx3UmDGD2wO2MK8umX14FwzGgRianGgmCju383ZZXIIaupdd7btDPY4a+rYFHpNt7btAsPY/qonp05dWgvxgzMZ0xBd47t25V2OTrnLyL/rrEg0NfEVmbTzn3ht/zgou7Ssu3srqwBIK9jO8YU5HP+yH6MHpjP6IH55HfS+EEi0rTGguCslFUhDSpes5Xpc9dQsq6C9RV7AWjbxhjerxuXjB3A6PDbfmGPTjrFIyLN0mAQuPvWVBYi9fv1P1fzt7c3cfaIPkw6uZAxBfkcd2QeHdrlpLs0EckSuj2klXOHwh6d+flVeq5PRKKhK4ciIjGnIBARiTkFgYhIzCkIRERiTkEgIhJzCgIRkZhTEIiIxJyCQEQk5iINAjM718zeMbOVZnZnPfOvNrMl4c9cMzs+ynpEROSjIguCcLzjnwPnASOAK81sRJ1mq4HT3H0U8D1gSlT1iIhI/aI8IhgPrHT3Ve5eCcwELkxs4O5z3X1bODkPGBBhPSIiUo8og6A/UJowXRa+15AbgT/VN8PMJptZsZkVl5eXt2CJIiISZRAkPbKZmZ1BEAR31Dff3ae4e5G7F/Xq1asFSxQRkSh7Hy0DBiZMDwA21G1kZqOAqcB57r4lwnparV37q6kKxxCuq7Km/vdFRFpKlEGwABhiZoOB9cAVwFWJDcysAHgOuMbd342wllbJ3Xnwbyv5n1fepbaRUaCPO7Jb6ooSkdiJLAjcvdrMbgVeBnKAae6+3MxuCuc/DHwL6AE8FI6uVe3uRVHV1JpU1dRy13NLeWZhGZ8a2Y9xhd0bbDu6oOF5IiKHy9wb+SraChUVFXlxcXG6yzgs2/dWcfMTC5mzcgtfOWsIt589RMNMikikzGxhQ1+0NUJZipVt28MNMxawqnw3P77seC4dqztmRSS9FAQptKSsghsfKWZfVQ2P3jCeicf0THdJIiIKglR5ZcWH3PbUIo7onMuTn5/AkD5d012SiAigIEiJmfPXcdfzS/lY/zymXldE764d0l2SiMhBCoIUeOCv7zFqQD5PfmECnXL1Ty4irYu6oU6BGneG9e2qEBCRVklBICIScwoCEZGYUxCIiMScgkBEJOYUBCIiMacgEBGJOQWBiEjMxebG9q27K3ngr++xv7om5evevrcq5esUEUlWbIJg3qotzJi7hiM659K2TWq7fM7r2I4xBfkpXaeISLJiEwQHhl2YOflEhqrDNxGRg3SNQEQk5hQEIiIxpyAQEYk5BYGISMwpCEREYk5BICIScwoCEZGYUxCIiMScgkBEJOYUBCIiMacgEBGJOQWBiEjMKQhERGJOQSAiEnMKAhGRmIs0CMzsXDN7x8xWmtmd9cw3M3sgnL/EzE6Ish4REfmoyILAzHKAnwPnASOAK81sRJ1m5wFDwp/JwC+iqkdEROoX5RHBeGClu69y90pgJnBhnTYXAo96YB6Qb2b9IqxJRETqiDII+gOlCdNl4XuH2gYzm2xmxWZWXF5e3qxi+uZ14PyRfenSPjajc4qIJCXKvWJ9I8R7M9rg7lOAKQBFRUUfmZ+MsYO6M3bQ2OZ8VEQkq0V5RFAGDEyYHgBsaEYbERGJUJRBsAAYYmaDzSwXuAKYVafNLODa8O6hE4Ht7r4xwppERKSOyE4NuXu1md0KvAzkANPcfbmZ3RTOfxh4ETgfWAnsASZFVY+IiNQv0iun7v4iwc4+8b2HE147cEuUNYiISOP0ZLGISMwpCEREYk5BICIScwoCEZGYs+B6beYws3JgbTM/3hPY3ILlZAJtczxom+PhcLZ5kLv3qm9GxgXB4TCzYncvSncdqaRtjgdtczxEtc06NSQiEnMKAhGRmItbEExJdwFpoG2OB21zPESyzbG6RiAiIh8VtyMCERGpQ0EgIhJzWRkEZnaumb1jZivN7M565puZPRDOX2JmJ6SjzpaUxDZfHW7rEjOba2bHp6POltTUNie0G2dmNWZ2aSrri0Iy22xmp5tZiZktN7N/pLrGlpbEf9t5ZvZ7M1scbnNG92JsZtPMbJOZLWtgfsvvv9w9q34Iurx+HzgKyAUWAyPqtDkf+BPBCGknAm+ku+4UbPNEoHv4+rw4bHNCu78R9IJ7abrrTsHfOR9YARSE073TXXcKtvku4N7wdS9gK5Cb7toPY5tPBU4AljUwv8X3X9l4RDAeWOnuq9y9EpgJXFinzYXAox6YB+SbWb9UF9qCmtxmd5/r7tvCyXkEo8FlsmT+zgC3Ac8Cm1JZXESS2eargOfcfR2Au2f6diezzQ50NTMDuhAEQXVqy2w57j6bYBsa0uL7r2wMgv5AacJ0WfjeobbJJIe6PTcSfKPIZE1us5n1By4CHiY7JPN3Hgp0N7NXzWyhmV2bsuqikcw2PwgMJxjmdinwFXevTU15adHi+69IB6ZJE6vnvbr3yCbTJpMkvT1mdgZBEHw80oqil8w23w/c4e41wZfFjJfMNrcFxgJnAR2B181snru/G3VxEUlmm88BSoAzgaOBv5jZa+6+I+La0qXF91/ZGARlwMCE6QEE3xQOtU0mSWp7zGwUMBU4z923pKi2qCSzzUXAzDAEegLnm1m1u/8uJRW2vGT/297s7ruB3WY2GzgeyNQgSGabJwH3eHACfaWZrQaGAfNTU2LKtfj+KxtPDS0AhpjZYDPLBa4AZtVpMwu4Nrz6fiKw3d03prrQFtTkNptZAfAccE0GfztM1OQ2u/tgdy9090Lgt8DNGRwCkNx/2y8Ap5hZWzPrBEwA3kpxnS0pmW1eR3AEhJn1AY4FVqW0ytRq8f1X1h0RuHu1md0KvExwx8E0d19uZjeF8x8muIPkfGAlsIfgG0XGSnKbvwX0AB4KvyFXewb33JjkNmeVZLbZ3d8ys5eAJUAtMNXd670NMRMk+Xf+HjDDzJYSnDa5w90ztntqM3sKOB3oaWZlwLeBdhDd/ktdTIiIxFw2nhoSEZFDoCAQEYk5BYGISMwpCEREYk5BICIScwoCaZXC3kJLEn4KG2m7qwXWN8PMVofretPMTmrGMqaa2Yjw9V115s093BrD5Rz4d1kW9riZ30T70WZ2fkusW7KXbh+VVsnMdrl7l5Zu28gyZgB/cPffmtkngR+7+6jDWN5h19TUcs3sEeBdd/9BI+2vB4rc/daWrkWyh44IJCOYWRcz+2v4bX2pmX2kp1Ez62dmsxO+MZ8Svv9JM3s9/OwzZtbUDno2cEz42a+Gy1pmZreH73U2sz+G/d8vM7PLw/dfNbMiM7sH6BjW8UQ4b1f4+zeJ39DDI5FLzCzHzO4zswUW9DH/xST+WV4n7GzMzMZbMM7EovD3seGTuN8FLg9ruTysfVq4nkX1/TtKDKW772396Ke+H6CGoCOxEuB5gqfgu4XzehI8VXngiHZX+PtrwN3h6xyga9h2NtA5fP8O4Fv1rG8G4XgFwGXAGwSdty0FOhN0b7wcGANcAvwq4bN54e9XCb59H6wpoc2BGi8CHglf5xL0ItkRmAz8Z/h+e6AYGFxPnbsStu8Z4NxwuhvQNnx9NvBs+Pp64MGEz/8Q+Fz4Op+gD6LO6f576ye9P1nXxYRkjb3uPvrAhJm1A35oZqcSdJ3QH+gDfJDwmQXAtLDt79y9xMxOA0YAc8KuNXIJvknX5z4z+0+gnKCH1rOA5z3owA0zew44BXgJ+LGZ3UtwOum1Q9iuPwEPmFl74FxgtrvvDU9HjbJ/jaKWBwwBVtf5fEczKwEKgYXAXxLaP2JmQwh6omzXwPo/CfyHmX09nO4AFJDZ/RHJYVIQSKa4mmD0qbHuXmVmawh2Yge5++wwKD4FPGZm9wHbgL+4+5VJrOMb7v7bAxNmdnZ9jdz9XTMbS9Dfy4/M7M/u/t1kNsLd95nZqwRdJ18OPHVgdcBt7v5yE4vY6+6jzSwP+ANwC/AAQX87f3f3i8IL66828HkDLnH3d5KpV+JB1wgkU+QBm8IQOAMYVLeBmQ0K2/wK+DXBcH/zgJPN7MA5/05mNjTJdc4GPhN+pjPBaZ3XzOxIYI+7Pw78OFxPXVXhkUl9ZhJ0FHYKQWdqhL+/dOAzZjY0XGe93H078GXg6+Fn8oD14ezrE5ruJDhFdsDLwG0WHh6Z2ZiG1iHxoSCQTPEEUGRmxQRHB2/X0+Z0oMTMFhGcx/+pu5cT7BifMrMlBMEwLJkVuvubBNcO5hNcM5jq7ouAkcD88BTN3cD36/n4FGDJgYvFdfyZYFzaVzwYfhGCcSJWAG9aMGj5L2niiD2sZTFB18z/n+DoZA7B9YMD/g6MOHCxmODIoV1Y27JwWmJOt4+KiMScjghERGJOQSAiEnMKAhGRmFMQiIjEnIJARCTmFAQiIjGnIBARibn/BdQ8Z1j8/ioTAAAAAElFTkSuQmCC\n",
      "text/plain": [
       "<Figure size 432x288 with 1 Axes>"
      ]
     },
     "metadata": {
      "needs_background": "light"
     },
     "output_type": "display_data"
    }
   ],
   "source": [
    "#Implementing the trapezoidal rule for counting space under the curve\n",
    "\n",
    "roc_auc = -np.trapz(tpr_list, x=fpr_list)\n",
    "print(auc)\n",
    "plt.plot(fpr_list, tpr_list)\n",
    "plt.xlabel('False Positive Rate')\n",
    "plt.ylabel('True Positive Rate')"
   ]
  },
  {
   "cell_type": "code",
   "execution_count": 273,
   "metadata": {},
   "outputs": [
    {
     "name": "stdout",
     "output_type": "stream",
     "text": [
      "0.6938109476642098\n"
     ]
    },
    {
     "data": {
      "text/plain": [
       "Text(0, 0.5, 'Recall')"
      ]
     },
     "execution_count": 273,
     "metadata": {},
     "output_type": "execute_result"
    },
    {
     "data": {
      "image/png": "iVBORw0KGgoAAAANSUhEUgAAAYgAAAEGCAYAAAB/+QKOAAAAOXRFWHRTb2Z0d2FyZQBNYXRwbG90bGliIHZlcnNpb24zLjUuMSwgaHR0cHM6Ly9tYXRwbG90bGliLm9yZy/YYfK9AAAACXBIWXMAAAsTAAALEwEAmpwYAAAq8klEQVR4nO3deXxV9Z3/8dcnCQmSsAUCKFuCIosKiAEs7loVtRZtbYv2V63LUKw6TletU6etth2rnRm1aim1FLUqTlUqKgUrLkxdIEHZN0NYEkAJhDWQhCSf3x/3otdwklzCPdl4Px+PPHLPd7n5nEDO557vOef7NXdHRESktqTmDkBERFomJQgREQmkBCEiIoGUIEREJJAShIiIBEpp7gASqXv37p6dnd3cYYiItBoLFy7c5u5ZQXVtKkFkZ2eTn5/f3GGIiLQaZrahrjoNMYmISCAlCBERCaQEISIigZQgREQkkBKEiIgECi1BmNlUM9tqZsvqqDcze9jMCsxsiZmNjKkbZ2aro3V3hhWjiIjULcwziGnAuHrqLwEGRr8mAr8HMLNk4NFo/VDgajMbGmKcIiISILTnINx9npll19NkPPCkR+Ybf9/MupjZsUA2UODuhQBmNj3adkVYsT489yOqqmvCevt6Hd8jg/EjejfLzxYRqU9zPijXGyiK2S6OlgWVj6nrTcxsIpEzEPr169eoQCa/vZb9B6ob1fdIuENqSpIShIi0SM2ZICygzOspD+TuU4ApALm5uY1a/WjFPfWNhIXngTmr+MPbhc3ys0VEGtKcCaIY6Buz3QfYDKTWUS4iIk2oOW9znQlcG72b6XRgl7tvAfKAgWaWY2apwIRoWxERaUKhnUGY2bPAuUB3MysGfga0A3D3ycAs4FKgANgHXB+tqzKzW4E5QDIw1d2XhxWniIgEC/MupqsbqHfgljrqZhFJICIi0kz0JLWIiARSghARkUBKECIiEkgJQkREAilBiIhIICUIEREJpAQhIiKBlCBERCSQEoSIiARSghARkUBKECIiEkgJQkREAilBiIhIICUIEREJpAQhIiKBlCBERCRQqAnCzMaZ2WozKzCzOwPqu5rZDDNbYmYLzOzkmLr1ZrbUzBaZWX6YcYqIyKHCXHI0GXgUuBAoBvLMbKa7r4hpdhewyN2vNLPB0fYXxNSf5+7bwopRRETqFuYZxGigwN0L3b0SmA6Mr9VmKDAXwN1XAdlm1jPEmEREJE5hJojeQFHMdnG0LNZi4CsAZjYa6A/0idY58JqZLTSziXX9EDObaGb5ZpZfUlKSsOBFRI52YSYICyjzWtv3AV3NbBFwG/AhUBWtO8PdRwKXALeY2dlBP8Tdp7h7rrvnZmVlJSZyEREJ7xoEkTOGvjHbfYDNsQ3cfTdwPYCZGbAu+oW7b45+32pmM4gMWc0LMV4REYkR5hlEHjDQzHLMLBWYAMyMbWBmXaJ1ADcB89x9t5mlm1nHaJt04CJgWYixiohILaGdQbh7lZndCswBkoGp7r7czCZF6ycDQ4AnzawaWAHcGO3eE5gROakgBXjG3WeHFauIiBwqzCEm3H0WMKtW2eSY1+8BAwP6FQLDw4xNRETqpyepRUQkkBKEiIgEUoIQEZFAShAiIhJICUJERAIpQYiISCAlCBERCaQEISIigZQgREQkkBKEiIgEUoIQEZFAShAiIhJICUJERAIpQYiISCAlCBERCaQEISIigUJNEGY2zsxWm1mBmd0ZUN/VzGaY2RIzW2BmJ8fbV0REwhVagjCzZOBR4BJgKHC1mQ2t1ewuYJG7DwOuBR46jL4iIhKiMM8gRgMF7l7o7pXAdGB8rTZDgbkA7r4KyDaznnH2FRGREIWZIHoDRTHbxdGyWIuBrwCY2WigP9Anzr5E+000s3wzyy8pKUlQ6CIiEmaCsIAyr7V9H9DVzBYBtwEfAlVx9o0Uuk9x91x3z83KyjqCcEVEJFZKiO9dDPSN2e4DbI5t4O67gesBzMyAddGvDg31FRGRcIV5BpEHDDSzHDNLBSYAM2MbmFmXaB3ATcC8aNJosK+IiIQrtDMId68ys1uBOUAyMNXdl5vZpGj9ZGAI8KSZVQMrgBvr6xtWrCIicqgwh5hw91nArFplk2NevwcMjLeviIg0HT1JLSIigZQgREQkkBKEiIgEUoIQEZFAShAiIhJICUJERAIpQYiISCAlCBERCaQEISIigZQgREQkkBKEiIgEUoIQEZFAShAiIhJICUJERAIpQYiISKBQE4SZjTOz1WZWYGZ3BtR3NrOXzWyxmS03s+tj6tab2VIzW2Rm+WHGKSIihwptwSAzSwYeBS4ksj51npnNdPcVMc1uAVa4++VmlgWsNrOn3b0yWn+eu28LK0YREalbmGcQo4ECdy+MHvCnA+NrtXGgo5kZkAGUAlUhxiQiInEKM0H0BopitoujZbEeIbIu9WZgKXC7u9dE6xx4zcwWmtnEun6ImU00s3wzyy8pKUlc9CIiR7kwE4QFlHmt7YuBRcBxwAjgETPrFK07w91HApcAt5jZ2UE/xN2nuHuuu+dmZWUlJHAREQk3QRQDfWO2+xA5U4h1PfCiRxQA64DBAO6+Ofp9KzCDyJCViIg0kTATRB4w0MxyzCwVmADMrNVmI3ABgJn1BAYBhWaWbmYdo+XpwEXAshBjFRGRWkK7i8ndq8zsVmAOkAxMdfflZjYpWj8ZuBeYZmZLiQxJ3eHu28xsADAjcu2aFOAZd58dVqwiInKo0BIEgLvPAmbVKpsc83ozkbOD2v0KgeFhxiYiIvXTk9QiIhJICUJERAIpQYiISCAlCBERCaQEISIigZQgREQkkBKEiIgEUoIQEZFA9T4oZ2Z7OHSCPYg89ezu3imgTkRE2oB6E4S7d2yqQEREpGVp6Awis756dy9NbDgiItJSNDQX00IiQ0x1re0wIOERiYhIi9DQEFNOUwUiIiItS9yzuZpZV2Ag0P5gmbvPCyMoERFpfnElCDO7CbidyKpwi4DTgfeA80OLTEREmlW8z0HcDowCNrj7ecCpQEloUYmISLOLN0GUu3s5gJmlufsqIsuD1svMxpnZajMrMLM7A+o7m9nLZrbYzJab2fXx9hURkXDFew2i2My6AH8D/mFmO4DN9XUws2TgUeBCoBjIM7OZ7r4iptktwAp3v9zMsoDVZvY0UB1HXxERCVFcCcLdr4y+/LmZvQl0BhpaI3o0UBBdPhQzmw6MB2IP8g50tMji0xlAKVAFjImjr4iIhCiuISYzO93MOgK4+9vAm0SuQ9SnN1AUs10cLYv1CDCEyNnIUuB2d6+Js+/B2CaaWb6Z5ZeU6LKIiEiixHsN4vfA3pjtsmhZfep6uC7WxUTuijoOGAE8Ymad4uwbKXSf4u657p6blZXVQEgiIhKveBOEufunB+jop/yGhqeKgb4x23049LrF9cCLHlEArAMGx9lXRERCFG+CKDSzfzWzdtGv24HCBvrkAQPNLMfMUoEJwMxabTYCFwCYWU8id0YVxtlXRERCFG+CmASMBTYR+XQ/BphYXwd3rwJuBeYAK4H/dfflZjbJzCZFm90LjDWzpcBc4A5331ZX38PbNRERORLx3sW0lcin+MPi7rOAWbXKJse83gxcFG9fERFpOvHexXSimc01s2XR7WFm9tNwQxMRkeYU7xDTH4GfAAcA3H0JjTijEBGR1iPeBNHB3RfUKqtKdDAiItJyxJsgtpnZ8USfRTCzq4AtoUUlIiLNLt65mG4BpgCDzWwTkecVvhlaVCIi0uzivYupEPiimaUTOevYD3wD2BBibCIi0ozqHWIys05m9hMze8TMLgT2AdcBBcDXmyJAERFpHg2dQTwF7CCyety/AD8GUoEr3H1RuKGJiEhzaihBDHD3UwDM7HFgG9DP3feEHpmIiDSrhu5iOnDwhbtXA+uUHEREjg4NnUEMN7Pd0dcGHBPdNsDdvVOo0YmISLOpN0G4e3JTBSIiIi1LvA/KiYjIUUYJQkREAilBiIhIICUIEREJFGqCMLNxZrbazArM7M6A+h+Z2aLo1zIzqzazzGjdejNbGq3LDzNOERE5VLyT9R02M0sGHgUuJLJMaZ6ZzXT3FQfbuPsDwAPR9pcD33P30pi3Oc/dt4UVo4iI1C3MM4jRQIG7F7p7JTAdGF9P+6uBZ0OMR0REDkOYCaI3UBSzXRwtO4SZdQDGAS/EFDvwmpktNLOJdf0QM5toZvlmll9SUpKAsEVEBMJNEBZQ5nW0vRx4p9bw0hnuPhK4BLjFzM4O6ujuU9w9191zs7KyjixiERH5VJgJohjoG7PdB9hcR9sJ1BpecvfN0e9bgRlEhqxERKSJhJkg8oCBZpZjZqlEksDM2o3MrDNwDvBSTFm6mXU8+Bq4CFgWYqwiIlJLaHcxuXuVmd0KzAGSganuvtzMJkXrJ0ebXgm85u5lMd17AjPM7GCMz7j77LBiFRGRQ4WWIADcfRYwq1bZ5Frb04BptcoKgeFhxiYiIvXTk9QiIhJICUJERAIpQYiISCAlCBERCaQEIQnx2FsFvPhBcXOHISIJpAQhR+y5vI3cP3s1j7xZ0NyhiEgCKUHIEVlctJO7X1pOh9RkCkvK2LqnvLlDEpEEUYKQRtu+t4Kb/7KQrIw0HrnmVADy1u1o5qhEJFGUIKRRqqpruO3ZD9leVskfvnUaZw3M4ph2ySxYt725QxORBAn1SWppu+6fs5p3127nt18bzsm9OwNwWv+uzF9X2kBPEWktdAYhh+2VJZuZMq+Qb53en6tO6/Np+ZicTFZ9vIed+yqbMToRSRQlCDks67eVccfzSxjZrwt3f2no5+pG52QCkLde1yFE2gIlCInbgeoabp/+IclJxiPXjCQ15fP/fYb37UJqcpKuQ4i0EboGIXH7n3+sYXHxLh775kiO63LMIfXt2yUzom8XXYcQaSN0BiFxeXftNn7/9lomjOrLpaccW2e7MQMyWbZpF3srqpowOhEJQ6gJwszGmdlqMyswszsD6n9kZouiX8vMrNrMMuPpK01nR1kl339uMTnd0vmPy4fW23Z0TiY1Dgs36DqESGsXWoIws2TgUeASYChwtZl97uji7g+4+wh3HwH8BHjb3Uvj6StNw92588UlbC+r4OGrT6VDav2jkiP7dSU5yXQdQqQNCPMMYjRQ4O6F7l4JTAfG19P+auDZRvaVkDy7oIg5yz/hxxcP/vR5h/qkp6VwSu/OzC/UdQiR1i7MBNEbKIrZLo6WHcLMOgDjgBca0XeimeWbWX5JSckRBy2f2bh9H/e+soKzBnbnxjNz4u43JieTxcU7KT9QHWJ0IhK2MBOEBZR5HW0vB95x94MfO+Pu6+5T3D3X3XOzsrIaEaYEOTi0lJxk/Oarw0hKCvonCTY6J5MD1c6HG3eGF6CIhC7MBFEM9I3Z7gNsrqPtBD4bXjrcvhKC5/KKeHftdn5y6eDAW1rrk5udiRksaOG3u5YfqObp+RvYte9Ac4ci0iKFmSDygIFmlmNmqUSSwMzajcysM3AO8NLh9j2alR+o5rm8jSzcUEpFVWKHcj7eVc6vXl3JmJxMrh7V77D7dz6mHUN6dWJ+C75QvX1vBd98fD7/PmMZb63ZWm9bd2f2si1s2rm/iaITaRlCe1DO3avM7FZgDpAMTHX35WY2KVo/Odr0SuA1dy9rqG9YsbZGf80v4u6XIr+S1JQkRvTpQm52V0ZlZzKyf1c6H9OuUe/r7vz0b8uorK457KGlWKNzMpmet5HKqppDnrhubh99socbnsijeEfkgF9dU9fIJ+yvrOaOF5Ywc/Fmumek8cQNozjpuOCL9e7Oix9s4tgu7Rl7fPdQYhdpSqE+Se3us4BZtcom19qeBkyLp6985pUlWxiQlc6PLx5M/vpS8jbsYMq8Qh57ay1mMKhnx08TxqjszLiHiV5ZsoXXV37CXZcOJrt7eqPjG5OTybR317N00y5O69+10e8Tj/ID1aSlJGHWcDL750fbuPnphaSlJPPgN0Zw+/RFdbbdtHM/E5/MZ8WW3Xzn7AHMXLyZCX94nz9el8vpA7p9ru2Oskp+9PxiXl+5lSSDu780lG+PzQ6MqfxANb974yPKD9Two4sH0b5d8mHvs0hT0FQbrdDWPeUsWF/KbecPZNzJvRh3ci8A9lVWsahoJ/nrd5C/YQd/+3Azf3l/IwDTJ55+yEGtttKySn4+cznD+nTmhjPiv2spyKjoxH0L1pWGliDcnYfmfsRDcz8i2YxuGal0S0+jW0YqWRmR790y0uiWnkr3jmmsKynjV7NWMrBHBo9fl1vvmcP8wu189+kPqKyq4U/X5XL+4J5cNzabb/1pPtdOXcDvrj6Vi0/q9Wnb26cvorSskp9eNoQF60r5xcsrWFuyl59dfhLtkj87g1q2aRffe24RH23d++nv57FvjqRvZodQfkciR0IJohWas+xj3OFLwz4/5UWH1BTGHt/90+GN6hrnzVVbuenJfLbuqWjwfe95eTm79h/g6X8ZQ0rykQ0Ldc9I44QeGcxft52bzz3+iN4riLvz29dW8+ibaxl3Ui8GZKWzfW8l2/ZWsK2sknXbyti2t4LyAzWf63fuoCx+d/WpdGzfjg3bywLf9y/zN/KLmcvp160Df7w2l+OzMgA4rssxPD9pLNdPy+Pmvyzkl1ecQsmeCh6au4Z+mR148btjObl3JLn+Zs4q/vB2IRu27+ORa0aSnprM799ay0NzPyIzPZUnbhhNZVUN339uEZc/8k8ennAqZ5+ou/CkZVGCaIVeWbKFE3pkcGLPjvW2S06yuIeJFqwr5W+LNnPb+ScwuFenRITJ6JxMZi7aTHWNk9zIaxlB3J37/r6KP8wr5OrR/fjVFSfXea2krKIqkjjKKqg4UMOo7K51Jr/Kqhp+NnMZzy4o4vzBPXhwwgg6tf/8tZyu6ak88y9jmPSXD7hrxlIArjy1N/decTIZaZE/p6Qk4yeXDOH4rAz+fcZSvvLYO3Rs345FRTu5fPhx3Dv+JLp0SAVg5m1nMumphVz35wX84MIT+e65JzT6uo9IoilBtDKxw0uJ4u78etZKenZK47vnnpCw9x2Tk8kz8zeycsvuuJ7Cjoe7c+8rK5n6zjq+dXp/fvHlk+o9oKanpZCelkK/bvUP4WzdU87Nf/mAhRt2cMt5x/P9CwfVmdQ6pKbw+LW5PPj6Gk7s2ZErTg18hpOv5/alX2YHJv1lIdv2VvLw1afy5eHHfa5NTvd0ZtwyljtfWMpvX1vD5l3l/PrKUxr4LYg0DSWIVmZ2HcNLR+LVpVtYVLST+68axjGpibtgenABofnrShOSINydn89czhPvbeDbY7P52eVD47ow3ZAlxbu4f/Zqdu0/wCPXnMqXhh3XYJ/UlCR+PG5wg+1OH9CNud8/h+Qk+/SsobYOqSk8NGEEZRVVzFuj2QCk5WhZ9x9Kg16Nc3gpXhVV1fxm9ioG9+rIV0f2abjDYTi28zH0y+zA/MIjfx7C3fnFyyt44r0N/MtZOQlLDgDT3l1PcpLx/M1fiCs5HK5uGWl1JoeDzIzOHRp3a7JIWJQgWpGDw0uX1bMew+F66r0NFJXu565LhyT0OsFBo3MyyVtfSk09dww1xN25f85qpr27nhvPzOGuS4ckJDkcE7299PQBmcy89Yw6n28QOVppiKkVOTi8dFmChpd27TvA794o4KyB3UO7g2Z0TibPLyymoGRvo896Hn2zgN+/tZZrxvTjp5clJjkA9OjUnte/fzb9u6V/7lZUEYnQX0UrkujhpUfe/Ijd5Qe469IhCXm/IKfnRJ69aOwypH/65zp++9oavnJqb345/uSEJYeDTujRUclBpA76y2glEj28VFS6jyfe3cBVI/sw5NjE3NYapG/mMfTq1L5R1yGeXbCRe19ZwSUn9+L+qxo/7YeINI6GmFqJRA8v3T9nNUlJ8IOLBiXk/epiZozOyeT9wu24e9xnAC8t2sRdM5Zy7qAsHppw6hE/uCdy0J7yAzyXV8R7a7fzxaE9uWJE74TevdeWKEG0Eq8u2cLABA0vLSraycuLIw/F9ercPgHR1W/MgExmLt7Mhu374npw752Cbfzwr4sZlZ3J5P93Woub7E9ap+Id+5j2znqm5xWxt6KKHh3TmLtqK/85ayVfz+3Lt77Qn/7dGj//WFukBNEKbN0dGV761wQ8HOfu/PrVlXTPSOU75yR+CowgY2LmZWooQSzfvIvvPLWQAd0z+OO1uZrITo7Yhxt38Pg/1zF72ccAXHbKsdx4Zg7D+nQmf8MOnnh3PdPeXc+f3lnHuSdm8c0x/Tl3UJbOWlGCaBVmL0/c8NI/VnzCgvWl/DJmaoiwHZ+VQWZ6Ku+v287XR/Wts11R6T6+/ec8OrZPYdoNoxo9ZblIdY3z2vKPefyf61i4YQcd26dw05k5XDc2+3MzGx+c7fiT3eU8M38jzyzYyE1P5nNs5/Z8Pbcv3xjV97AXzGpLlCBagUQNLx2oruG+v6/i+Kx0JtRzoE40M2N0dma9K8ztKKvkuj8voOJANU/fPJZjOx+9f5QS4e4cqHaqamo4UOUcqKmhKrp98PuBav+srMY5UF3Dyi17mPbuOopK99MvswM/v3woV+X2rfcDUc9O7fnehSdy6/knMHflVp5ZsJGH3/iI373xEecP7sE9408+KhOFEkQLl8jhpekLNlK4rYzHr81t8tPnMQMymb38Yzbt3E/vWn9o+yuruTG6gM9fbhyTsNt4pWVbUryTh+cWsHLLbg5URw/wVTUxiaDxD1eOyu7Kv186lAuH9jysB0DbJSd9OoV+Uek+pudtZNo767lhWh5/nfQFOrY/us5qQ00QZjYOeIjIqnCPu/t9AW3OBR4E2gHb3P2caPl6YA9QDVS5e26YsbZUiRpe2ltexYOvf8SYnEwuGNIjQdHF7+C8THnrSukdM7ldTY3zvecW8WHRTh67ZuSn7eTIuDszF2/mjVVb+c1Xh7WoaznLNu3iwdfX8PrKrXTp0I7zBvUgLSWJlGSjXXIS7ZKTSEk6+NpIiZa1SzZSkiJ1KQfLkyLfU5ItUp6URPeMVAYm4ENG38wO/OjiwXxhQHe+/ecFfPfpD5j67VFH1XMzoSUIM0sGHgUuBIqBPDOb6e4rYtp0AR4Dxrn7RjOrfeQ6z923hRVja/BKgoaXHv+/QraXVfLnBD6JfDgG9+pEx/YpzF+3/XOzn/73P9Ywe/nH/PSyIVySwClEWqPU5CRK9lTwwsJirjy1d6Of+9iyaz8/nbGMuasia23fdv4JnNAj/LMyd6eiqobyA9WUH4h+r/rsdVlFFf+bX8Sc5Z/QqX0KP7zoRK4bm93iP5WfObA7v77yFH78whLu/tsy/vMrpzTL31BzCPMMYjRQ4O6FAGY2HRgPrIhpcw3wortvBHD3+lePP8ps3V1OXoKGlwq3lTF+xHEM69PlyANrhOQkY1R25ueeqH5p0SYeebOAb+T25cYzj2wFu7bgO+ccz6qP9/CDvy7mqfc38Isvn8Twvl3i7l9T4zyzYCP3/X0VVTU1nDcoizdXhzc7rLvz92Uf89//WENR6T4qqmoa7NMxLYV/++JAbjgz55C1Nlqyr4/qy4bSMh59cy39unVI6LT4LVmYCaI3UBSzXQyMqdXmRKCdmb0FdAQecvcno3UOvGZmDvzB3acE/RAzmwhMBOjXr1/iom8BEnn3UmpKEj8M+aG4hozJyeSNVVsp2VNB8Y59/Oj5JYzOyeTeKxI/hUZrlNM9nRdvHsuLH27ivr+vYvyj7/D13D786OLBZHVMq7dvYcle7nxxKQvWlXLGCd34zyuHsbh4Z2gJYmnxLu59ZQUL1pcyqGdHvj02m7R2ybRvl0T7lGTaH3wdU5bWLpmBPTNaVWKI9YMLB7GxdD/3z15N364duHx44mf+bWnCTBBBf/G1rzqlAKcBFwDHAO+Z2fvuvgY4w903R4ed/mFmq9x93iFvGEkcUwByc3Mbf1WrBUrE8FJqdLz0+rHZzb7u8cHrCy8t2sQf5hXSs1OaHoSrJSnJuOq0Plx8Uk8eeaOAqe+sY0nxLmb/29mB7auqa/jj/63jf15fQ1pKEvd/dRhfy+2DmbG4eGfC4/tkdzn3z17NCx8U0y09lV9feQrfGNU3lJmAW5qkJOOBq4bx8a79/OCvizmxZ0cG9WrbN1SEmSCKgdh7KfsAmwPabHP3MqDMzOYBw4E17r4ZIsNOZjaDyJDVIQmirTo4vHT7BUc2vNSvWwemfjv303Wqm9PJvTvTITWZX766koy0FJ6+aQyZ6fWvk3C06ti+HT+5dAgVVTW8sLA4sM3yzbu444UlLNu0m4tP6sk940+mZ6dwnozfX1nNlHmFTH57LdU1zqRzjue75x3fas8GGqt9u2QeuGo45/72LRZu2KEEcQTygIFmlgNsAiYQueYQ6yXgETNLAVKJDEH9j5mlA0nuvif6+iLgnhBjbXH+fnDupQRcuD1/cM8ERHTk2iUncVr/rrxTsI3fXX2qbmeNQ1LA0Fv5gWoenvsRf5hXSNcOqfz+myMDL/Af7FtadqDRP7+mxnlp8Sbun72aLbvKufSUXtw5bkiDS7i2ZUfTvE2hJQh3rzKzW4E5RG5zneruy81sUrR+sruvNLPZwBKghsitsMvMbAAwIzounQI84+6zw4q1JXp1aWR4KRG367UkP71sKFt27efcQU1/q21bsGBdKXe+sITCbWVcdVoffnrZkDpXqxt7fDe6pafyq1dX8MLNYw/72ZeFG0q55+UVLC7exSm9O/PQhFN1G/JRJtTnINx9FjCrVtnkWtsPAA/UKiskMtR0VErU8FJLNKhX2x+3DcOe8gPcP3s1T72/gT5dj+HJG0Y3uMhT1/RUfv7lk7jt2Q+Z+s46Jp4d39xbRaX7uG/2Kl5dsoWendL4r68NP6Lbbtuqvy3aRKdjUjh3UI8mm7amqbXNvWrlEjm8JK1feVU1F//PPLbsLuf6M7L54UWDSI/zgPSlYccyc/Fm/uu1NVw4tBc59UyWuKf8AI+9tZY//XMdSQb/esFAJp0zgA6pOkzEyspI49tjs3l58WZufeZDUlOSOPOE7ow7qRdfHnFci3oo8UjpX74FenXpFk7s2faGl+TwJRkcqHbS01J4ftJYTuvf9bD6mxm/vOJkvvjfb3PH80uYPvH0Q84Eqmucv+YX8dvX1rBtbwVXntqbH48bpPmw6pCUZPz8yydx95eGsnDDDuYs/5jZyz7mjVVb2VtRxQ1t6JkeJYgWpi0PL8nh++bp/RmQlcFXT+tNWkrjPpn27NSeuy8byo9fWMLT8zfwrS9kf1q3pHgnd/9tGYuLd3Fa/648fl0uIw7j4byjWXJSZDGs0TmZ/OjiQQy+ezblVdXNHVZCKUG0MBpeklg53dPrHRaK19dy+/Dyks3c9/dVnDc4Mmb+wJzVPLNgI93S03jwGyMYP+I4PbAon6ME0cJoeEnCYGb8+spTuPjBeXznqYVs2VXOzn2VXPeFbL5/0YlH3fMMEh89wtqCHBxeulRnDxKCvpkduGPcYJZv3k12tw68fNuZ/PzLJyk5SJ10BtGCaHhJwnbtF/pz+oBuDOyRodtWpUFKEC2IhpckbGam51AkbhpiaiE0vCQiLY0SRAuh4SURaWmUIFqIV5doeElEWhYliBZg6+5y8jaUctkpbX8BEhH5THWNU7KnglUf72ZfZVWd7bbuLufRNws454E3mfTUwiaLTxepW4BPh5eG9WruUEQkQdydvPU7KCzZy/aySkr2VLC9rJLteyvYtreC7XsrKd1XiUeXOfvqyD7819c/m6O0usaZt6aEZxdsZO6qrVTXOO3bJdEuOitvVXUNb68p4bm8IjLTU7nvq8MSvg9KEC3AweGlplhYXkTCtbeiihc/KOaJd9eztqTs0/KOaSl0y0ile0YaOd3Tyc3OpHtGGt0zUpn81lp2l0fW7fhkdznP5RXxXF4Rm3bup3tGKjedlcOEUf347ZzVfLBxBw/MWcXzC4v5ZHcFAN0z6l+StrGUIJpZVY2Tt6GUf7vgxOYORUSO0EsfbuaxN9eyt6KKYX06819fG87p0XU56pvl9dkFRRSV7uM7T+Xz+srI2cJZA7vz75cN4YtDen62LK/Bll3l/P6ttZw7qAf3jO/L3JWf8MaqcNYeV4JoATS8JNK6JScZqSlJFG7by2WnHMt1Y7M5tV/8M+8mJ8GyTXso2VPBTWflcPWofmQHzMF145k5DO/TmS8P702vzpHlZd9eE05ygJAThJmNAx4isqLc4+5+X0Cbc4EHgXZE1qc+J96+bcWgnh01vCTSirVLTuKlW86gW0YqPToe/rrg//GlkyjZU8EXh/aod9bekf26MvIwEs+RCi1BmFky8ChwIVAM5JnZTHdfEdOmC/AYMM7dN5pZj3j7tiV6OE6k9RtybKdG922pS7mGeZvraKDA3QvdvRKYDoyv1eYa4EV33wjg7lsPo2+boeElEWmJwhxi6g0UxWwXA2NqtTkRaGdmbwEdgYfc/ck4+wJgZhOBiQD9+vVLSOBN5dJTjiUjrZ2Gl0Sk0U4+rjM1NR7Ke4eZIIKmiqy9FynAacAFwDHAe2b2fpx9I4XuU4ApALm5ueH8lkJy0nGdOem4zs0dhoi0YteM6cc1Y8L5cBxmgigG+sZs9wE2B7TZ5u5lQJmZzQOGx9lXRERCFOY1iDxgoJnlmFkqMAGYWavNS8BZZpZiZh2IDCOtjLOviIiEKLQzCHevMrNbgTlEblWd6u7LzWxStH6yu680s9nAEqCGyO2sywCC+oYVq4iIHMrcW9Wwfb1yc3M9Pz+/ucMQEWk1zGyhu+cG1Wk2VxERCaQEISIigZQgREQkkBKEiIgEalMXqc2sBNjQyO7dgW0JDKc10D63fUfb/oL2+XD1d/esoIo2lSCOhJnl13Ulv63SPrd9R9v+gvY5kTTEJCIigZQgREQkkBLEZ6Y0dwDNQPvc9h1t+wva54TRNQgREQmkMwgREQmkBCEiIoGOqgRhZuPMbLWZFZjZnQH1ZmYPR+uXmNnI5ogzkeLY529G93WJmb1rZsObI85EamifY9qNMrNqM7uqKeMLQzz7bGbnmtkiM1tuZm83dYyJFsf/7c5m9rKZLY7u8/XNEWeimNlUM9tqZsvqqE/88cvdj4ovItOGrwUGAKnAYmBorTaXAn8nsqLd6cD85o67CfZ5LNA1+vqSo2GfY9q9AcwCrmruuJvg37kLsALoF93u0dxxN8E+3wX8Jvo6CygFUps79iPY57OBkcCyOuoTfvw6ms4gRgMF7l7o7pXAdGB8rTbjgSc94n2gi5kd29SBJlCD++zu77r7jujm+0RW72vN4vl3BrgNeAHY2pTBhSSefb4GeNHdNwK4e2vf73j22YGOZmZABpEEUdW0YSaOu88jsg91Sfjx62hKEL2Bopjt4mjZ4bZpTQ53f24k8gmkNWtwn82sN3AlMLkJ4wpTPP/OJwJdzewtM1toZtc2WXThiGefHwGGEFmueClwu7vXNE14zSLhx68w16RuaSygrPY9vvG0aU3i3h8zO49Igjgz1IjCF88+Pwjc4e7VkQ+XrV48+5wCnAZcABwDvGdm77v7mrCDC0k8+3wxsAg4Hzge+IeZ/Z+77w45tuaS8OPX0ZQgioG+Mdt9iHyyONw2rUlc+2Nmw4DHgUvcfXsTxRaWePY5F5geTQ7dgUvNrMrd/9YkESZevP+3t7l7GVBmZvOA4UBrTRDx7PP1wH0eGaAvMLN1wGBgQdOE2OQSfvw6moaY8oCBZpZjZqnABGBmrTYzgWujdwOcDuxy9y1NHWgCNbjPZtYPeBH4Viv+NBmrwX129xx3z3b3bOB54LutODlAfP+3XwLOMrMUM+sAjAFWNnGciRTPPm8kcsaEmfUEBgGFTRpl00r48euoOYNw9yozuxWYQ+QOiKnuvtzMJkXrJxO5o+VSoADYR+QTSKsV5z7/B9ANeCz6ibrKW/FMmHHuc5sSzz67+0ozmw0sAWqAx9098HbJ1iDOf+d7gWlmtpTI8Msd7t5qpwE3s2eBc4HuZlYM/AxoB+EdvzTVhoiIBDqahphEROQwKEGIiEggJQgREQmkBCEiIoGUIEREJJAShEgt0RleF5nZMjP7a/S5gSN9z3vM7Iv11E9qA9NfSBuj21xFajGzve6eEX39NLDQ3f87pj7Z3aubLUCRJqIzCJH6/R9wQnQthTfN7BlgqZklm9kDZpYXnXv/Owc7mNmPzWxpdB2C+6Jl0w6uO2Fm95nZimi/30bLfm5mP4y+HmFm70frZ5hZ12j5W2b2GzNbYGZrzOyspv5lyNHlqHmSWuRwmVkKkTUyZkeLRgMnu/s6M5tIZCqDUWaWBrxjZq8RmevnCmCMu+8zs8xa75lJZCbZwe7uZtYl4Ec/Cdzm7m+b2T1Enpj9t2hdiruPNrNLo+V1DluJHCmdQYgc6hgzWwTkE5nP50/R8gXuvi76+iIi894sAuYTma5kIJED9p/dfR+Au9eev383UA48bmZfITIlwqfMrDPQxd0Prvj2BJGFYg56Mfp9IZDd+F0UaZjOIEQOtd/dR8QWROepKostIvIpf06tduOoZ4rl6BxCo4lMIjcBuJXIdNTxqoh+r0Z/vxIynUGINM4c4GYzawdgZieaWTrwGnDDwTufAoaYMoDO7j6LyLDRiNh6d98F7Ii5vvAtoNWvHy2tkz6BiDTO40SGeD6ILmlZAlzh7rPNbASQb2aVRGbYvCumX0fgJTNrT+Qs5HsB730dMDmaZApp5bMKS+ul21xFRCSQhphERCSQEoSIiARSghARkUBKECIiEkgJQkREAilBiIhIICUIEREJ9P8BDt4MdTgPsycAAAAASUVORK5CYII=\n",
      "text/plain": [
       "<Figure size 432x288 with 1 Axes>"
      ]
     },
     "metadata": {
      "needs_background": "light"
     },
     "output_type": "display_data"
    }
   ],
   "source": [
    "#Pay attention to the scale of a graphic, please (Recall minimum is 0.6)\n",
    "\n",
    "pr_auc = -np.trapz(precision_list, x=recall_list)\n",
    "print(pr_auc)\n",
    "\n",
    "plt.plot(recall_list, precision_list)\n",
    "plt.xlabel('Precision')\n",
    "plt.ylabel('Recall')"
   ]
  },
  {
   "cell_type": "code",
   "execution_count": 254,
   "metadata": {},
   "outputs": [
    {
     "name": "stderr",
     "output_type": "stream",
     "text": [
      "/Users/alina/opt/anaconda3/lib/python3.9/site-packages/sklearn/model_selection/_validation.py:770: UserWarning: Scoring failed. The score on this train-test partition for these parameters will be set to nan. Details: \n",
      "Traceback (most recent call last):\n",
      "  File \"/Users/alina/opt/anaconda3/lib/python3.9/site-packages/sklearn/metrics/_scorer.py\", line 71, in _cached_call\n",
      "    return cache[method]\n",
      "KeyError: 'decision_function'\n",
      "\n",
      "During handling of the above exception, another exception occurred:\n",
      "\n",
      "Traceback (most recent call last):\n",
      "  File \"/Users/alina/opt/anaconda3/lib/python3.9/site-packages/sklearn/metrics/_scorer.py\", line 355, in _score\n",
      "    y_pred = method_caller(clf, \"decision_function\", X)\n",
      "  File \"/Users/alina/opt/anaconda3/lib/python3.9/site-packages/sklearn/metrics/_scorer.py\", line 73, in _cached_call\n",
      "    result = getattr(estimator, method)(*args, **kwargs)\n",
      "AttributeError: 'LogReg' object has no attribute 'decision_function'\n",
      "\n",
      "During handling of the above exception, another exception occurred:\n",
      "\n",
      "Traceback (most recent call last):\n",
      "  File \"/Users/alina/opt/anaconda3/lib/python3.9/site-packages/sklearn/model_selection/_validation.py\", line 761, in _score\n",
      "    scores = scorer(estimator, X_test, y_test)\n",
      "  File \"/Users/alina/opt/anaconda3/lib/python3.9/site-packages/sklearn/metrics/_scorer.py\", line 103, in __call__\n",
      "    score = scorer._score(cached_call, estimator, *args, **kwargs)\n",
      "  File \"/Users/alina/opt/anaconda3/lib/python3.9/site-packages/sklearn/metrics/_scorer.py\", line 372, in _score\n",
      "    y_pred = self._select_proba_binary(y_pred, clf.classes_)\n",
      "AttributeError: 'LogReg' object has no attribute 'classes_'\n",
      "\n",
      "  warnings.warn(\n",
      "/Users/alina/opt/anaconda3/lib/python3.9/site-packages/sklearn/model_selection/_validation.py:770: UserWarning: Scoring failed. The score on this train-test partition for these parameters will be set to nan. Details: \n",
      "Traceback (most recent call last):\n",
      "  File \"/Users/alina/opt/anaconda3/lib/python3.9/site-packages/sklearn/metrics/_scorer.py\", line 71, in _cached_call\n",
      "    return cache[method]\n",
      "KeyError: 'decision_function'\n",
      "\n",
      "During handling of the above exception, another exception occurred:\n",
      "\n",
      "Traceback (most recent call last):\n",
      "  File \"/Users/alina/opt/anaconda3/lib/python3.9/site-packages/sklearn/metrics/_scorer.py\", line 355, in _score\n",
      "    y_pred = method_caller(clf, \"decision_function\", X)\n",
      "  File \"/Users/alina/opt/anaconda3/lib/python3.9/site-packages/sklearn/metrics/_scorer.py\", line 73, in _cached_call\n",
      "    result = getattr(estimator, method)(*args, **kwargs)\n",
      "AttributeError: 'LogReg' object has no attribute 'decision_function'\n",
      "\n",
      "During handling of the above exception, another exception occurred:\n",
      "\n",
      "Traceback (most recent call last):\n",
      "  File \"/Users/alina/opt/anaconda3/lib/python3.9/site-packages/sklearn/model_selection/_validation.py\", line 761, in _score\n",
      "    scores = scorer(estimator, X_test, y_test)\n",
      "  File \"/Users/alina/opt/anaconda3/lib/python3.9/site-packages/sklearn/metrics/_scorer.py\", line 103, in __call__\n",
      "    score = scorer._score(cached_call, estimator, *args, **kwargs)\n",
      "  File \"/Users/alina/opt/anaconda3/lib/python3.9/site-packages/sklearn/metrics/_scorer.py\", line 372, in _score\n",
      "    y_pred = self._select_proba_binary(y_pred, clf.classes_)\n",
      "AttributeError: 'LogReg' object has no attribute 'classes_'\n",
      "\n",
      "  warnings.warn(\n",
      "/Users/alina/opt/anaconda3/lib/python3.9/site-packages/sklearn/model_selection/_validation.py:770: UserWarning: Scoring failed. The score on this train-test partition for these parameters will be set to nan. Details: \n",
      "Traceback (most recent call last):\n",
      "  File \"/Users/alina/opt/anaconda3/lib/python3.9/site-packages/sklearn/metrics/_scorer.py\", line 71, in _cached_call\n",
      "    return cache[method]\n",
      "KeyError: 'decision_function'\n",
      "\n",
      "During handling of the above exception, another exception occurred:\n",
      "\n",
      "Traceback (most recent call last):\n",
      "  File \"/Users/alina/opt/anaconda3/lib/python3.9/site-packages/sklearn/metrics/_scorer.py\", line 355, in _score\n",
      "    y_pred = method_caller(clf, \"decision_function\", X)\n",
      "  File \"/Users/alina/opt/anaconda3/lib/python3.9/site-packages/sklearn/metrics/_scorer.py\", line 73, in _cached_call\n",
      "    result = getattr(estimator, method)(*args, **kwargs)\n",
      "AttributeError: 'LogReg' object has no attribute 'decision_function'\n",
      "\n",
      "During handling of the above exception, another exception occurred:\n",
      "\n",
      "Traceback (most recent call last):\n",
      "  File \"/Users/alina/opt/anaconda3/lib/python3.9/site-packages/sklearn/model_selection/_validation.py\", line 761, in _score\n",
      "    scores = scorer(estimator, X_test, y_test)\n",
      "  File \"/Users/alina/opt/anaconda3/lib/python3.9/site-packages/sklearn/metrics/_scorer.py\", line 103, in __call__\n",
      "    score = scorer._score(cached_call, estimator, *args, **kwargs)\n",
      "  File \"/Users/alina/opt/anaconda3/lib/python3.9/site-packages/sklearn/metrics/_scorer.py\", line 372, in _score\n",
      "    y_pred = self._select_proba_binary(y_pred, clf.classes_)\n",
      "AttributeError: 'LogReg' object has no attribute 'classes_'\n",
      "\n",
      "  warnings.warn(\n",
      "/Users/alina/opt/anaconda3/lib/python3.9/site-packages/sklearn/model_selection/_validation.py:770: UserWarning: Scoring failed. The score on this train-test partition for these parameters will be set to nan. Details: \n",
      "Traceback (most recent call last):\n",
      "  File \"/Users/alina/opt/anaconda3/lib/python3.9/site-packages/sklearn/metrics/_scorer.py\", line 71, in _cached_call\n",
      "    return cache[method]\n",
      "KeyError: 'decision_function'\n",
      "\n",
      "During handling of the above exception, another exception occurred:\n",
      "\n",
      "Traceback (most recent call last):\n",
      "  File \"/Users/alina/opt/anaconda3/lib/python3.9/site-packages/sklearn/metrics/_scorer.py\", line 355, in _score\n",
      "    y_pred = method_caller(clf, \"decision_function\", X)\n",
      "  File \"/Users/alina/opt/anaconda3/lib/python3.9/site-packages/sklearn/metrics/_scorer.py\", line 73, in _cached_call\n",
      "    result = getattr(estimator, method)(*args, **kwargs)\n",
      "AttributeError: 'LogReg' object has no attribute 'decision_function'\n",
      "\n",
      "During handling of the above exception, another exception occurred:\n",
      "\n",
      "Traceback (most recent call last):\n",
      "  File \"/Users/alina/opt/anaconda3/lib/python3.9/site-packages/sklearn/model_selection/_validation.py\", line 761, in _score\n",
      "    scores = scorer(estimator, X_test, y_test)\n",
      "  File \"/Users/alina/opt/anaconda3/lib/python3.9/site-packages/sklearn/metrics/_scorer.py\", line 103, in __call__\n",
      "    score = scorer._score(cached_call, estimator, *args, **kwargs)\n",
      "  File \"/Users/alina/opt/anaconda3/lib/python3.9/site-packages/sklearn/metrics/_scorer.py\", line 372, in _score\n",
      "    y_pred = self._select_proba_binary(y_pred, clf.classes_)\n",
      "AttributeError: 'LogReg' object has no attribute 'classes_'\n",
      "\n",
      "  warnings.warn(\n",
      "/Users/alina/opt/anaconda3/lib/python3.9/site-packages/sklearn/model_selection/_validation.py:770: UserWarning: Scoring failed. The score on this train-test partition for these parameters will be set to nan. Details: \n",
      "Traceback (most recent call last):\n",
      "  File \"/Users/alina/opt/anaconda3/lib/python3.9/site-packages/sklearn/metrics/_scorer.py\", line 71, in _cached_call\n",
      "    return cache[method]\n",
      "KeyError: 'decision_function'\n",
      "\n",
      "During handling of the above exception, another exception occurred:\n",
      "\n",
      "Traceback (most recent call last):\n",
      "  File \"/Users/alina/opt/anaconda3/lib/python3.9/site-packages/sklearn/metrics/_scorer.py\", line 355, in _score\n",
      "    y_pred = method_caller(clf, \"decision_function\", X)\n",
      "  File \"/Users/alina/opt/anaconda3/lib/python3.9/site-packages/sklearn/metrics/_scorer.py\", line 73, in _cached_call\n",
      "    result = getattr(estimator, method)(*args, **kwargs)\n",
      "AttributeError: 'LogReg' object has no attribute 'decision_function'\n",
      "\n",
      "During handling of the above exception, another exception occurred:\n",
      "\n",
      "Traceback (most recent call last):\n",
      "  File \"/Users/alina/opt/anaconda3/lib/python3.9/site-packages/sklearn/model_selection/_validation.py\", line 761, in _score\n",
      "    scores = scorer(estimator, X_test, y_test)\n",
      "  File \"/Users/alina/opt/anaconda3/lib/python3.9/site-packages/sklearn/metrics/_scorer.py\", line 103, in __call__\n",
      "    score = scorer._score(cached_call, estimator, *args, **kwargs)\n",
      "  File \"/Users/alina/opt/anaconda3/lib/python3.9/site-packages/sklearn/metrics/_scorer.py\", line 372, in _score\n",
      "    y_pred = self._select_proba_binary(y_pred, clf.classes_)\n",
      "AttributeError: 'LogReg' object has no attribute 'classes_'\n",
      "\n",
      "  warnings.warn(\n",
      "/Users/alina/opt/anaconda3/lib/python3.9/site-packages/sklearn/model_selection/_validation.py:770: UserWarning: Scoring failed. The score on this train-test partition for these parameters will be set to nan. Details: \n",
      "Traceback (most recent call last):\n",
      "  File \"/Users/alina/opt/anaconda3/lib/python3.9/site-packages/sklearn/metrics/_scorer.py\", line 71, in _cached_call\n",
      "    return cache[method]\n",
      "KeyError: 'decision_function'\n",
      "\n",
      "During handling of the above exception, another exception occurred:\n",
      "\n",
      "Traceback (most recent call last):\n",
      "  File \"/Users/alina/opt/anaconda3/lib/python3.9/site-packages/sklearn/metrics/_scorer.py\", line 355, in _score\n",
      "    y_pred = method_caller(clf, \"decision_function\", X)\n",
      "  File \"/Users/alina/opt/anaconda3/lib/python3.9/site-packages/sklearn/metrics/_scorer.py\", line 73, in _cached_call\n",
      "    result = getattr(estimator, method)(*args, **kwargs)\n",
      "AttributeError: 'LogReg' object has no attribute 'decision_function'\n",
      "\n",
      "During handling of the above exception, another exception occurred:\n",
      "\n",
      "Traceback (most recent call last):\n",
      "  File \"/Users/alina/opt/anaconda3/lib/python3.9/site-packages/sklearn/model_selection/_validation.py\", line 761, in _score\n",
      "    scores = scorer(estimator, X_test, y_test)\n",
      "  File \"/Users/alina/opt/anaconda3/lib/python3.9/site-packages/sklearn/metrics/_scorer.py\", line 103, in __call__\n",
      "    score = scorer._score(cached_call, estimator, *args, **kwargs)\n",
      "  File \"/Users/alina/opt/anaconda3/lib/python3.9/site-packages/sklearn/metrics/_scorer.py\", line 372, in _score\n",
      "    y_pred = self._select_proba_binary(y_pred, clf.classes_)\n",
      "AttributeError: 'LogReg' object has no attribute 'classes_'\n",
      "\n",
      "  warnings.warn(\n",
      "/Users/alina/opt/anaconda3/lib/python3.9/site-packages/sklearn/model_selection/_validation.py:770: UserWarning: Scoring failed. The score on this train-test partition for these parameters will be set to nan. Details: \n",
      "Traceback (most recent call last):\n",
      "  File \"/Users/alina/opt/anaconda3/lib/python3.9/site-packages/sklearn/metrics/_scorer.py\", line 71, in _cached_call\n",
      "    return cache[method]\n",
      "KeyError: 'decision_function'\n",
      "\n",
      "During handling of the above exception, another exception occurred:\n",
      "\n",
      "Traceback (most recent call last):\n",
      "  File \"/Users/alina/opt/anaconda3/lib/python3.9/site-packages/sklearn/metrics/_scorer.py\", line 355, in _score\n",
      "    y_pred = method_caller(clf, \"decision_function\", X)\n",
      "  File \"/Users/alina/opt/anaconda3/lib/python3.9/site-packages/sklearn/metrics/_scorer.py\", line 73, in _cached_call\n",
      "    result = getattr(estimator, method)(*args, **kwargs)\n",
      "AttributeError: 'LogReg' object has no attribute 'decision_function'\n",
      "\n",
      "During handling of the above exception, another exception occurred:\n",
      "\n",
      "Traceback (most recent call last):\n",
      "  File \"/Users/alina/opt/anaconda3/lib/python3.9/site-packages/sklearn/model_selection/_validation.py\", line 761, in _score\n",
      "    scores = scorer(estimator, X_test, y_test)\n",
      "  File \"/Users/alina/opt/anaconda3/lib/python3.9/site-packages/sklearn/metrics/_scorer.py\", line 103, in __call__\n",
      "    score = scorer._score(cached_call, estimator, *args, **kwargs)\n",
      "  File \"/Users/alina/opt/anaconda3/lib/python3.9/site-packages/sklearn/metrics/_scorer.py\", line 372, in _score\n",
      "    y_pred = self._select_proba_binary(y_pred, clf.classes_)\n",
      "AttributeError: 'LogReg' object has no attribute 'classes_'\n",
      "\n",
      "  warnings.warn(\n",
      "/Users/alina/opt/anaconda3/lib/python3.9/site-packages/sklearn/model_selection/_validation.py:770: UserWarning: Scoring failed. The score on this train-test partition for these parameters will be set to nan. Details: \n",
      "Traceback (most recent call last):\n",
      "  File \"/Users/alina/opt/anaconda3/lib/python3.9/site-packages/sklearn/metrics/_scorer.py\", line 71, in _cached_call\n",
      "    return cache[method]\n",
      "KeyError: 'decision_function'\n",
      "\n",
      "During handling of the above exception, another exception occurred:\n",
      "\n",
      "Traceback (most recent call last):\n",
      "  File \"/Users/alina/opt/anaconda3/lib/python3.9/site-packages/sklearn/metrics/_scorer.py\", line 355, in _score\n",
      "    y_pred = method_caller(clf, \"decision_function\", X)\n",
      "  File \"/Users/alina/opt/anaconda3/lib/python3.9/site-packages/sklearn/metrics/_scorer.py\", line 73, in _cached_call\n",
      "    result = getattr(estimator, method)(*args, **kwargs)\n",
      "AttributeError: 'LogReg' object has no attribute 'decision_function'\n",
      "\n",
      "During handling of the above exception, another exception occurred:\n",
      "\n",
      "Traceback (most recent call last):\n",
      "  File \"/Users/alina/opt/anaconda3/lib/python3.9/site-packages/sklearn/model_selection/_validation.py\", line 761, in _score\n",
      "    scores = scorer(estimator, X_test, y_test)\n",
      "  File \"/Users/alina/opt/anaconda3/lib/python3.9/site-packages/sklearn/metrics/_scorer.py\", line 103, in __call__\n",
      "    score = scorer._score(cached_call, estimator, *args, **kwargs)\n",
      "  File \"/Users/alina/opt/anaconda3/lib/python3.9/site-packages/sklearn/metrics/_scorer.py\", line 372, in _score\n",
      "    y_pred = self._select_proba_binary(y_pred, clf.classes_)\n",
      "AttributeError: 'LogReg' object has no attribute 'classes_'\n",
      "\n",
      "  warnings.warn(\n",
      "/Users/alina/opt/anaconda3/lib/python3.9/site-packages/sklearn/model_selection/_validation.py:770: UserWarning: Scoring failed. The score on this train-test partition for these parameters will be set to nan. Details: \n",
      "Traceback (most recent call last):\n",
      "  File \"/Users/alina/opt/anaconda3/lib/python3.9/site-packages/sklearn/metrics/_scorer.py\", line 71, in _cached_call\n",
      "    return cache[method]\n",
      "KeyError: 'decision_function'\n",
      "\n",
      "During handling of the above exception, another exception occurred:\n",
      "\n",
      "Traceback (most recent call last):\n",
      "  File \"/Users/alina/opt/anaconda3/lib/python3.9/site-packages/sklearn/metrics/_scorer.py\", line 355, in _score\n",
      "    y_pred = method_caller(clf, \"decision_function\", X)\n",
      "  File \"/Users/alina/opt/anaconda3/lib/python3.9/site-packages/sklearn/metrics/_scorer.py\", line 73, in _cached_call\n",
      "    result = getattr(estimator, method)(*args, **kwargs)\n",
      "AttributeError: 'LogReg' object has no attribute 'decision_function'\n",
      "\n",
      "During handling of the above exception, another exception occurred:\n",
      "\n",
      "Traceback (most recent call last):\n",
      "  File \"/Users/alina/opt/anaconda3/lib/python3.9/site-packages/sklearn/model_selection/_validation.py\", line 761, in _score\n",
      "    scores = scorer(estimator, X_test, y_test)\n",
      "  File \"/Users/alina/opt/anaconda3/lib/python3.9/site-packages/sklearn/metrics/_scorer.py\", line 103, in __call__\n",
      "    score = scorer._score(cached_call, estimator, *args, **kwargs)\n",
      "  File \"/Users/alina/opt/anaconda3/lib/python3.9/site-packages/sklearn/metrics/_scorer.py\", line 372, in _score\n",
      "    y_pred = self._select_proba_binary(y_pred, clf.classes_)\n",
      "AttributeError: 'LogReg' object has no attribute 'classes_'\n",
      "\n",
      "  warnings.warn(\n",
      "/Users/alina/opt/anaconda3/lib/python3.9/site-packages/sklearn/model_selection/_validation.py:770: UserWarning: Scoring failed. The score on this train-test partition for these parameters will be set to nan. Details: \n",
      "Traceback (most recent call last):\n",
      "  File \"/Users/alina/opt/anaconda3/lib/python3.9/site-packages/sklearn/metrics/_scorer.py\", line 71, in _cached_call\n",
      "    return cache[method]\n",
      "KeyError: 'decision_function'\n",
      "\n",
      "During handling of the above exception, another exception occurred:\n",
      "\n",
      "Traceback (most recent call last):\n",
      "  File \"/Users/alina/opt/anaconda3/lib/python3.9/site-packages/sklearn/metrics/_scorer.py\", line 355, in _score\n",
      "    y_pred = method_caller(clf, \"decision_function\", X)\n",
      "  File \"/Users/alina/opt/anaconda3/lib/python3.9/site-packages/sklearn/metrics/_scorer.py\", line 73, in _cached_call\n",
      "    result = getattr(estimator, method)(*args, **kwargs)\n",
      "AttributeError: 'LogReg' object has no attribute 'decision_function'\n",
      "\n",
      "During handling of the above exception, another exception occurred:\n",
      "\n",
      "Traceback (most recent call last):\n",
      "  File \"/Users/alina/opt/anaconda3/lib/python3.9/site-packages/sklearn/model_selection/_validation.py\", line 761, in _score\n",
      "    scores = scorer(estimator, X_test, y_test)\n",
      "  File \"/Users/alina/opt/anaconda3/lib/python3.9/site-packages/sklearn/metrics/_scorer.py\", line 103, in __call__\n",
      "    score = scorer._score(cached_call, estimator, *args, **kwargs)\n",
      "  File \"/Users/alina/opt/anaconda3/lib/python3.9/site-packages/sklearn/metrics/_scorer.py\", line 372, in _score\n",
      "    y_pred = self._select_proba_binary(y_pred, clf.classes_)\n",
      "AttributeError: 'LogReg' object has no attribute 'classes_'\n",
      "\n",
      "  warnings.warn(\n",
      "/Users/alina/opt/anaconda3/lib/python3.9/site-packages/sklearn/model_selection/_validation.py:770: UserWarning: Scoring failed. The score on this train-test partition for these parameters will be set to nan. Details: \n",
      "Traceback (most recent call last):\n",
      "  File \"/Users/alina/opt/anaconda3/lib/python3.9/site-packages/sklearn/metrics/_scorer.py\", line 71, in _cached_call\n",
      "    return cache[method]\n",
      "KeyError: 'decision_function'\n",
      "\n",
      "During handling of the above exception, another exception occurred:\n",
      "\n",
      "Traceback (most recent call last):\n",
      "  File \"/Users/alina/opt/anaconda3/lib/python3.9/site-packages/sklearn/metrics/_scorer.py\", line 355, in _score\n",
      "    y_pred = method_caller(clf, \"decision_function\", X)\n",
      "  File \"/Users/alina/opt/anaconda3/lib/python3.9/site-packages/sklearn/metrics/_scorer.py\", line 73, in _cached_call\n",
      "    result = getattr(estimator, method)(*args, **kwargs)\n",
      "AttributeError: 'LogReg' object has no attribute 'decision_function'\n",
      "\n",
      "During handling of the above exception, another exception occurred:\n",
      "\n",
      "Traceback (most recent call last):\n",
      "  File \"/Users/alina/opt/anaconda3/lib/python3.9/site-packages/sklearn/model_selection/_validation.py\", line 761, in _score\n",
      "    scores = scorer(estimator, X_test, y_test)\n",
      "  File \"/Users/alina/opt/anaconda3/lib/python3.9/site-packages/sklearn/metrics/_scorer.py\", line 103, in __call__\n",
      "    score = scorer._score(cached_call, estimator, *args, **kwargs)\n",
      "  File \"/Users/alina/opt/anaconda3/lib/python3.9/site-packages/sklearn/metrics/_scorer.py\", line 372, in _score\n",
      "    y_pred = self._select_proba_binary(y_pred, clf.classes_)\n",
      "AttributeError: 'LogReg' object has no attribute 'classes_'\n",
      "\n",
      "  warnings.warn(\n",
      "/Users/alina/opt/anaconda3/lib/python3.9/site-packages/sklearn/model_selection/_validation.py:770: UserWarning: Scoring failed. The score on this train-test partition for these parameters will be set to nan. Details: \n",
      "Traceback (most recent call last):\n",
      "  File \"/Users/alina/opt/anaconda3/lib/python3.9/site-packages/sklearn/metrics/_scorer.py\", line 71, in _cached_call\n",
      "    return cache[method]\n",
      "KeyError: 'decision_function'\n",
      "\n",
      "During handling of the above exception, another exception occurred:\n",
      "\n",
      "Traceback (most recent call last):\n",
      "  File \"/Users/alina/opt/anaconda3/lib/python3.9/site-packages/sklearn/metrics/_scorer.py\", line 355, in _score\n",
      "    y_pred = method_caller(clf, \"decision_function\", X)\n",
      "  File \"/Users/alina/opt/anaconda3/lib/python3.9/site-packages/sklearn/metrics/_scorer.py\", line 73, in _cached_call\n",
      "    result = getattr(estimator, method)(*args, **kwargs)\n",
      "AttributeError: 'LogReg' object has no attribute 'decision_function'\n",
      "\n",
      "During handling of the above exception, another exception occurred:\n",
      "\n",
      "Traceback (most recent call last):\n",
      "  File \"/Users/alina/opt/anaconda3/lib/python3.9/site-packages/sklearn/model_selection/_validation.py\", line 761, in _score\n",
      "    scores = scorer(estimator, X_test, y_test)\n",
      "  File \"/Users/alina/opt/anaconda3/lib/python3.9/site-packages/sklearn/metrics/_scorer.py\", line 103, in __call__\n",
      "    score = scorer._score(cached_call, estimator, *args, **kwargs)\n",
      "  File \"/Users/alina/opt/anaconda3/lib/python3.9/site-packages/sklearn/metrics/_scorer.py\", line 372, in _score\n",
      "    y_pred = self._select_proba_binary(y_pred, clf.classes_)\n",
      "AttributeError: 'LogReg' object has no attribute 'classes_'\n",
      "\n",
      "  warnings.warn(\n",
      "/Users/alina/opt/anaconda3/lib/python3.9/site-packages/sklearn/model_selection/_validation.py:770: UserWarning: Scoring failed. The score on this train-test partition for these parameters will be set to nan. Details: \n",
      "Traceback (most recent call last):\n",
      "  File \"/Users/alina/opt/anaconda3/lib/python3.9/site-packages/sklearn/metrics/_scorer.py\", line 71, in _cached_call\n",
      "    return cache[method]\n",
      "KeyError: 'decision_function'\n",
      "\n",
      "During handling of the above exception, another exception occurred:\n",
      "\n",
      "Traceback (most recent call last):\n",
      "  File \"/Users/alina/opt/anaconda3/lib/python3.9/site-packages/sklearn/metrics/_scorer.py\", line 355, in _score\n",
      "    y_pred = method_caller(clf, \"decision_function\", X)\n",
      "  File \"/Users/alina/opt/anaconda3/lib/python3.9/site-packages/sklearn/metrics/_scorer.py\", line 73, in _cached_call\n",
      "    result = getattr(estimator, method)(*args, **kwargs)\n",
      "AttributeError: 'LogReg' object has no attribute 'decision_function'\n",
      "\n",
      "During handling of the above exception, another exception occurred:\n",
      "\n",
      "Traceback (most recent call last):\n",
      "  File \"/Users/alina/opt/anaconda3/lib/python3.9/site-packages/sklearn/model_selection/_validation.py\", line 761, in _score\n",
      "    scores = scorer(estimator, X_test, y_test)\n",
      "  File \"/Users/alina/opt/anaconda3/lib/python3.9/site-packages/sklearn/metrics/_scorer.py\", line 103, in __call__\n",
      "    score = scorer._score(cached_call, estimator, *args, **kwargs)\n",
      "  File \"/Users/alina/opt/anaconda3/lib/python3.9/site-packages/sklearn/metrics/_scorer.py\", line 372, in _score\n",
      "    y_pred = self._select_proba_binary(y_pred, clf.classes_)\n",
      "AttributeError: 'LogReg' object has no attribute 'classes_'\n",
      "\n",
      "  warnings.warn(\n",
      "/Users/alina/opt/anaconda3/lib/python3.9/site-packages/sklearn/model_selection/_validation.py:770: UserWarning: Scoring failed. The score on this train-test partition for these parameters will be set to nan. Details: \n",
      "Traceback (most recent call last):\n",
      "  File \"/Users/alina/opt/anaconda3/lib/python3.9/site-packages/sklearn/metrics/_scorer.py\", line 71, in _cached_call\n",
      "    return cache[method]\n",
      "KeyError: 'decision_function'\n",
      "\n",
      "During handling of the above exception, another exception occurred:\n",
      "\n",
      "Traceback (most recent call last):\n",
      "  File \"/Users/alina/opt/anaconda3/lib/python3.9/site-packages/sklearn/metrics/_scorer.py\", line 355, in _score\n",
      "    y_pred = method_caller(clf, \"decision_function\", X)\n",
      "  File \"/Users/alina/opt/anaconda3/lib/python3.9/site-packages/sklearn/metrics/_scorer.py\", line 73, in _cached_call\n",
      "    result = getattr(estimator, method)(*args, **kwargs)\n",
      "AttributeError: 'LogReg' object has no attribute 'decision_function'\n",
      "\n",
      "During handling of the above exception, another exception occurred:\n",
      "\n",
      "Traceback (most recent call last):\n",
      "  File \"/Users/alina/opt/anaconda3/lib/python3.9/site-packages/sklearn/model_selection/_validation.py\", line 761, in _score\n",
      "    scores = scorer(estimator, X_test, y_test)\n",
      "  File \"/Users/alina/opt/anaconda3/lib/python3.9/site-packages/sklearn/metrics/_scorer.py\", line 103, in __call__\n",
      "    score = scorer._score(cached_call, estimator, *args, **kwargs)\n",
      "  File \"/Users/alina/opt/anaconda3/lib/python3.9/site-packages/sklearn/metrics/_scorer.py\", line 372, in _score\n",
      "    y_pred = self._select_proba_binary(y_pred, clf.classes_)\n",
      "AttributeError: 'LogReg' object has no attribute 'classes_'\n",
      "\n",
      "  warnings.warn(\n",
      "/Users/alina/opt/anaconda3/lib/python3.9/site-packages/sklearn/model_selection/_validation.py:770: UserWarning: Scoring failed. The score on this train-test partition for these parameters will be set to nan. Details: \n",
      "Traceback (most recent call last):\n",
      "  File \"/Users/alina/opt/anaconda3/lib/python3.9/site-packages/sklearn/metrics/_scorer.py\", line 71, in _cached_call\n",
      "    return cache[method]\n",
      "KeyError: 'decision_function'\n",
      "\n",
      "During handling of the above exception, another exception occurred:\n",
      "\n",
      "Traceback (most recent call last):\n",
      "  File \"/Users/alina/opt/anaconda3/lib/python3.9/site-packages/sklearn/metrics/_scorer.py\", line 355, in _score\n",
      "    y_pred = method_caller(clf, \"decision_function\", X)\n",
      "  File \"/Users/alina/opt/anaconda3/lib/python3.9/site-packages/sklearn/metrics/_scorer.py\", line 73, in _cached_call\n",
      "    result = getattr(estimator, method)(*args, **kwargs)\n",
      "AttributeError: 'LogReg' object has no attribute 'decision_function'\n",
      "\n",
      "During handling of the above exception, another exception occurred:\n",
      "\n",
      "Traceback (most recent call last):\n",
      "  File \"/Users/alina/opt/anaconda3/lib/python3.9/site-packages/sklearn/model_selection/_validation.py\", line 761, in _score\n",
      "    scores = scorer(estimator, X_test, y_test)\n",
      "  File \"/Users/alina/opt/anaconda3/lib/python3.9/site-packages/sklearn/metrics/_scorer.py\", line 103, in __call__\n",
      "    score = scorer._score(cached_call, estimator, *args, **kwargs)\n",
      "  File \"/Users/alina/opt/anaconda3/lib/python3.9/site-packages/sklearn/metrics/_scorer.py\", line 372, in _score\n",
      "    y_pred = self._select_proba_binary(y_pred, clf.classes_)\n",
      "AttributeError: 'LogReg' object has no attribute 'classes_'\n",
      "\n",
      "  warnings.warn(\n",
      "/Users/alina/opt/anaconda3/lib/python3.9/site-packages/sklearn/model_selection/_validation.py:770: UserWarning: Scoring failed. The score on this train-test partition for these parameters will be set to nan. Details: \n",
      "Traceback (most recent call last):\n",
      "  File \"/Users/alina/opt/anaconda3/lib/python3.9/site-packages/sklearn/metrics/_scorer.py\", line 71, in _cached_call\n",
      "    return cache[method]\n",
      "KeyError: 'decision_function'\n",
      "\n",
      "During handling of the above exception, another exception occurred:\n",
      "\n",
      "Traceback (most recent call last):\n",
      "  File \"/Users/alina/opt/anaconda3/lib/python3.9/site-packages/sklearn/metrics/_scorer.py\", line 355, in _score\n",
      "    y_pred = method_caller(clf, \"decision_function\", X)\n",
      "  File \"/Users/alina/opt/anaconda3/lib/python3.9/site-packages/sklearn/metrics/_scorer.py\", line 73, in _cached_call\n",
      "    result = getattr(estimator, method)(*args, **kwargs)\n",
      "AttributeError: 'LogReg' object has no attribute 'decision_function'\n",
      "\n",
      "During handling of the above exception, another exception occurred:\n",
      "\n",
      "Traceback (most recent call last):\n",
      "  File \"/Users/alina/opt/anaconda3/lib/python3.9/site-packages/sklearn/model_selection/_validation.py\", line 761, in _score\n",
      "    scores = scorer(estimator, X_test, y_test)\n",
      "  File \"/Users/alina/opt/anaconda3/lib/python3.9/site-packages/sklearn/metrics/_scorer.py\", line 103, in __call__\n",
      "    score = scorer._score(cached_call, estimator, *args, **kwargs)\n",
      "  File \"/Users/alina/opt/anaconda3/lib/python3.9/site-packages/sklearn/metrics/_scorer.py\", line 372, in _score\n",
      "    y_pred = self._select_proba_binary(y_pred, clf.classes_)\n",
      "AttributeError: 'LogReg' object has no attribute 'classes_'\n",
      "\n",
      "  warnings.warn(\n",
      "/Users/alina/opt/anaconda3/lib/python3.9/site-packages/sklearn/model_selection/_validation.py:770: UserWarning: Scoring failed. The score on this train-test partition for these parameters will be set to nan. Details: \n",
      "Traceback (most recent call last):\n",
      "  File \"/Users/alina/opt/anaconda3/lib/python3.9/site-packages/sklearn/metrics/_scorer.py\", line 71, in _cached_call\n",
      "    return cache[method]\n",
      "KeyError: 'decision_function'\n",
      "\n",
      "During handling of the above exception, another exception occurred:\n",
      "\n",
      "Traceback (most recent call last):\n",
      "  File \"/Users/alina/opt/anaconda3/lib/python3.9/site-packages/sklearn/metrics/_scorer.py\", line 355, in _score\n",
      "    y_pred = method_caller(clf, \"decision_function\", X)\n",
      "  File \"/Users/alina/opt/anaconda3/lib/python3.9/site-packages/sklearn/metrics/_scorer.py\", line 73, in _cached_call\n",
      "    result = getattr(estimator, method)(*args, **kwargs)\n",
      "AttributeError: 'LogReg' object has no attribute 'decision_function'\n",
      "\n",
      "During handling of the above exception, another exception occurred:\n",
      "\n",
      "Traceback (most recent call last):\n",
      "  File \"/Users/alina/opt/anaconda3/lib/python3.9/site-packages/sklearn/model_selection/_validation.py\", line 761, in _score\n",
      "    scores = scorer(estimator, X_test, y_test)\n",
      "  File \"/Users/alina/opt/anaconda3/lib/python3.9/site-packages/sklearn/metrics/_scorer.py\", line 103, in __call__\n",
      "    score = scorer._score(cached_call, estimator, *args, **kwargs)\n",
      "  File \"/Users/alina/opt/anaconda3/lib/python3.9/site-packages/sklearn/metrics/_scorer.py\", line 372, in _score\n",
      "    y_pred = self._select_proba_binary(y_pred, clf.classes_)\n",
      "AttributeError: 'LogReg' object has no attribute 'classes_'\n",
      "\n",
      "  warnings.warn(\n",
      "/Users/alina/opt/anaconda3/lib/python3.9/site-packages/sklearn/model_selection/_validation.py:770: UserWarning: Scoring failed. The score on this train-test partition for these parameters will be set to nan. Details: \n",
      "Traceback (most recent call last):\n",
      "  File \"/Users/alina/opt/anaconda3/lib/python3.9/site-packages/sklearn/metrics/_scorer.py\", line 71, in _cached_call\n",
      "    return cache[method]\n",
      "KeyError: 'decision_function'\n",
      "\n",
      "During handling of the above exception, another exception occurred:\n",
      "\n",
      "Traceback (most recent call last):\n",
      "  File \"/Users/alina/opt/anaconda3/lib/python3.9/site-packages/sklearn/metrics/_scorer.py\", line 355, in _score\n",
      "    y_pred = method_caller(clf, \"decision_function\", X)\n",
      "  File \"/Users/alina/opt/anaconda3/lib/python3.9/site-packages/sklearn/metrics/_scorer.py\", line 73, in _cached_call\n",
      "    result = getattr(estimator, method)(*args, **kwargs)\n",
      "AttributeError: 'LogReg' object has no attribute 'decision_function'\n",
      "\n",
      "During handling of the above exception, another exception occurred:\n",
      "\n",
      "Traceback (most recent call last):\n",
      "  File \"/Users/alina/opt/anaconda3/lib/python3.9/site-packages/sklearn/model_selection/_validation.py\", line 761, in _score\n",
      "    scores = scorer(estimator, X_test, y_test)\n",
      "  File \"/Users/alina/opt/anaconda3/lib/python3.9/site-packages/sklearn/metrics/_scorer.py\", line 103, in __call__\n",
      "    score = scorer._score(cached_call, estimator, *args, **kwargs)\n",
      "  File \"/Users/alina/opt/anaconda3/lib/python3.9/site-packages/sklearn/metrics/_scorer.py\", line 372, in _score\n",
      "    y_pred = self._select_proba_binary(y_pred, clf.classes_)\n",
      "AttributeError: 'LogReg' object has no attribute 'classes_'\n",
      "\n",
      "  warnings.warn(\n"
     ]
    },
    {
     "name": "stdout",
     "output_type": "stream",
     "text": [
      "{'fit_time': array([0.35272408, 0.12940288, 0.46385908, 0.17769098, 0.33734488,\n",
      "       0.2220571 , 0.5081408 , 0.56524205, 0.33002305, 0.36445785]), 'score_time': array([0.00159097, 0.0004909 , 0.00045991, 0.00184703, 0.00047326,\n",
      "       0.00053191, 0.00045991, 0.00053716, 0.00043797, 0.00047493]), 'test_roc_auc': array([nan, nan, nan, nan, nan, nan, nan, nan, nan, nan]), 'train_roc_auc': array([nan, nan, nan, nan, nan, nan, nan, nan, nan, nan]), 'test_average_precision': array([nan, nan, nan, nan, nan, nan, nan, nan, nan, nan]), 'train_average_precision': array([nan, nan, nan, nan, nan, nan, nan, nan, nan, nan])}\n"
     ]
    },
    {
     "name": "stderr",
     "output_type": "stream",
     "text": [
      "/Users/alina/opt/anaconda3/lib/python3.9/site-packages/sklearn/model_selection/_validation.py:770: UserWarning: Scoring failed. The score on this train-test partition for these parameters will be set to nan. Details: \n",
      "Traceback (most recent call last):\n",
      "  File \"/Users/alina/opt/anaconda3/lib/python3.9/site-packages/sklearn/metrics/_scorer.py\", line 71, in _cached_call\n",
      "    return cache[method]\n",
      "KeyError: 'decision_function'\n",
      "\n",
      "During handling of the above exception, another exception occurred:\n",
      "\n",
      "Traceback (most recent call last):\n",
      "  File \"/Users/alina/opt/anaconda3/lib/python3.9/site-packages/sklearn/metrics/_scorer.py\", line 355, in _score\n",
      "    y_pred = method_caller(clf, \"decision_function\", X)\n",
      "  File \"/Users/alina/opt/anaconda3/lib/python3.9/site-packages/sklearn/metrics/_scorer.py\", line 73, in _cached_call\n",
      "    result = getattr(estimator, method)(*args, **kwargs)\n",
      "AttributeError: 'LogReg' object has no attribute 'decision_function'\n",
      "\n",
      "During handling of the above exception, another exception occurred:\n",
      "\n",
      "Traceback (most recent call last):\n",
      "  File \"/Users/alina/opt/anaconda3/lib/python3.9/site-packages/sklearn/model_selection/_validation.py\", line 761, in _score\n",
      "    scores = scorer(estimator, X_test, y_test)\n",
      "  File \"/Users/alina/opt/anaconda3/lib/python3.9/site-packages/sklearn/metrics/_scorer.py\", line 103, in __call__\n",
      "    score = scorer._score(cached_call, estimator, *args, **kwargs)\n",
      "  File \"/Users/alina/opt/anaconda3/lib/python3.9/site-packages/sklearn/metrics/_scorer.py\", line 372, in _score\n",
      "    y_pred = self._select_proba_binary(y_pred, clf.classes_)\n",
      "AttributeError: 'LogReg' object has no attribute 'classes_'\n",
      "\n",
      "  warnings.warn(\n",
      "/Users/alina/opt/anaconda3/lib/python3.9/site-packages/sklearn/model_selection/_validation.py:770: UserWarning: Scoring failed. The score on this train-test partition for these parameters will be set to nan. Details: \n",
      "Traceback (most recent call last):\n",
      "  File \"/Users/alina/opt/anaconda3/lib/python3.9/site-packages/sklearn/metrics/_scorer.py\", line 71, in _cached_call\n",
      "    return cache[method]\n",
      "KeyError: 'decision_function'\n",
      "\n",
      "During handling of the above exception, another exception occurred:\n",
      "\n",
      "Traceback (most recent call last):\n",
      "  File \"/Users/alina/opt/anaconda3/lib/python3.9/site-packages/sklearn/metrics/_scorer.py\", line 355, in _score\n",
      "    y_pred = method_caller(clf, \"decision_function\", X)\n",
      "  File \"/Users/alina/opt/anaconda3/lib/python3.9/site-packages/sklearn/metrics/_scorer.py\", line 73, in _cached_call\n",
      "    result = getattr(estimator, method)(*args, **kwargs)\n",
      "AttributeError: 'LogReg' object has no attribute 'decision_function'\n",
      "\n",
      "During handling of the above exception, another exception occurred:\n",
      "\n",
      "Traceback (most recent call last):\n",
      "  File \"/Users/alina/opt/anaconda3/lib/python3.9/site-packages/sklearn/model_selection/_validation.py\", line 761, in _score\n",
      "    scores = scorer(estimator, X_test, y_test)\n",
      "  File \"/Users/alina/opt/anaconda3/lib/python3.9/site-packages/sklearn/metrics/_scorer.py\", line 103, in __call__\n",
      "    score = scorer._score(cached_call, estimator, *args, **kwargs)\n",
      "  File \"/Users/alina/opt/anaconda3/lib/python3.9/site-packages/sklearn/metrics/_scorer.py\", line 372, in _score\n",
      "    y_pred = self._select_proba_binary(y_pred, clf.classes_)\n",
      "AttributeError: 'LogReg' object has no attribute 'classes_'\n",
      "\n",
      "  warnings.warn(\n"
     ]
    }
   ],
   "source": [
    "#I tried to complete the task using builtin methods, but it seems they cannot be applied \n",
    "#to our custom LogReg function, so I wrote K-fold cross validation myself + calculated ROC-AUC and PR-AUC \n",
    "\n",
    "#from sklearn.model_selection import cross_val_score\n",
    "#from sklearn.model_selection import cross_validate\n",
    "\n",
    "#scores = cross_validate(LogReg_SGD, X_train, y_train, cv=10, scoring=('roc_auc', 'average_precision'), return_train_score=True)\n",
    "\n",
    "#mean_score_roc_auc = cross_val_score(LogReg, X, y, scoring=\"roc_auc\", cv = 10).mean()\n",
    "#std_score_roc_auc = cross_val_score(LogReg, X, y, scoring=\"roc_auc\", cv = 10).std()\n",
    "\n",
    "#mean_score_pr_auc = cross_val_score(LogReg, X, y, scoring=\"average_precision\", cv = 10).mean()\n",
    "#std_score_pr_auc = cross_val_score(LogReg, X, y, scoring=\"average_precision\", cv = 10).std()\n",
    "\n",
    "#print(scores)\n",
    "#print(std_score_roc_auc)\n",
    "\n",
    "#print(mean_score_pr_auc)\n",
    "#print(std_score_pr_auc)\n"
   ]
  },
  {
   "cell_type": "code",
   "execution_count": 274,
   "metadata": {},
   "outputs": [],
   "source": [
    "def scores_count(LogReg, y_test):\n",
    "    Pos = np.count_nonzero(y_test)\n",
    "    Neg = len(y_test) - Pos\n",
    "\n",
    "\n",
    "    tpr_list = []\n",
    "    fpr_list = []\n",
    "\n",
    "    precision_list = []\n",
    "    recall_list = []\n",
    "\n",
    "\n",
    "    negative = 0.0\n",
    "    positive = 1.0\n",
    "\n",
    "    for i in range(1,101):\n",
    "    \n",
    "        y_prediction = LogReg_SGD.predict(X_test, threshold = i/100)\n",
    "    \n",
    "        tp = np.sum(np.logical_and(y_prediction == positive, y_test == positive))\n",
    "        tn = np.sum(np.logical_and(y_prediction == negative, y_test == negative))\n",
    "        fp = np.sum(np.logical_and(y_prediction == positive, y_test == negative))\n",
    "        fn = np.sum(np.logical_and(y_prediction == negative, y_test == positive))\n",
    "    \n",
    "        if np.count_nonzero(y_prediction) !=0:\n",
    "            Precision = tp/(np.count_nonzero(y_prediction))\n",
    "        else:\n",
    "            if tp == 0:\n",
    "                Precision = 1\n",
    "            else:\n",
    "                Precision = 0\n",
    "        \n",
    "        Recall = tp/Pos\n",
    "        precision_list.append(Precision)\n",
    "        recall_list.append(Recall)\n",
    "    \n",
    "        TPR = tp/Pos\n",
    "        FPR = fp/Neg\n",
    "        tpr_list.append(TPR)\n",
    "        fpr_list.append(FPR)\n",
    "        \n",
    "    return tpr_list, fpr_list, precision_list, recall_list"
   ]
  },
  {
   "cell_type": "code",
   "execution_count": 275,
   "metadata": {},
   "outputs": [],
   "source": [
    "from sklearn.model_selection import StratifiedKFold\n",
    "\n",
    "strtfdKFold = StratifiedKFold(n_splits=10)\n",
    "kfold = strtfdKFold.split(X_train, y_train)\n",
    "roc_auc_scores = []\n",
    "pr_auc_scores = []\n",
    "\n",
    "for k, (train, test) in enumerate(kfold):\n",
    "    LogReg_SGD.fit(X_train[train, :], y_train[train])\n",
    "    roc_auc = -np.trapz(scores_count(LogReg_SGD, y_test)[0], x=scores_count(LogReg_SGD, y_test)[1])\n",
    "    pr_auc = -np.trapz(scores_count(LogReg_SGD, y_test)[2], x=scores_count(LogReg_SGD, y_test)[3])\n",
    "    roc_auc_scores.append(roc_auc)\n",
    "    pr_auc_scores.append(pr_auc)"
   ]
  },
  {
   "cell_type": "code",
   "execution_count": 277,
   "metadata": {},
   "outputs": [
    {
     "name": "stdout",
     "output_type": "stream",
     "text": [
      "ROC-AUC MEAN:  0.3383333333333333\n",
      "ROC-AUC STD:  0.10820280598127861\n",
      "PR-AUC MEAN:  0.5540953345746733\n",
      "PR-AUC STD:  0.08668435346119219\n"
     ]
    }
   ],
   "source": [
    "roc_auc_mean = np.mean(roc_auc_scores)\n",
    "roc_auc_std = np.std(roc_auc_scores)\n",
    "pr_auc_mean = np.mean(pr_auc_scores)\n",
    "pr_auc_std = np.std(pr_auc_scores)\n",
    "\n",
    "print(\"ROC-AUC MEAN: \", roc_auc_mean)\n",
    "print(\"ROC-AUC STD: \", roc_auc_std)\n",
    "print(\"PR-AUC MEAN: \", pr_auc_mean)\n",
    "print(\"PR-AUC STD: \", pr_auc_std)\n"
   ]
  },
  {
   "cell_type": "code",
   "execution_count": null,
   "metadata": {},
   "outputs": [],
   "source": []
  }
 ],
 "metadata": {
  "kernelspec": {
   "display_name": "Python 3 (ipykernel)",
   "language": "python",
   "name": "python3"
  },
  "language_info": {
   "codemirror_mode": {
    "name": "ipython",
    "version": 3
   },
   "file_extension": ".py",
   "mimetype": "text/x-python",
   "name": "python",
   "nbconvert_exporter": "python",
   "pygments_lexer": "ipython3",
   "version": "3.9.7"
  }
 },
 "nbformat": 4,
 "nbformat_minor": 4
}
